{"action":27,"origin":"ac70","date":"2023-05-27T15:54:12","phones":[],"objects":[],"characters":[],"vehicles":[],"interiors":[],"accounts":[70],"content":"Conectado desde 192.168.0.26 - DDE205C7B68B367AC31873DC89AD7E62","factions":[]}
{"action":27,"origin":"ac70","date":"2023-05-27T15:55:45","phones":[],"objects":[],"characters":[91],"vehicles":[],"interiors":[],"accounts":[70],"content":"Created","factions":[]}
{"action":27,"origin":"ac70","date":"2023-05-27T15:55:56","phones":[],"objects":[],"characters":[91],"vehicles":[],"interiors":[],"accounts":[70],"content":"Spawned","factions":[]}
{"action":31,"origin":"ch91","date":"2023-05-27T16:04:14","phones":[],"objects":[],"characters":[91],"vehicles":[],"interiors":[263],"accounts":[],"content":"ENTERED","factions":[]}
{"action":31,"origin":"ch91","date":"2023-05-27T16:04:20","phones":[],"objects":[],"characters":[91],"vehicles":[],"interiors":[263],"accounts":[],"content":"EXITED","factions":[]}
{"action":31,"origin":"ch91","date":"2023-05-27T16:04:31","phones":[],"objects":[],"characters":[91],"vehicles":[],"interiors":[271],"accounts":[],"content":"ENTERED","factions":[]}
{"action":27,"origin":"ac70","date":"2023-05-27T16:05:57","phones":[],"objects":[],"characters":[91],"vehicles":[],"interiors":[],"accounts":[70],"content":"Disconnected (Quit) (Name: Martin_Dreko)","factions":[]}
{"action":27,"origin":"ac70","date":"2023-05-27T16:06:52","phones":[],"objects":[],"characters":[],"vehicles":[],"interiors":[],"accounts":[70],"content":"Conectado desde 192.168.0.26 - DDE205C7B68B367AC31873DC89AD7E62","factions":[]}
{"action":27,"origin":"ac70","date":"2023-05-27T16:09:25","phones":[],"objects":[],"characters":[91],"vehicles":[],"interiors":[],"accounts":[70],"content":"Spawned","factions":[]}
{"action":31,"origin":"ch91","date":"2023-05-27T16:10:00","phones":[],"objects":[],"characters":[91],"vehicles":[],"interiors":[271],"accounts":[],"content":"ENTERED","factions":[]}
{"action":31,"origin":"ch91","date":"2023-05-27T16:11:28","phones":[],"objects":[],"characters":[91],"vehicles":[],"interiors":[360],"accounts":[],"content":"ENTERED","factions":[]}
{"action":31,"origin":"ch91","date":"2023-05-27T16:11:56","phones":[],"objects":[],"characters":[91],"vehicles":[],"interiors":[360],"accounts":[],"content":"EXITED","factions":[]}
{"action":31,"origin":"ch91","date":"2023-05-27T16:12:47","phones":[],"objects":[],"characters":[91],"vehicles":[],"interiors":[376],"accounts":[],"content":"ENTERED","factions":[]}
{"action":31,"origin":"ch91","date":"2023-05-27T16:31:45","phones":[],"objects":[],"characters":[91],"vehicles":[],"interiors":[376],"accounts":[],"content":"EXITED","factions":[]}
{"action":31,"origin":"ch91","date":"2023-05-27T16:36:49","phones":[],"objects":[],"characters":[91],"vehicles":[],"interiors":[262],"accounts":[],"content":"ENTERED","factions":[]}
{"action":31,"origin":"ch91","date":"2023-05-27T16:39:39","phones":[],"objects":[],"characters":[91],"vehicles":[],"interiors":[262],"accounts":[],"content":"EXITED","factions":[]}
{"action":31,"origin":"ch91","date":"2023-05-27T16:40:20","phones":[],"objects":[],"characters":[91],"vehicles":[],"interiors":[382],"accounts":[],"content":"ENTERED","factions":[]}
{"action":31,"origin":"ch91","date":"2023-05-27T16:40:27","phones":[],"objects":[],"characters":[91],"vehicles":[],"interiors":[382],"accounts":[],"content":"ENTERED","factions":[]}
{"action":4,"origin":"ch91","date":"2023-05-27T16:40:55","phones":[],"objects":[],"characters":[91],"vehicles":[],"interiors":[],"accounts":[],"content":"GIVEITEM GPS portable 1","factions":[]}
{"action":6,"origin":"ch91","date":"2023-05-27T16:41:37","phones":[],"objects":[],"characters":[91],"vehicles":[55],"interiors":[],"accounts":[],"content":"FIXVEH","factions":[]}
{"action":4,"origin":"ch91","date":"2023-05-27T16:46:53","phones":[],"objects":[],"characters":[91],"vehicles":[],"interiors":[],"accounts":[],"content":"GIVEWEAPON M4 mp9ZOo9ZN80ZmHbY08cq0V","factions":[]}
{"action":4,"origin":"ch91","date":"2023-05-27T16:47:38","phones":[],"objects":[],"characters":[91],"vehicles":[],"interiors":[],"accounts":[],"content":"GIVEITEM 5.56mm (50 rounds, serial: 'mt9ZOo9ZN8QMmHbY08cq0V').","factions":[]}
{"action":4,"origin":"ch91","date":"2023-05-27T16:47:39","phones":[],"objects":[],"characters":[91],"vehicles":[],"interiors":[],"accounts":[],"content":"GIVEITEM 5.56mm (50 rounds, serial: 'OF9ZOo9ZN8WMmHbY08cq0V').","factions":[]}
{"action":4,"origin":"ch91","date":"2023-05-27T16:47:40","phones":[],"objects":[],"characters":[91],"vehicles":[],"interiors":[],"accounts":[],"content":"GIVEITEM 5.56mm (50 rounds, serial: 'Oo9ZOo9ZN8cwmHbY08cq0V').","factions":[]}
{"action":40,"origin":"ch91","date":"2023-05-27T16:47:51","phones":[],"objects":[],"characters":[91],"vehicles":[],"interiors":[],"accounts":[],"content":"Martin Dreko reloads his M4.","factions":[]}
{"action":40,"origin":"ch91","date":"2023-05-27T16:49:06","phones":[],"objects":[],"characters":[91],"vehicles":[],"interiors":[],"accounts":[],"content":"Martin Dreko se abrocha el cinturón de seguridad.","factions":[]}
{"action":40,"origin":"ch91","date":"2023-05-27T16:49:23","phones":[],"objects":[],"characters":[91],"vehicles":[],"interiors":[],"accounts":[],"content":"Martin Dreko se desabrocha el cinturón de seguridad.","factions":[]}
{"action":6,"origin":"ch91","date":"2023-05-27T16:50:36","phones":[],"objects":[],"characters":[],"vehicles":[258],"interiors":[],"accounts":[],"content":"getveh","factions":[]}
{"action":40,"origin":"ch91","date":"2023-05-27T16:50:49","phones":[],"objects":[],"characters":[91],"vehicles":[],"interiors":[],"accounts":[],"content":"Martin Dreko rolls their windows down.","factions":[]}
{"action":40,"origin":"ch91","date":"2023-05-27T16:50:52","phones":[],"objects":[],"characters":[91],"vehicles":[],"interiors":[],"accounts":[],"content":"Martin Dreko se abrocha el cinturón de seguridad.","factions":[]}
{"action":40,"origin":"ch91","date":"2023-05-27T16:51:31","phones":[],"objects":[],"characters":[91],"vehicles":[],"interiors":[],"accounts":[],"content":"Martin Dreko se desabrocha el cinturón de seguridad.","factions":[]}
{"action":40,"origin":"ch91","date":"2023-05-27T16:51:33","phones":[],"objects":[],"characters":[91],"vehicles":[],"interiors":[],"accounts":[],"content":"Martin Dreko presses on the key to lock the vehicle. ((2012 Carge Behh))","factions":[]}
{"action":31,"origin":"ch91","date":"2023-05-27T16:51:33","phones":[],"objects":[],"characters":[],"vehicles":[258],"interiors":[],"accounts":[],"content":"LOCK FROM OUTSIDE","factions":[]}
{"action":31,"origin":"ch91","date":"2023-05-27T16:51:37","phones":[],"objects":[],"characters":[91],"vehicles":[],"interiors":[401],"accounts":[],"content":"ENTERED","factions":[]}
{"action":40,"origin":"ch91","date":"2023-05-27T16:53:37","phones":[],"objects":[],"characters":[91],"vehicles":[],"interiors":[],"accounts":[],"content":"Martin Dreko presses on the key to lock the vehicle. ((2012 Ford DAKAR))","factions":[]}
{"action":31,"origin":"ch91","date":"2023-05-27T16:53:37","phones":[],"objects":[],"characters":[],"vehicles":[261],"interiors":[],"accounts":[],"content":"LOCK FROM OUTSIDE","factions":[]}
{"action":40,"origin":"ch91","date":"2023-05-27T16:53:40","phones":[],"objects":[],"characters":[91],"vehicles":[],"interiors":[],"accounts":[],"content":"Martin Dreko presses on the key to unlock the vehicle. ((2012 Ford DAKAR))","factions":[]}
{"action":31,"origin":"ch91","date":"2023-05-27T16:53:40","phones":[],"objects":[],"characters":[],"vehicles":[261],"interiors":[],"accounts":[],"content":"UNLOCK FROM OUTSIDE","factions":[]}
{"action":31,"origin":"ch91","date":"2023-05-27T16:53:46","phones":[],"objects":[],"characters":[91],"vehicles":[261],"interiors":[],"accounts":[],"content":"STARTED ENGINE","factions":[]}
{"action":40,"origin":"ch91","date":"2023-05-27T16:53:52","phones":[],"objects":[],"characters":[91],"vehicles":[],"interiors":[],"accounts":[],"content":"Martin Dreko rolls their windows down.","factions":[]}
{"action":40,"origin":"ch91","date":"2023-05-27T16:53:53","phones":[],"objects":[],"characters":[91],"vehicles":[],"interiors":[],"accounts":[],"content":"Martin Dreko rolls their windows up.","factions":[]}
{"action":40,"origin":"ch91","date":"2023-05-27T16:53:58","phones":[],"objects":[],"characters":[91],"vehicles":[],"interiors":[],"accounts":[],"content":"Martin Dreko se abrocha el cinturón de seguridad.","factions":[]}
{"action":31,"origin":"ch91","date":"2023-05-27T16:54:05","phones":[],"objects":[],"characters":[91],"vehicles":[261],"interiors":[401],"accounts":[],"content":"ENTERED\/EXITED","factions":[]}
{"action":40,"origin":"ch91","date":"2023-05-27T16:54:08","phones":[],"objects":[],"characters":[91],"vehicles":[],"interiors":[],"accounts":[],"content":"Martin Dreko se desabrocha el cinturón de seguridad.","factions":[]}
{"action":40,"origin":"ch91","date":"2023-05-27T16:55:11","phones":[],"objects":[],"characters":[91],"vehicles":[],"interiors":[],"accounts":[],"content":"Martin Dreko presses on the key to lock the vehicle. ((2012 Ford DAKAR))","factions":[]}
{"action":31,"origin":"ch91","date":"2023-05-27T16:55:11","phones":[],"objects":[],"characters":[],"vehicles":[261],"interiors":[],"accounts":[],"content":"LOCK FROM OUTSIDE","factions":[]}
{"action":31,"origin":"ch91","date":"2023-05-27T16:55:24","phones":[],"objects":[],"characters":[91],"vehicles":[],"interiors":[396],"accounts":[],"content":"ENTERED","factions":[]}
{"action":31,"origin":"ch91","date":"2023-05-27T16:56:55","phones":[],"objects":[],"characters":[91],"vehicles":[],"interiors":[396],"accounts":[],"content":"EXITED","factions":[]}
{"action":40,"origin":"ch91","date":"2023-05-27T16:57:20","phones":[],"objects":[],"characters":[91],"vehicles":[],"interiors":[],"accounts":[],"content":"Martin Dreko presses on the key to unlock the vehicle. ((2012 Ford DAKAR))","factions":[]}
{"action":31,"origin":"ch91","date":"2023-05-27T16:57:20","phones":[],"objects":[],"characters":[],"vehicles":[261],"interiors":[],"accounts":[],"content":"UNLOCK FROM OUTSIDE","factions":[]}
{"action":31,"origin":"ch91","date":"2023-05-27T16:57:26","phones":[],"objects":[],"characters":[91],"vehicles":[261],"interiors":[],"accounts":[],"content":"STARTED ENGINE","factions":[]}
{"action":40,"origin":"ch91","date":"2023-05-27T16:57:29","phones":[],"objects":[],"characters":[91],"vehicles":[],"interiors":[],"accounts":[],"content":"Martin Dreko se abrocha el cinturón de seguridad.","factions":[]}
{"action":40,"origin":"ch91","date":"2023-05-27T17:01:16","phones":[],"objects":[],"characters":[91],"vehicles":[],"interiors":[],"accounts":[],"content":"Martin Dreko se desabrocha el cinturón de seguridad.","factions":[]}
{"action":40,"origin":"ch91","date":"2023-05-27T17:01:17","phones":[],"objects":[],"characters":[91],"vehicles":[],"interiors":[],"accounts":[],"content":"Martin Dreko presses on the key to lock the vehicle. ((2012 Ford DAKAR))","factions":[]}
{"action":31,"origin":"ch91","date":"2023-05-27T17:01:17","phones":[],"objects":[],"characters":[],"vehicles":[261],"interiors":[],"accounts":[],"content":"LOCK FROM OUTSIDE","factions":[]}
{"action":40,"origin":"ch91","date":"2023-05-27T17:01:24","phones":[],"objects":[],"characters":[91],"vehicles":[],"interiors":[],"accounts":[],"content":"Martin Dreko presses on the key to unlock the vehicle. ((2012 Ford DAKAR))","factions":[]}
{"action":31,"origin":"ch91","date":"2023-05-27T17:01:24","phones":[],"objects":[],"characters":[],"vehicles":[261],"interiors":[],"accounts":[],"content":"UNLOCK FROM OUTSIDE","factions":[]}
{"action":40,"origin":"ch91","date":"2023-05-27T17:01:36","phones":[],"objects":[],"characters":[91],"vehicles":[],"interiors":[],"accounts":[],"content":"Martin Dreko se abrocha el cinturón de seguridad.","factions":[]}
{"action":40,"origin":"ch91","date":"2023-05-27T17:03:12","phones":[],"objects":[],"characters":[91],"vehicles":[],"interiors":[],"accounts":[],"content":"Martin Dreko se desabrocha el cinturón de seguridad.","factions":[]}
{"action":31,"origin":"ch91","date":"2023-05-27T17:03:48","phones":[],"objects":[],"characters":[91],"vehicles":[],"interiors":[366],"accounts":[],"content":"ENTERED","factions":[]}
{"action":31,"origin":"ch91","date":"2023-05-27T17:04:13","phones":[],"objects":[],"characters":[91],"vehicles":[],"interiors":[366],"accounts":[],"content":"EXITED","factions":[]}
{"action":40,"origin":"ch91","date":"2023-05-27T17:04:26","phones":[],"objects":[],"characters":[91],"vehicles":[],"interiors":[],"accounts":[],"content":"Martin Dreko presses on the key to lock the vehicle. ((2012 Ford DAKAR))","factions":[]}
{"action":31,"origin":"ch91","date":"2023-05-27T17:04:26","phones":[],"objects":[],"characters":[],"vehicles":[261],"interiors":[],"accounts":[],"content":"LOCK FROM OUTSIDE","factions":[]}
{"action":40,"origin":"ch91","date":"2023-05-27T17:04:28","phones":[],"objects":[],"characters":[91],"vehicles":[],"interiors":[],"accounts":[],"content":"Martin Dreko presses on the key to unlock the vehicle. ((2012 Ford DAKAR))","factions":[]}
{"action":31,"origin":"ch91","date":"2023-05-27T17:04:28","phones":[],"objects":[],"characters":[],"vehicles":[261],"interiors":[],"accounts":[],"content":"UNLOCK FROM OUTSIDE","factions":[]}
{"action":40,"origin":"ch91","date":"2023-05-27T17:04:34","phones":[],"objects":[],"characters":[91],"vehicles":[],"interiors":[],"accounts":[],"content":"Martin Dreko se abrocha el cinturón de seguridad.","factions":[]}
{"action":40,"origin":"ch91","date":"2023-05-27T17:05:47","phones":[],"objects":[],"characters":[91],"vehicles":[],"interiors":[],"accounts":[],"content":"Martin Dreko se desabrocha el cinturón de seguridad.","factions":[]}
{"action":40,"origin":"ch91","date":"2023-05-27T17:05:48","phones":[],"objects":[],"characters":[91],"vehicles":[],"interiors":[],"accounts":[],"content":"Martin Dreko presses on the key to lock the vehicle. ((2012 Ford DAKAR))","factions":[]}
{"action":31,"origin":"ch91","date":"2023-05-27T17:05:48","phones":[],"objects":[],"characters":[],"vehicles":[261],"interiors":[],"accounts":[],"content":"LOCK FROM OUTSIDE","factions":[]}
{"action":6,"origin":"ch91","date":"2023-05-27T17:07:18","phones":[],"objects":[],"characters":[],"vehicles":[240],"interiors":[],"accounts":[],"content":"gotocar","factions":[]}
{"action":6,"origin":"ch91","date":"2023-05-27T17:08:19","phones":[],"objects":[],"characters":[],"vehicles":[181],"interiors":[],"accounts":[],"content":"gotocar","factions":[]}
{"action":6,"origin":"ch91","date":"2023-05-27T17:08:26","phones":[],"objects":[],"characters":[],"vehicles":[194],"interiors":[],"accounts":[],"content":"gotocar","factions":[]}
{"action":6,"origin":"ch91","date":"2023-05-27T17:08:54","phones":[],"objects":[],"characters":[],"vehicles":[55],"interiors":[],"accounts":[],"content":"gotocar","factions":[]}
{"action":6,"origin":"ch91","date":"2023-05-27T17:09:04","phones":[],"objects":[],"characters":[],"vehicles":[294],"interiors":[],"accounts":[],"content":"gotocar","factions":[]}
{"action":6,"origin":"ch91","date":"2023-05-27T17:09:34","phones":[],"objects":[],"characters":[],"vehicles":[282],"interiors":[],"accounts":[],"content":"gotocar","factions":[]}
{"action":6,"origin":"ch91","date":"2023-05-27T17:10:11","phones":[],"objects":[],"characters":[],"vehicles":[268],"interiors":[],"accounts":[],"content":"gotocar","factions":[]}
{"action":6,"origin":"ch91","date":"2023-05-27T17:10:16","phones":[],"objects":[],"characters":[],"vehicles":[289],"interiors":[],"accounts":[],"content":"gotocar","factions":[]}
{"action":31,"origin":"ch91","date":"2023-05-27T17:15:06","phones":[],"objects":[],"characters":[91],"vehicles":[],"interiors":[98],"accounts":[],"content":"ENTERED","factions":[]}
{"action":31,"origin":"ch91","date":"2023-05-27T17:15:17","phones":[],"objects":[],"characters":[91],"vehicles":[],"interiors":[98],"accounts":[],"content":"EXITED","factions":[]}
{"action":31,"origin":"ch91","date":"2023-05-27T17:16:03","phones":[],"objects":[],"characters":[91],"vehicles":[],"interiors":[98],"accounts":[],"content":"ENTERED","factions":[]}
{"action":31,"origin":"ch91","date":"2023-05-27T17:16:27","phones":[],"objects":[],"characters":[91],"vehicles":[],"interiors":[98],"accounts":[],"content":"EXITED","factions":[]}
{"action":40,"origin":"ch91","date":"2023-05-27T17:17:24","phones":[],"objects":[],"characters":[91],"vehicles":[],"interiors":[],"accounts":[],"content":"Martin Dreko presses on the key to lock the vehicle. ((2012 Ford DAKAR))","factions":[]}
{"action":31,"origin":"ch91","date":"2023-05-27T17:17:24","phones":[],"objects":[],"characters":[],"vehicles":[38],"interiors":[],"accounts":[],"content":"LOCK FROM OUTSIDE","factions":[]}
{"action":40,"origin":"ch91","date":"2023-05-27T17:17:25","phones":[],"objects":[],"characters":[91],"vehicles":[],"interiors":[],"accounts":[],"content":"Martin Dreko presses on the key to unlock the vehicle. ((2012 Ford DAKAR))","factions":[]}
{"action":31,"origin":"ch91","date":"2023-05-27T17:17:25","phones":[],"objects":[],"characters":[],"vehicles":[38],"interiors":[],"accounts":[],"content":"UNLOCK FROM OUTSIDE","factions":[]}
{"action":40,"origin":"ch91","date":"2023-05-27T17:23:17","phones":[],"objects":[],"characters":[91],"vehicles":[],"interiors":[],"accounts":[],"content":"Martin Dreko se abrocha el cinturón de seguridad.","factions":[]}
{"action":40,"origin":"ch91","date":"2023-05-27T17:26:00","phones":[],"objects":[],"characters":[91],"vehicles":[],"interiors":[],"accounts":[],"content":"Martin Dreko se desabrocha el cinturón de seguridad.","factions":[]}
{"action":27,"origin":"ac70","date":"2023-05-27T17:27:41","phones":[],"objects":[],"characters":[91],"vehicles":[],"interiors":[],"accounts":[70],"content":"Disconnected (Quit) (Name: Martin_Dreko)","factions":[]}
