{"action":27,"origin":"ac70","date":"2023-07-17T01:37:12","phones":[],"objects":[],"characters":[],"vehicles":[],"interiors":[],"accounts":[70],"content":"Conectado desde 192.168.0.25 - 37815527FD47AAD85E392E449B2DF702","factions":[]}
{"action":27,"origin":"ac70","date":"2023-07-17T01:37:25","phones":[],"objects":[],"characters":[91],"vehicles":[],"interiors":[],"accounts":[70],"content":"Created","factions":[]}
{"action":27,"origin":"ac70","date":"2023-07-17T01:37:26","phones":[],"objects":[],"characters":[91],"vehicles":[],"interiors":[],"accounts":[70],"content":"Spawned","factions":[]}
{"action":27,"origin":"ac70","date":"2023-07-17T01:49:23","phones":[],"objects":[],"characters":[91],"vehicles":[],"interiors":[],"accounts":[70],"content":"Disconnected (Quit) (Name: Martin_Dreko)","factions":[]}
{"action":27,"origin":"ac70","date":"2023-07-17T01:51:48","phones":[],"objects":[],"characters":[],"vehicles":[],"interiors":[],"accounts":[70],"content":"Conectado desde 26.92.0.185 - 37815527FD47AAD85E392E449B2DF702","factions":[]}
{"action":27,"origin":"ac70","date":"2023-07-17T01:51:56","phones":[],"objects":[],"characters":[91],"vehicles":[],"interiors":[],"accounts":[70],"content":"Spawned","factions":[]}
{"action":27,"origin":"ac71","date":"2023-07-17T02:03:37","phones":[],"objects":[],"characters":[],"vehicles":[],"interiors":[],"accounts":[71],"content":"Conectado desde 26.76.81.203 - 369B0750F52AD2908BB39A28005345B3","factions":[]}
{"action":4,"origin":"ch91","date":"2023-07-17T02:04:24","phones":[],"objects":[],"characters":[91],"vehicles":[],"interiors":[],"accounts":[],"content":"GIVEWEAPON AK-47 mp9ZOo9ZN8hw0v58m8hq0V","factions":[]}
{"action":4,"origin":"ch91","date":"2023-07-17T02:04:32","phones":[],"objects":[],"characters":[91],"vehicles":[],"interiors":[],"accounts":[],"content":"GIVEITEM 7.62mm (3 rounds, serial: 'mt9ZOo9ZN8gq0v58m8hq0V').","factions":[]}
{"action":4,"origin":"ch91","date":"2023-07-17T02:04:40","phones":[],"objects":[],"characters":[91],"vehicles":[],"interiors":[],"accounts":[],"content":"GIVEITEM 7.62mm (30 rounds, serial: 'OF9ZOo9ZN8cY0v58m8hq0V').","factions":[]}
{"action":40,"origin":"ch91","date":"2023-07-17T02:04:45","phones":[],"objects":[],"characters":[91],"vehicles":[],"interiors":[],"accounts":[],"content":"Martin Dreko reloads his AK-47.","factions":[]}
{"action":27,"origin":"ac71","date":"2023-07-17T02:05:21","phones":[],"objects":[],"characters":[92],"vehicles":[],"interiors":[],"accounts":[71],"content":"Created","factions":[]}
{"action":27,"origin":"ac71","date":"2023-07-17T02:05:21","phones":[],"objects":[],"characters":[92],"vehicles":[],"interiors":[],"accounts":[71],"content":"Spawned","factions":[]}
{"action":13,"origin":"ch91","date":"2023-07-17T02:05:40","phones":[],"objects":[],"characters":[91,92],"vehicles":[],"interiors":[],"accounts":[],"content":"Se escucharía una serie de fuertes disparos de fusil, que resuenan en los alrededores","factions":[]}
{"action":40,"origin":"ch92","date":"2023-07-17T02:05:40","phones":[],"objects":[],"characters":[91,92],"vehicles":[],"interiors":[],"accounts":[],"content":"Webo Salvaje's right arm was hit.","factions":[]}
{"action":39,"origin":"ch91","date":"2023-07-17T02:05:41","phones":[],"objects":[],"characters":[91],"vehicles":[],"interiors":[],"accounts":[],"content":"Martin_Dreko -> ~World #5255 - Carcasa de la cáscara - 3 casings of 7.62mm @ (292.86887, -64.409523, 0.578125) in (int 0, dim 0)","factions":[]}
{"action":4,"origin":"ch91","date":"2023-07-17T02:05:51","phones":[],"objects":[],"characters":[92],"vehicles":[],"interiors":[],"accounts":[],"content":"AHEAL 100","factions":[]}
{"action":40,"origin":"ch91","date":"2023-07-17T02:05:54","phones":[],"objects":[],"characters":[91,92],"vehicles":[],"interiors":[],"accounts":[],"content":"Martin Dreko reloads his AK-47.","factions":[]}
{"action":39,"origin":"ch91","date":"2023-07-17T02:06:18","phones":[],"objects":[],"characters":[91],"vehicles":[],"interiors":[],"accounts":[],"content":"Martin_Dreko -> ~World #5256 - Carcasa de la cáscara - 2 casings of 7.62mm @ (322.11807, -44.988644, 0.56577229) in (int 0, dim 0)","factions":[]}
{"action":4,"origin":"ch91","date":"2023-07-17T02:06:41","phones":[],"objects":[],"characters":[92],"vehicles":[],"interiors":[],"accounts":[],"content":"GIVEMONEY 500000","factions":[]}
{"action":4,"origin":"ch91","date":"2023-07-17T02:06:59","phones":[],"objects":[],"characters":[91],"vehicles":[],"interiors":[],"accounts":[],"content":"GIVEMONEY 500000","factions":[]}
{"action":27,"origin":"ac70","date":"2023-07-17T02:07:52","phones":[],"objects":[],"characters":[91],"vehicles":[],"interiors":[],"accounts":[70],"content":"Disconnected (Quit) (Name: Martin_Dreko)","factions":[]}
{"action":27,"origin":"ac70","date":"2023-07-17T02:08:22","phones":[],"objects":[],"characters":[],"vehicles":[],"interiors":[],"accounts":[70],"content":"Conectado desde 26.92.0.185 - 37815527FD47AAD85E392E449B2DF702","factions":[]}
{"action":27,"origin":"ac70","date":"2023-07-17T02:08:28","phones":[],"objects":[],"characters":[91],"vehicles":[],"interiors":[],"accounts":[70],"content":"Spawned","factions":[]}
{"action":4,"origin":"ch91","date":"2023-07-17T02:08:55","phones":[],"objects":[],"characters":[91],"vehicles":[],"interiors":[],"accounts":[],"content":"RESETCARSHOP","factions":[]}
{"action":6,"origin":"ch92","date":"2023-07-17T02:09:15","phones":[],"objects":[],"characters":[],"vehicles":[303],"interiors":[],"accounts":[],"content":"BOUGHTNEWCAR Sultan (Custom Model ID #21, Price: $54,500)","factions":[]}
{"action":40,"origin":"ch92","date":"2023-07-17T02:09:18","phones":[],"objects":[],"characters":[92,91],"vehicles":[],"interiors":[],"accounts":[],"content":"Webo Salvaje presses on the key to unlock the vehicle. ((2017 Subaru Impreza WRX STI))","factions":[]}
{"action":31,"origin":"ch92","date":"2023-07-17T02:09:18","phones":[],"objects":[],"characters":[],"vehicles":[303],"interiors":[],"accounts":[],"content":"UNLOCK FROM OUTSIDE","factions":[]}
{"action":31,"origin":"ch92","date":"2023-07-17T02:09:25","phones":[],"objects":[],"characters":[92],"vehicles":[303],"interiors":[],"accounts":[],"content":"STARTED ENGINE","factions":[]}
{"action":4,"origin":"ch91","date":"2023-07-17T02:09:32","phones":[],"objects":[],"characters":[91],"vehicles":[],"interiors":[],"accounts":[],"content":"RESETCARSHOP","factions":[]}
{"action":4,"origin":"ch91","date":"2023-07-17T02:09:37","phones":[],"objects":[],"characters":[91],"vehicles":[],"interiors":[],"accounts":[],"content":"RESETCARSHOP","factions":[]}
{"action":4,"origin":"ch91","date":"2023-07-17T02:09:40","phones":[],"objects":[],"characters":[91],"vehicles":[],"interiors":[],"accounts":[],"content":"RESETCARSHOP","factions":[]}
{"action":4,"origin":"ch91","date":"2023-07-17T02:09:41","phones":[],"objects":[],"characters":[91],"vehicles":[],"interiors":[],"accounts":[],"content":"RESETCARSHOP","factions":[]}
{"action":6,"origin":"ch91","date":"2023-07-17T02:09:49","phones":[],"objects":[],"characters":[],"vehicles":[304],"interiors":[],"accounts":[],"content":"BOUGHTNEWCAR Landstalker (Custom Model ID #32, Price: $125,000)","factions":[]}
{"action":40,"origin":"ch91","date":"2023-07-17T02:09:51","phones":[],"objects":[],"characters":[91],"vehicles":[],"interiors":[],"accounts":[],"content":"Martin Dreko presses on the key to unlock the vehicle. ((2018 Mercedez AMG V12))","factions":[]}
{"action":31,"origin":"ch91","date":"2023-07-17T02:09:51","phones":[],"objects":[],"characters":[],"vehicles":[304],"interiors":[],"accounts":[],"content":"UNLOCK FROM OUTSIDE","factions":[]}
{"action":31,"origin":"ch91","date":"2023-07-17T02:09:55","phones":[],"objects":[],"characters":[91],"vehicles":[304],"interiors":[],"accounts":[],"content":"STARTED ENGINE","factions":[]}
{"action":6,"origin":"ch91","date":"2023-07-17T02:11:10","phones":[],"objects":[],"characters":[91],"vehicles":[304],"interiors":[],"accounts":[],"content":"FIXVEH","factions":[]}
{"action":13,"origin":"ch91","date":"2023-07-17T02:11:15","phones":[],"objects":[],"characters":[92,91],"vehicles":[],"interiors":[],"accounts":[],"content":"Se escucharía una serie de fuertes disparos de fusil, que resuenan en los alrededores","factions":[]}
{"action":39,"origin":"ch91","date":"2023-07-17T02:11:18","phones":[],"objects":[],"characters":[91],"vehicles":[],"interiors":[],"accounts":[],"content":"Martin_Dreko -> ~World #5257 - Carcasa de la cáscara - 19 casings of 7.62mm @ (323.4711, -66.028885, 0.578125) in (int 0, dim 0)","factions":[]}
{"action":6,"origin":"ch91","date":"2023-07-17T02:11:32","phones":[],"objects":[],"characters":[92],"vehicles":[303],"interiors":[],"accounts":[],"content":"FIXVEH","factions":[]}
{"action":4,"origin":"ch91","date":"2023-07-17T02:12:15","phones":[],"objects":[],"characters":[91],"vehicles":[],"interiors":[],"accounts":[],"content":"GIVEITEM GPS portable 1","factions":[]}
{"action":4,"origin":"ch91","date":"2023-07-17T02:12:18","phones":[],"objects":[],"characters":[92],"vehicles":[],"interiors":[],"accounts":[],"content":"GIVEITEM GPS portable 1","factions":[]}
{"action":13,"origin":"ch91","date":"2023-07-17T02:13:03","phones":[],"objects":[],"characters":[92,91],"vehicles":[],"interiors":[],"accounts":[],"content":"Se escucharía una serie de fuertes disparos de fusil, que resuenan en los alrededores","factions":[]}
{"action":40,"origin":"ch92","date":"2023-07-17T02:13:03","phones":[],"objects":[],"characters":[92,91],"vehicles":[],"interiors":[],"accounts":[],"content":"Webo Salvaje's head was blown off.","factions":[]}
{"action":34,"origin":"ch92","date":"2023-07-17T02:13:03","phones":[],"objects":[],"characters":[92,91],"vehicles":[],"interiors":[],"accounts":[],"content":" got killed by Martin Dreko (AK-47)","factions":[]}
{"action":39,"origin":"ch91","date":"2023-07-17T02:13:04","phones":[],"objects":[],"characters":[91],"vehicles":[],"interiors":[],"accounts":[],"content":"Martin_Dreko -> ~World #5258 - Carcasa de la cáscara - 7.62mm casing @ (96.621353, -234.64378, 0.578125) in (int 0, dim 0)","factions":[]}
{"action":4,"origin":"ch91","date":"2023-07-17T02:13:08","phones":[],"objects":[],"characters":[92],"vehicles":[],"interiors":[],"accounts":[],"content":"REVIVED from PK","factions":[]}
{"action":39,"origin":"ch91","date":"2023-07-17T02:13:48","phones":[],"objects":[],"characters":[91],"vehicles":[],"interiors":[],"accounts":[],"content":"Martin_Dreko -> ~World #5259 - Carcasa de la cáscara - 8 casings of 7.62mm @ (91.950943, -230.57124, 0.578125) in (int 0, dim 0)","factions":[]}
{"action":6,"origin":"ch91","date":"2023-07-17T02:14:41","phones":[],"objects":[],"characters":[91],"vehicles":[],"interiors":[],"accounts":[],"content":"VEH 28 created with ID -1","factions":[]}
{"action":31,"origin":"ch91","date":"2023-07-17T02:14:51","phones":[],"objects":[],"characters":[91],"vehicles":[-1],"interiors":[],"accounts":[],"content":"STARTED ENGINE","factions":[]}
{"action":6,"origin":"ch91","date":"2023-07-17T02:15:38","phones":[],"objects":[],"characters":[91],"vehicles":[],"interiors":[],"accounts":[],"content":"VEH 76 created with ID -2","factions":[]}
{"action":6,"origin":"ch91","date":"2023-07-17T02:15:54","phones":[],"objects":[],"characters":[91],"vehicles":[],"interiors":[],"accounts":[],"content":"VEH 13 created with ID -3","factions":[]}
{"action":31,"origin":"ch92","date":"2023-07-17T02:16:50","phones":[],"objects":[],"characters":[92],"vehicles":[-1],"interiors":[],"accounts":[],"content":"STARTED ENGINE","factions":[]}
{"action":6,"origin":"ch91","date":"2023-07-17T02:16:51","phones":[],"objects":[],"characters":[91],"vehicles":[],"interiors":[],"accounts":[],"content":"VEH 88 created with ID -4","factions":[]}
{"action":6,"origin":"ch91","date":"2023-07-17T02:17:38","phones":[],"objects":[],"characters":[91],"vehicles":[],"interiors":[],"accounts":[],"content":"VEH 14 created with ID -5","factions":[]}
{"action":31,"origin":"ch91","date":"2023-07-17T02:17:47","phones":[],"objects":[],"characters":[91],"vehicles":[-5],"interiors":[],"accounts":[],"content":"STARTED ENGINE","factions":[]}
{"action":6,"origin":"ch91","date":"2023-07-17T02:18:02","phones":[],"objects":[],"characters":[91],"vehicles":[],"interiors":[],"accounts":[],"content":"VEH 30 created with ID -6","factions":[]}
{"action":6,"origin":"ch91","date":"2023-07-17T02:18:11","phones":[],"objects":[],"characters":[91],"vehicles":[],"interiors":[],"accounts":[],"content":"VEH 29 created with ID -7","factions":[]}
{"action":6,"origin":"ch91","date":"2023-07-17T02:18:40","phones":[],"objects":[],"characters":[91],"vehicles":[],"interiors":[],"accounts":[],"content":"VEH 24 created with ID -8","factions":[]}
{"action":34,"origin":"ch91","date":"2023-07-17T02:18:44","phones":[],"objects":[],"characters":[91],"vehicles":[],"interiors":[],"accounts":[],"content":" got killed by an unknown source","factions":[]}
{"action":4,"origin":"ch91","date":"2023-07-17T02:18:55","phones":[],"objects":[],"characters":[91],"vehicles":[],"interiors":[],"accounts":[],"content":"REVIVED from PK","factions":[]}
{"action":34,"origin":"ch91","date":"2023-07-17T02:19:01","phones":[],"objects":[],"characters":[91],"vehicles":[],"interiors":[],"accounts":[],"content":" got killed by an unknown source","factions":[]}
{"action":4,"origin":"ch91","date":"2023-07-17T02:19:05","phones":[],"objects":[],"characters":[91],"vehicles":[],"interiors":[],"accounts":[],"content":"REVIVED from PK","factions":[]}
{"action":6,"origin":"ch91","date":"2023-07-17T02:19:19","phones":[],"objects":[],"characters":[91],"vehicles":[],"interiors":[],"accounts":[],"content":"VEH 77 created with ID -9","factions":[]}
{"action":6,"origin":"ch92","date":"2023-07-17T02:19:51","phones":[],"objects":[],"characters":[],"vehicles":[305],"interiors":[],"accounts":[],"content":"BOUGHTNEWCAR Alpha (Custom Model ID #24, Price: $95,000)","factions":[]}
{"action":40,"origin":"ch92","date":"2023-07-17T02:19:54","phones":[],"objects":[],"characters":[92],"vehicles":[],"interiors":[],"accounts":[],"content":"Webo Salvaje presses on the key to unlock the vehicle. ((2009 Nissan 330sx))","factions":[]}
{"action":31,"origin":"ch92","date":"2023-07-17T02:19:54","phones":[],"objects":[],"characters":[],"vehicles":[305],"interiors":[],"accounts":[],"content":"UNLOCK FROM OUTSIDE","factions":[]}
{"action":31,"origin":"ch92","date":"2023-07-17T02:19:59","phones":[],"objects":[],"characters":[92],"vehicles":[305],"interiors":[],"accounts":[],"content":"STARTED ENGINE","factions":[]}
{"action":40,"origin":"ch92","date":"2023-07-17T02:20:16","phones":[],"objects":[],"characters":[92],"vehicles":[],"interiors":[],"accounts":[],"content":"Webo Salvaje se abrocha el cinturón de seguridad.","factions":[]}
{"action":6,"origin":"ch91","date":"2023-07-17T02:21:18","phones":[],"objects":[],"characters":[92],"vehicles":[305],"interiors":[],"accounts":[],"content":"FIXVEH","factions":[]}
{"action":40,"origin":"ch92","date":"2023-07-17T02:22:26","phones":[],"objects":[],"characters":[92,91],"vehicles":[],"interiors":[],"accounts":[],"content":"Webo Salvaje se desabrocha el cinturón de seguridad.","factions":[]}
{"action":6,"origin":"ch91","date":"2023-07-17T02:22:26","phones":[],"objects":[],"characters":[91],"vehicles":[],"interiors":[],"accounts":[],"content":"VEH 70 created with ID -10","factions":[]}
{"action":31,"origin":"ch91","date":"2023-07-17T02:22:32","phones":[],"objects":[],"characters":[91],"vehicles":[-10],"interiors":[],"accounts":[],"content":"STARTED ENGINE","factions":[]}
{"action":6,"origin":"ch91","date":"2023-07-17T02:22:57","phones":[],"objects":[],"characters":[91],"vehicles":[],"interiors":[],"accounts":[],"content":"VEH 44 created with ID -11","factions":[]}
{"action":31,"origin":"ch91","date":"2023-07-17T02:23:25","phones":[],"objects":[],"characters":[91],"vehicles":[-11],"interiors":[],"accounts":[],"content":"STARTED ENGINE","factions":[]}
{"action":40,"origin":"ch92","date":"2023-07-17T02:23:52","phones":[],"objects":[],"characters":[92,91],"vehicles":[],"interiors":[],"accounts":[],"content":"Webo Salvaje se abrocha el cinturón de seguridad.","factions":[]}
{"action":40,"origin":"ch91","date":"2023-07-17T02:23:54","phones":[],"objects":[],"characters":[92,91],"vehicles":[],"interiors":[],"accounts":[],"content":"Martin Dreko se abrocha el cinturón de seguridad.","factions":[]}
{"action":40,"origin":"ch92","date":"2023-07-17T02:24:07","phones":[],"objects":[],"characters":[92,91],"vehicles":[],"interiors":[],"accounts":[],"content":"Webo Salvaje rolls their windows up.","factions":[]}
{"action":40,"origin":"ch92","date":"2023-07-17T02:24:11","phones":[],"objects":[],"characters":[92,91],"vehicles":[],"interiors":[],"accounts":[],"content":"Webo Salvaje rolls their windows down.","factions":[]}
{"action":40,"origin":"ch92","date":"2023-07-17T02:24:16","phones":[],"objects":[],"characters":[92,91],"vehicles":[],"interiors":[],"accounts":[],"content":"Webo Salvaje rolls their windows up.","factions":[]}
{"action":40,"origin":"ch92","date":"2023-07-17T02:24:17","phones":[],"objects":[],"characters":[92,91],"vehicles":[],"interiors":[],"accounts":[],"content":"Webo Salvaje rolls their windows down.","factions":[]}
{"action":40,"origin":"ch92","date":"2023-07-17T02:24:18","phones":[],"objects":[],"characters":[92,91],"vehicles":[],"interiors":[],"accounts":[],"content":"Webo Salvaje rolls their windows up.","factions":[]}
{"action":40,"origin":"ch92","date":"2023-07-17T02:24:18","phones":[],"objects":[],"characters":[92,91],"vehicles":[],"interiors":[],"accounts":[],"content":"Webo Salvaje rolls their windows down.","factions":[]}
{"action":40,"origin":"ch92","date":"2023-07-17T02:24:18","phones":[],"objects":[],"characters":[92,91],"vehicles":[],"interiors":[],"accounts":[],"content":"Webo Salvaje rolls their windows up.","factions":[]}
{"action":40,"origin":"ch92","date":"2023-07-17T02:24:18","phones":[],"objects":[],"characters":[92,91],"vehicles":[],"interiors":[],"accounts":[],"content":"Webo Salvaje rolls their windows down.","factions":[]}
{"action":40,"origin":"ch92","date":"2023-07-17T02:24:18","phones":[],"objects":[],"characters":[92,91],"vehicles":[],"interiors":[],"accounts":[],"content":"Webo Salvaje rolls their windows up.","factions":[]}
{"action":40,"origin":"ch92","date":"2023-07-17T02:24:18","phones":[],"objects":[],"characters":[92,91],"vehicles":[],"interiors":[],"accounts":[],"content":"Webo Salvaje rolls their windows down.","factions":[]}
{"action":40,"origin":"ch92","date":"2023-07-17T02:24:18","phones":[],"objects":[],"characters":[92,91],"vehicles":[],"interiors":[],"accounts":[],"content":"Webo Salvaje rolls their windows up.","factions":[]}
{"action":40,"origin":"ch92","date":"2023-07-17T02:24:18","phones":[],"objects":[],"characters":[92,91],"vehicles":[],"interiors":[],"accounts":[],"content":"Webo Salvaje rolls their windows down.","factions":[]}
{"action":40,"origin":"ch92","date":"2023-07-17T02:24:19","phones":[],"objects":[],"characters":[92,91],"vehicles":[],"interiors":[],"accounts":[],"content":"Webo Salvaje rolls their windows up.","factions":[]}
{"action":40,"origin":"ch92","date":"2023-07-17T02:24:19","phones":[],"objects":[],"characters":[92,91],"vehicles":[],"interiors":[],"accounts":[],"content":"Webo Salvaje rolls their windows down.","factions":[]}
{"action":40,"origin":"ch92","date":"2023-07-17T02:24:19","phones":[],"objects":[],"characters":[92,91],"vehicles":[],"interiors":[],"accounts":[],"content":"Webo Salvaje rolls their windows up.","factions":[]}
{"action":40,"origin":"ch92","date":"2023-07-17T02:24:19","phones":[],"objects":[],"characters":[92,91],"vehicles":[],"interiors":[],"accounts":[],"content":"Webo Salvaje rolls their windows down.","factions":[]}
{"action":40,"origin":"ch92","date":"2023-07-17T02:24:19","phones":[],"objects":[],"characters":[92,91],"vehicles":[],"interiors":[],"accounts":[],"content":"Webo Salvaje rolls their windows up.","factions":[]}
{"action":40,"origin":"ch92","date":"2023-07-17T02:24:19","phones":[],"objects":[],"characters":[92,91],"vehicles":[],"interiors":[],"accounts":[],"content":"Webo Salvaje rolls their windows down.","factions":[]}
{"action":40,"origin":"ch92","date":"2023-07-17T02:24:20","phones":[],"objects":[],"characters":[92,91],"vehicles":[],"interiors":[],"accounts":[],"content":"Webo Salvaje rolls their windows up.","factions":[]}
{"action":40,"origin":"ch92","date":"2023-07-17T02:24:20","phones":[],"objects":[],"characters":[92,91],"vehicles":[],"interiors":[],"accounts":[],"content":"Webo Salvaje rolls their windows down.","factions":[]}
{"action":40,"origin":"ch92","date":"2023-07-17T02:24:20","phones":[],"objects":[],"characters":[92,91],"vehicles":[],"interiors":[],"accounts":[],"content":"Webo Salvaje rolls their windows up.","factions":[]}
{"action":40,"origin":"ch92","date":"2023-07-17T02:24:20","phones":[],"objects":[],"characters":[92,91],"vehicles":[],"interiors":[],"accounts":[],"content":"Webo Salvaje rolls their windows down.","factions":[]}
{"action":40,"origin":"ch92","date":"2023-07-17T02:24:20","phones":[],"objects":[],"characters":[92,91],"vehicles":[],"interiors":[],"accounts":[],"content":"Webo Salvaje rolls their windows up.","factions":[]}
{"action":40,"origin":"ch92","date":"2023-07-17T02:24:20","phones":[],"objects":[],"characters":[92,91],"vehicles":[],"interiors":[],"accounts":[],"content":"Webo Salvaje rolls their windows down.","factions":[]}
{"action":40,"origin":"ch92","date":"2023-07-17T02:24:21","phones":[],"objects":[],"characters":[92,91],"vehicles":[],"interiors":[],"accounts":[],"content":"Webo Salvaje rolls their windows up.","factions":[]}
{"action":40,"origin":"ch92","date":"2023-07-17T02:24:21","phones":[],"objects":[],"characters":[92,91],"vehicles":[],"interiors":[],"accounts":[],"content":"Webo Salvaje rolls their windows down.","factions":[]}
{"action":34,"origin":"ch92","date":"2023-07-17T02:24:21","phones":[],"objects":[],"characters":[92],"vehicles":[],"interiors":[],"accounts":[],"content":" died","factions":[]}
{"action":4,"origin":"ch91","date":"2023-07-17T02:24:30","phones":[],"objects":[],"characters":[92],"vehicles":[],"interiors":[],"accounts":[],"content":"REVIVED from PK","factions":[]}
{"action":6,"origin":"ch91","date":"2023-07-17T02:24:36","phones":[],"objects":[],"characters":[91],"vehicles":[-11],"interiors":[],"accounts":[],"content":"FIXVEH","factions":[]}
{"action":31,"origin":"ch91","date":"2023-07-17T02:24:37","phones":[],"objects":[],"characters":[91],"vehicles":[-11],"interiors":[],"accounts":[],"content":"STARTED ENGINE","factions":[]}
{"action":40,"origin":"ch91","date":"2023-07-17T02:25:11","phones":[],"objects":[],"characters":[92,91],"vehicles":[],"interiors":[],"accounts":[],"content":"Martin Dreko rolls their windows up.","factions":[]}
{"action":40,"origin":"ch92","date":"2023-07-17T02:25:22","phones":[],"objects":[],"characters":[92,91],"vehicles":[],"interiors":[],"accounts":[],"content":"Webo Salvaje se abrocha el cinturón de seguridad.","factions":[]}
{"action":4,"origin":"ch91","date":"2023-07-17T02:25:35","phones":[],"objects":[],"characters":[91],"vehicles":[],"interiors":[],"accounts":[],"content":"AHEAL 100","factions":[]}
{"action":4,"origin":"ch91","date":"2023-07-17T02:25:38","phones":[],"objects":[],"characters":[92],"vehicles":[],"interiors":[],"accounts":[],"content":"AHEAL 100","factions":[]}
{"action":7,"origin":"ch92","date":"2023-07-17T02:25:41","phones":[],"objects":[],"characters":[92,91],"vehicles":[-11,-11],"interiors":[],"accounts":[],"content":"English: INCAR .\/aheal","factions":[]}
{"action":7,"origin":"ch92","date":"2023-07-17T02:25:50","phones":[],"objects":[],"characters":[92,91],"vehicles":[-11,-11],"interiors":[],"accounts":[],"content":"English: INCAR .\/fixveh","factions":[]}
{"action":31,"origin":"ch91","date":"2023-07-17T02:25:50","phones":[],"objects":[],"characters":[91],"vehicles":[-11],"interiors":[],"accounts":[],"content":"STARTED ENGINE","factions":[]}
{"action":40,"origin":"ch91","date":"2023-07-17T02:25:57","phones":[],"objects":[],"characters":[92,91],"vehicles":[],"interiors":[],"accounts":[],"content":"Martin Dreko attempts to start the engine but fails.","factions":[]}
{"action":6,"origin":"ch91","date":"2023-07-17T02:26:02","phones":[],"objects":[],"characters":[91],"vehicles":[-11],"interiors":[],"accounts":[],"content":"FIXVEH","factions":[]}
{"action":40,"origin":"ch91","date":"2023-07-17T02:26:04","phones":[],"objects":[],"characters":[92,91],"vehicles":[],"interiors":[],"accounts":[],"content":"Martin Dreko se desabrocha el cinturón de seguridad.","factions":[]}
{"action":40,"origin":"ch92","date":"2023-07-17T02:26:07","phones":[],"objects":[],"characters":[92,91],"vehicles":[],"interiors":[],"accounts":[],"content":"Webo Salvaje se desabrocha el cinturón de seguridad.","factions":[]}
{"action":31,"origin":"ch92","date":"2023-07-17T02:26:12","phones":[],"objects":[],"characters":[92],"vehicles":[-11],"interiors":[],"accounts":[],"content":"STARTED ENGINE","factions":[]}
{"action":6,"origin":"ch91","date":"2023-07-17T02:26:48","phones":[],"objects":[],"characters":[91],"vehicles":[],"interiors":[],"accounts":[],"content":"VEH 89 created with ID -12","factions":[]}
{"action":6,"origin":"ch91","date":"2023-07-17T02:27:09","phones":[],"objects":[],"characters":[91],"vehicles":[-11],"interiors":[],"accounts":[],"content":"FIXVEH","factions":[]}
{"action":31,"origin":"ch92","date":"2023-07-17T02:27:15","phones":[],"objects":[],"characters":[92],"vehicles":[-11],"interiors":[],"accounts":[],"content":"STARTED ENGINE","factions":[]}
{"action":6,"origin":"ch91","date":"2023-07-17T02:28:15","phones":[],"objects":[],"characters":[92],"vehicles":[-11],"interiors":[],"accounts":[],"content":"FIXVEH","factions":[]}
{"action":31,"origin":"ch92","date":"2023-07-17T02:28:17","phones":[],"objects":[],"characters":[92],"vehicles":[-11],"interiors":[],"accounts":[],"content":"STARTED ENGINE","factions":[]}
{"action":40,"origin":"ch92","date":"2023-07-17T02:28:31","phones":[],"objects":[],"characters":[92,91],"vehicles":[],"interiors":[],"accounts":[],"content":"Webo Salvaje se abrocha el cinturón de seguridad.","factions":[]}
{"action":6,"origin":"ch91","date":"2023-07-17T02:28:38","phones":[],"objects":[],"characters":[91],"vehicles":[],"interiors":[],"accounts":[],"content":"VEH 85 created with ID -13","factions":[]}
{"action":6,"origin":"ch91","date":"2023-07-17T02:28:40","phones":[],"objects":[],"characters":[91],"vehicles":[],"interiors":[],"accounts":[],"content":"VEH 85 created with ID -14","factions":[]}
{"action":6,"origin":"ch91","date":"2023-07-17T02:28:44","phones":[],"objects":[],"characters":[92],"vehicles":[-11],"interiors":[],"accounts":[],"content":"FIXVEH","factions":[]}
{"action":31,"origin":"ch92","date":"2023-07-17T02:28:46","phones":[],"objects":[],"characters":[92],"vehicles":[-11],"interiors":[],"accounts":[],"content":"STARTED ENGINE","factions":[]}
{"action":6,"origin":"ch91","date":"2023-07-17T02:28:56","phones":[],"objects":[],"characters":[91],"vehicles":[],"interiors":[],"accounts":[],"content":"VEH 40 created with ID -15","factions":[]}
{"action":6,"origin":"ch91","date":"2023-07-17T02:29:15","phones":[],"objects":[],"characters":[91],"vehicles":[],"interiors":[],"accounts":[],"content":"VEH 76 created with ID -16","factions":[]}
{"action":34,"origin":"ch91","date":"2023-07-17T02:29:15","phones":[],"objects":[],"characters":[91],"vehicles":[],"interiors":[],"accounts":[],"content":" died","factions":[]}
{"action":4,"origin":"ch91","date":"2023-07-17T02:29:22","phones":[],"objects":[],"characters":[91],"vehicles":[],"interiors":[],"accounts":[],"content":"REVIVED from PK","factions":[]}
{"action":4,"origin":"ch91","date":"2023-07-17T02:29:33","phones":[],"objects":[],"characters":[92],"vehicles":[],"interiors":[],"accounts":[],"content":"AHEAL 100","factions":[]}
{"action":31,"origin":"ch91","date":"2023-07-17T02:29:33","phones":[],"objects":[],"characters":[91],"vehicles":[-16],"interiors":[],"accounts":[],"content":"STARTED ENGINE","factions":[]}
{"action":40,"origin":"ch91","date":"2023-07-17T02:29:50","phones":[],"objects":[],"characters":[92,91],"vehicles":[],"interiors":[],"accounts":[],"content":"Martin Dreko se abrocha el cinturón de seguridad.","factions":[]}
{"action":40,"origin":"ch92","date":"2023-07-17T02:29:51","phones":[],"objects":[],"characters":[92,91],"vehicles":[],"interiors":[],"accounts":[],"content":"Webo Salvaje se desabrocha el cinturón de seguridad.","factions":[]}
{"action":40,"origin":"ch91","date":"2023-07-17T02:30:09","phones":[],"objects":[],"characters":[92,91],"vehicles":[],"interiors":[],"accounts":[],"content":"Martin Dreko rolls their windows up.","factions":[]}
{"action":7,"origin":"ch91","date":"2023-07-17T02:30:10","phones":[],"objects":[],"characters":[91],"vehicles":[-16,-16],"interiors":[],"accounts":[],"content":"English: INCAR Ola","factions":[]}
{"action":7,"origin":"ch91","date":"2023-07-17T02:30:12","phones":[],"objects":[],"characters":[91,92],"vehicles":[-16,-16],"interiors":[],"accounts":[],"content":"English: INCAR Rolea bro","factions":[]}
{"action":7,"origin":"ch91","date":"2023-07-17T02:30:14","phones":[],"objects":[],"characters":[91,92],"vehicles":[-16,-16],"interiors":[],"accounts":[],"content":"English: INCAR Br","factions":[]}
{"action":7,"origin":"ch91","date":"2023-07-17T02:30:19","phones":[],"objects":[],"characters":[91,92],"vehicles":[-16,-16],"interiors":[],"accounts":[],"content":"English: INCAR Vro","factions":[]}
{"action":7,"origin":"ch91","date":"2023-07-17T02:30:20","phones":[],"objects":[],"characters":[91,92],"vehicles":[-16,-16],"interiors":[],"accounts":[],"content":"English: INCAR Rolea","factions":[]}
{"action":7,"origin":"ch92","date":"2023-07-17T02:30:20","phones":[],"objects":[],"characters":[92,91],"vehicles":[-16,-16],"interiors":[],"accounts":[],"content":"English: INCAR Tu puta madre rol","factions":[]}
{"action":12,"origin":"ch92","date":"2023-07-17T02:30:26","phones":[],"objects":[],"characters":[92,91],"vehicles":[],"interiors":[],"accounts":[],"content":"se soba","factions":[]}
{"action":40,"origin":"ch91","date":"2023-07-17T02:30:31","phones":[],"objects":[],"characters":[92,91],"vehicles":[],"interiors":[],"accounts":[],"content":"Martin Dreko se desabrocha el cinturón de seguridad.","factions":[]}
{"action":14,"origin":"ch92","date":"2023-07-17T02:30:32","phones":[],"objects":[],"characters":[92,91],"vehicles":[],"interiors":[],"accounts":[],"content":"taria bien","factions":[]}
{"action":40,"origin":"ch91","date":"2023-07-17T02:30:45","phones":[],"objects":[],"characters":[92,91],"vehicles":[],"interiors":[],"accounts":[],"content":"Martin Dreko se abrocha el cinturón de seguridad.","factions":[]}
{"action":40,"origin":"ch92","date":"2023-07-17T02:30:51","phones":[],"objects":[],"characters":[92,91],"vehicles":[],"interiors":[],"accounts":[],"content":"Webo Salvaje se abrocha el cinturón de seguridad.","factions":[]}
{"action":7,"origin":"ch92","date":"2023-07-17T02:31:29","phones":[],"objects":[],"characters":[92,91],"vehicles":[-16,-16],"interiors":[],"accounts":[],"content":"English: INCAR Aheal bro","factions":[]}
{"action":34,"origin":"ch92","date":"2023-07-17T02:31:32","phones":[],"objects":[],"characters":[92],"vehicles":[],"interiors":[],"accounts":[],"content":" died","factions":[]}
{"action":4,"origin":"ch91","date":"2023-07-17T02:31:39","phones":[],"objects":[],"characters":[92],"vehicles":[],"interiors":[],"accounts":[],"content":"REVIVED from PK","factions":[]}
{"action":6,"origin":"ch91","date":"2023-07-17T02:31:44","phones":[],"objects":[],"characters":[91],"vehicles":[-16],"interiors":[],"accounts":[],"content":"FIXVEH","factions":[]}
{"action":31,"origin":"ch91","date":"2023-07-17T02:31:44","phones":[],"objects":[],"characters":[91],"vehicles":[-16],"interiors":[],"accounts":[],"content":"STARTED ENGINE","factions":[]}
{"action":40,"origin":"ch92","date":"2023-07-17T02:31:51","phones":[],"objects":[],"characters":[92,91],"vehicles":[],"interiors":[],"accounts":[],"content":"Webo Salvaje se abrocha el cinturón de seguridad.","factions":[]}
{"action":6,"origin":"ch91","date":"2023-07-17T02:32:13","phones":[],"objects":[],"characters":[91],"vehicles":[],"interiors":[],"accounts":[],"content":"VEH 41 created with ID -17","factions":[]}
{"action":40,"origin":"ch91","date":"2023-07-17T02:32:14","phones":[],"objects":[],"characters":[92,91],"vehicles":[],"interiors":[],"accounts":[],"content":"Martin Dreko se desabrocha el cinturón de seguridad.","factions":[]}
{"action":40,"origin":"ch92","date":"2023-07-17T02:32:17","phones":[],"objects":[],"characters":[92,91],"vehicles":[],"interiors":[],"accounts":[],"content":"Webo Salvaje se desabrocha el cinturón de seguridad.","factions":[]}
{"action":31,"origin":"ch91","date":"2023-07-17T02:32:19","phones":[],"objects":[],"characters":[91],"vehicles":[-17],"interiors":[],"accounts":[],"content":"STARTED ENGINE","factions":[]}
{"action":7,"origin":"ch92","date":"2023-07-17T02:32:24","phones":[],"objects":[],"characters":[92,91],"vehicles":[],"interiors":[],"accounts":[],"content":"English: El bmw m3","factions":[]}
{"action":40,"origin":"ch91","date":"2023-07-17T02:32:24","phones":[],"objects":[],"characters":[92,91],"vehicles":[],"interiors":[],"accounts":[],"content":"Martin Dreko rolls their windows up.","factions":[]}
{"action":40,"origin":"ch92","date":"2023-07-17T02:32:33","phones":[],"objects":[],"characters":[92,91],"vehicles":[],"interiors":[],"accounts":[],"content":"Webo Salvaje se abrocha el cinturón de seguridad.","factions":[]}
{"action":40,"origin":"ch91","date":"2023-07-17T02:32:36","phones":[],"objects":[],"characters":[92,91],"vehicles":[],"interiors":[],"accounts":[],"content":"Martin Dreko rolls their windows down.","factions":[]}
{"action":40,"origin":"ch91","date":"2023-07-17T02:32:37","phones":[],"objects":[],"characters":[92,91],"vehicles":[],"interiors":[],"accounts":[],"content":"Martin Dreko rolls their windows up.","factions":[]}
{"action":40,"origin":"ch91","date":"2023-07-17T02:32:37","phones":[],"objects":[],"characters":[92,91],"vehicles":[],"interiors":[],"accounts":[],"content":"Martin Dreko se abrocha el cinturón de seguridad.","factions":[]}
{"action":6,"origin":"ch91","date":"2023-07-17T02:32:53","phones":[],"objects":[],"characters":[91],"vehicles":[],"interiors":[],"accounts":[],"content":"VEH 18 created with ID -18","factions":[]}
{"action":40,"origin":"ch91","date":"2023-07-17T02:32:56","phones":[],"objects":[],"characters":[92,91],"vehicles":[],"interiors":[],"accounts":[],"content":"Martin Dreko se desabrocha el cinturón de seguridad.","factions":[]}
{"action":40,"origin":"ch92","date":"2023-07-17T02:32:58","phones":[],"objects":[],"characters":[92,91],"vehicles":[],"interiors":[],"accounts":[],"content":"Webo Salvaje se desabrocha el cinturón de seguridad.","factions":[]}
{"action":31,"origin":"ch91","date":"2023-07-17T02:33:01","phones":[],"objects":[],"characters":[91],"vehicles":[-18],"interiors":[],"accounts":[],"content":"STARTED ENGINE","factions":[]}
{"action":40,"origin":"ch92","date":"2023-07-17T02:33:04","phones":[],"objects":[],"characters":[92,91],"vehicles":[],"interiors":[],"accounts":[],"content":"Webo Salvaje se abrocha el cinturón de seguridad.","factions":[]}
{"action":40,"origin":"ch91","date":"2023-07-17T02:33:06","phones":[],"objects":[],"characters":[92,91],"vehicles":[],"interiors":[],"accounts":[],"content":"Martin Dreko rolls their windows up.","factions":[]}
{"action":40,"origin":"ch91","date":"2023-07-17T02:33:07","phones":[],"objects":[],"characters":[92,91],"vehicles":[],"interiors":[],"accounts":[],"content":"Martin Dreko se abrocha el cinturón de seguridad.","factions":[]}
{"action":4,"origin":"ch91","date":"2023-07-17T02:33:16","phones":[],"objects":[],"characters":[91],"vehicles":[],"interiors":[],"accounts":[],"content":"AHEAL 100","factions":[]}
{"action":34,"origin":"ch92","date":"2023-07-17T02:34:14","phones":[],"objects":[],"characters":[92],"vehicles":[],"interiors":[],"accounts":[],"content":" died","factions":[]}
{"action":4,"origin":"ch91","date":"2023-07-17T02:34:21","phones":[],"objects":[],"characters":[92],"vehicles":[],"interiors":[],"accounts":[],"content":"REVIVED from PK","factions":[]}
{"action":40,"origin":"ch91","date":"2023-07-17T02:34:27","phones":[],"objects":[],"characters":[92,91],"vehicles":[],"interiors":[],"accounts":[],"content":"Martin Dreko attempts to start the engine but fails.","factions":[]}
{"action":40,"origin":"ch91","date":"2023-07-17T02:34:28","phones":[],"objects":[],"characters":[92,91],"vehicles":[],"interiors":[],"accounts":[],"content":"Martin Dreko se desabrocha el cinturón de seguridad.","factions":[]}
{"action":31,"origin":"ch91","date":"2023-07-17T02:34:36","phones":[],"objects":[],"characters":[91],"vehicles":[297],"interiors":[],"accounts":[],"content":"STARTED ENGINE","factions":[]}
{"action":6,"origin":"ch91","date":"2023-07-17T02:35:12","phones":[],"objects":[],"characters":[91],"vehicles":[],"interiors":[],"accounts":[],"content":"VEH 71 created with ID -19","factions":[]}
{"action":6,"origin":"ch91","date":"2023-07-17T02:35:14","phones":[],"objects":[],"characters":[91],"vehicles":[],"interiors":[],"accounts":[],"content":"VEH 72 created with ID -20","factions":[]}
{"action":31,"origin":"ch91","date":"2023-07-17T02:35:31","phones":[],"objects":[],"characters":[91],"vehicles":[-20],"interiors":[],"accounts":[],"content":"STARTED ENGINE","factions":[]}
{"action":31,"origin":"ch92","date":"2023-07-17T02:35:34","phones":[],"objects":[],"characters":[92],"vehicles":[-19],"interiors":[],"accounts":[],"content":"STARTED ENGINE","factions":[]}
{"action":31,"origin":"ch91","date":"2023-07-17T02:35:49","phones":[],"objects":[],"characters":[91],"vehicles":[-21],"interiors":[],"accounts":[],"content":"STARTED ENGINE","factions":[]}
{"action":6,"origin":"ch91","date":"2023-07-17T02:39:38","phones":[],"objects":[],"characters":[91],"vehicles":[],"interiors":[],"accounts":[],"content":"CHANGED HANDLINGS OF ALL INSTANCES OF VEHICLE SHOP ID #72","factions":[]}
{"action":6,"origin":"ch91","date":"2023-07-17T02:39:40","phones":[],"objects":[],"characters":[91],"vehicles":[],"interiors":[],"accounts":[],"content":"RELOADED 0 INSTANCES OF VEHICLE SHOP ID #72 IN GAME","factions":[]}
{"action":6,"origin":"ch91","date":"2023-07-17T02:40:02","phones":[],"objects":[],"characters":[91],"vehicles":[],"interiors":[],"accounts":[],"content":"VEH 72 created with ID -22","factions":[]}
{"action":31,"origin":"ch91","date":"2023-07-17T02:40:11","phones":[],"objects":[],"characters":[91],"vehicles":[-22],"interiors":[],"accounts":[],"content":"STARTED ENGINE","factions":[]}
{"action":12,"origin":"ch91","date":"2023-07-17T02:43:34","phones":[],"objects":[],"characters":[92,91],"vehicles":[],"interiors":[],"accounts":[],"content":"se muere","factions":[]}
{"action":27,"origin":"ac70","date":"2023-07-17T02:43:37","phones":[],"objects":[],"characters":[91],"vehicles":[],"interiors":[],"accounts":[70],"content":"Disconnected (Quit) (Name: Martin_Dreko)","factions":[]}
{"action":27,"origin":"ac71","date":"2023-07-17T02:43:45","phones":[],"objects":[],"characters":[92],"vehicles":[],"interiors":[],"accounts":[71],"content":"Disconnected (Quit) (Name: Webo_Salvaje)","factions":[]}
