{"action":27,"origin":"ac1","date":"2021-08-09T12:56:38","phones":[],"objects":[],"characters":[],"vehicles":[],"interiors":[],"accounts":[1],"content":"Conectado desde 192.168.0.109 - 6EC9AEABE01AAB0798611259447BA2A2","factions":[]}
{"action":27,"origin":"ac1","date":"2021-08-09T12:57:39","phones":[],"objects":[],"characters":[1],"vehicles":[],"interiors":[],"accounts":[1],"content":"Spawned","factions":[]}
{"action":6,"origin":"ch1","date":"2021-08-09T12:59:38","phones":[],"objects":[],"characters":[1],"vehicles":[],"interiors":[],"accounts":[],"content":" Created new vehicle #10 in library.","factions":[]}
{"action":6,"origin":"ch1","date":"2021-08-09T12:59:58","phones":[],"objects":[],"characters":[1],"vehicles":[],"interiors":[],"accounts":[],"content":" Created new vehicle #11 in library.","factions":[]}
{"action":6,"origin":"ch1","date":"2021-08-09T13:00:06","phones":[],"objects":[],"characters":[1],"vehicles":[],"interiors":[],"accounts":[],"content":"VEH 10 created with ID -1","factions":[]}
{"action":31,"origin":"ch1","date":"2021-08-09T13:00:11","phones":[],"objects":[],"characters":[1],"vehicles":[-1],"interiors":[],"accounts":[],"content":"STARTED ENGINE","factions":[]}
{"action":6,"origin":"ch1","date":"2021-08-09T13:02:27","phones":[],"objects":[],"characters":[1],"vehicles":[],"interiors":[],"accounts":[],"content":"VEH 5 created with ID -2","factions":[]}
{"action":6,"origin":"ch1","date":"2021-08-09T13:02:44","phones":[],"objects":[],"characters":[1],"vehicles":[],"interiors":[],"accounts":[],"content":"VEH 11 created with ID -3","factions":[]}
{"action":31,"origin":"ch1","date":"2021-08-09T13:02:48","phones":[],"objects":[],"characters":[1],"vehicles":[-3],"interiors":[],"accounts":[],"content":"STARTED ENGINE","factions":[]}
{"action":6,"origin":"ch1","date":"2021-08-09T13:03:35","phones":[],"objects":[],"characters":[],"vehicles":[6],"interiors":[],"accounts":[],"content":"SPAWNVEH 'Packer' $0 Rufus_Sewell","factions":[]}
{"action":40,"origin":"ch1","date":"2021-08-09T13:03:51","phones":[],"objects":[],"characters":[1],"vehicles":[],"interiors":[],"accounts":[],"content":"Rufus Sewell presses on the key to unlock the vehicle. ((2019 Ford Truck Tow))","factions":[]}
{"action":31,"origin":"ch1","date":"2021-08-09T13:03:51","phones":[],"objects":[],"characters":[],"vehicles":[6],"interiors":[],"accounts":[],"content":"UNLOCK FROM OUTSIDE","factions":[]}
{"action":31,"origin":"ch1","date":"2021-08-09T13:03:54","phones":[],"objects":[],"characters":[1],"vehicles":[6],"interiors":[],"accounts":[],"content":"STARTED ENGINE","factions":[]}
{"action":31,"origin":"ch1","date":"2021-08-09T13:05:21","phones":[],"objects":[],"characters":[1],"vehicles":[-1],"interiors":[],"accounts":[],"content":"STARTED ENGINE","factions":[]}
{"action":4,"origin":"ch1","date":"2021-08-09T13:06:40","phones":[],"objects":[],"characters":[1],"vehicles":[],"interiors":[],"accounts":[],"content":"GIVEITEM .45 ACP (20 rounds, serial: 'mp9ZN8br0vcw08Ww08b8').","factions":[]}
{"action":4,"origin":"ch1","date":"2021-08-09T13:06:41","phones":[],"objects":[],"characters":[1],"vehicles":[],"interiors":[],"accounts":[],"content":"GIVEITEM .45 ACP (20 rounds, serial: 'mt9ZN8br0ucw08Ww08b8').","factions":[]}
{"action":4,"origin":"ch1","date":"2021-08-09T13:06:42","phones":[],"objects":[],"characters":[1],"vehicles":[],"interiors":[],"accounts":[],"content":"GIVEITEM .45 ACP (20 rounds, serial: 'OF9ZN8br0Hcw08Ww08b8').","factions":[]}
{"action":4,"origin":"ch1","date":"2021-08-09T13:06:42","phones":[],"objects":[],"characters":[1],"vehicles":[],"interiors":[],"accounts":[],"content":"GIVEITEM .45 ACP (20 rounds, serial: 'Oo9ZN8br0Hcw08Ww08b8').","factions":[]}
{"action":4,"origin":"ch1","date":"2021-08-09T13:06:43","phones":[],"objects":[],"characters":[1],"vehicles":[],"interiors":[],"accounts":[],"content":"GIVEITEM .45 ACP (20 rounds, serial: '0vbr0o9ZN80VmH0RmH0Z0V').","factions":[]}
{"action":4,"origin":"ch1","date":"2021-08-09T13:06:44","phones":[],"objects":[],"characters":[1],"vehicles":[],"interiors":[],"accounts":[],"content":"GIVEITEM .45 ACP (20 rounds, serial: '0ubr0o9ZN80VmH0RmH0Z0V').","factions":[]}
{"action":4,"origin":"ch1","date":"2021-08-09T13:06:44","phones":[],"objects":[],"characters":[1],"vehicles":[],"interiors":[],"accounts":[],"content":"GIVEITEM .45 ACP (20 rounds, serial: '0Hbr0o9ZN8hVmH0RmH0Z0V').","factions":[]}
{"action":40,"origin":"ch1","date":"2021-08-09T13:06:46","phones":[],"objects":[],"characters":[1],"vehicles":[],"interiors":[],"accounts":[],"content":"Rufus Sewell reloads his Deagle.","factions":[]}
{"action":13,"origin":"ch1","date":"2021-08-09T13:06:52","phones":[],"objects":[],"characters":[1],"vehicles":[],"interiors":[],"accounts":[],"content":"You'd hear a series of loud pistol gunshots echoing throughout the vicinity","factions":[]}
{"action":39,"origin":"ch1","date":"2021-08-09T13:06:57","phones":[],"objects":[],"characters":[1],"vehicles":[],"interiors":[],"accounts":[],"content":"Rufus_Sewell -> ~World #8 - Shell Casing - 6 casings of .45 @ (-952.89923, -253.88403, 36.201622) in (int 0, dim 0)","factions":[]}
{"action":39,"origin":"ch1","date":"2021-08-09T13:06:58","phones":[],"objects":[],"characters":[1],"vehicles":[],"interiors":[],"accounts":[],"content":"Rufus_Sewell -> ~World #9 - Shell Casing - .45 casing @ (-950.966, -252.48993, 36.271751) in (int 0, dim 0)","factions":[]}
{"action":40,"origin":"ch1","date":"2021-08-09T13:07:01","phones":[],"objects":[],"characters":[1],"vehicles":[],"interiors":[],"accounts":[],"content":"Rufus Sewell reloads his Deagle.","factions":[]}
{"action":39,"origin":"ch1","date":"2021-08-09T13:07:08","phones":[],"objects":[],"characters":[1],"vehicles":[],"interiors":[],"accounts":[],"content":"Rufus_Sewell -> ~World #10 - Shell Casing - 3 casings of .45 @ (-953.49316, -255.79143, 36.104042) in (int 0, dim 0)","factions":[]}
{"action":39,"origin":"ch1","date":"2021-08-09T13:07:13","phones":[],"objects":[],"characters":[1],"vehicles":[],"interiors":[],"accounts":[],"content":"Rufus_Sewell -> ~World #11 - Shell Casing - 4 casings of .45 @ (-952.4342, -252.48965, 36.27626) in (int 0, dim 0)","factions":[]}
{"action":40,"origin":"ch1","date":"2021-08-09T13:07:14","phones":[],"objects":[],"characters":[1],"vehicles":[],"interiors":[],"accounts":[],"content":"Rufus Sewell reloads his Deagle.","factions":[]}
{"action":4,"origin":"ch1","date":"2021-08-09T13:09:05","phones":[],"objects":[],"characters":[1],"vehicles":[],"interiors":[],"accounts":[],"content":"GIVEITEM Orange Light Strobes 1","factions":[]}
{"action":40,"origin":"ch1","date":"2021-08-09T13:09:10","phones":[],"objects":[],"characters":[1],"vehicles":[],"interiors":[],"accounts":[],"content":"Rufus Sewell puts a Orange Light Strobes inside the 2019 Ford Truck Tow.","factions":[]}
{"action":39,"origin":"ch1","date":"2021-08-09T13:09:10","phones":[],"objects":[],"characters":[1],"vehicles":[],"interiors":[],"accounts":[],"content":"Rufus_Sewell->2019 Ford Truck Tow #6 - Item ID: 140 - Orange Light Strobes @ (-824.6201171875, -168.38671875, 66.443130493164) in (int 0, dim 0)","factions":[]}
{"action":40,"origin":"ch1","date":"2021-08-09T13:11:10","phones":[],"objects":[],"characters":[1],"vehicles":[],"interiors":[],"accounts":[],"content":"Rufus Sewell buckles in their seatbelt.","factions":[]}
{"action":6,"origin":"ch1","date":"2021-08-09T13:11:49","phones":[],"objects":[],"characters":[1],"vehicles":[6],"interiors":[],"accounts":[],"content":"FUELVEH","factions":[]}
{"action":40,"origin":"ch1","date":"2021-08-09T13:13:14","phones":[],"objects":[],"characters":[1],"vehicles":[],"interiors":[],"accounts":[],"content":"Rufus Sewell unbuckles their seatbelt.","factions":[]}
{"action":40,"origin":"ch1","date":"2021-08-09T13:13:28","phones":[],"objects":[],"characters":[1],"vehicles":[],"interiors":[],"accounts":[],"content":"Rufus Sewell adjusts the radio volume.","factions":[]}
{"action":4,"origin":"ch1","date":"2021-08-09T13:14:40","phones":[],"objects":[],"characters":[1],"vehicles":[],"interiors":[],"accounts":[],"content":"GIVEITEM Flashlight 1","factions":[]}
{"action":6,"origin":"ch1","date":"2021-08-09T13:17:38","phones":[],"objects":[],"characters":[1],"vehicles":[6],"interiors":[],"accounts":[],"content":"FIXVEH","factions":[]}
{"action":13,"origin":"ch1","date":"2021-08-09T13:17:58","phones":[],"objects":[],"characters":[1],"vehicles":[],"interiors":[],"accounts":[],"content":"You'd hear a series of loud pistol gunshots echoing throughout the vicinity","factions":[]}
{"action":39,"origin":"ch1","date":"2021-08-09T13:18:00","phones":[],"objects":[],"characters":[1],"vehicles":[],"interiors":[],"accounts":[],"content":"Rufus_Sewell -> ~World #12 - Shell Casing - .45 casing @ (209.16486, -264.35883, 0.578125) in (int 0, dim 0)","factions":[]}
{"action":39,"origin":"ch1","date":"2021-08-09T13:18:02","phones":[],"objects":[],"characters":[1],"vehicles":[],"interiors":[],"accounts":[],"content":"Rufus_Sewell -> ~World #13 - Shell Casing - 2 casings of .45 @ (209.48001, -263.73706, 0.578125) in (int 0, dim 0)","factions":[]}
{"action":4,"origin":"ch1","date":"2021-08-09T13:19:12","phones":[],"objects":[],"characters":[1],"vehicles":[],"interiors":[],"accounts":[],"content":"FREECAM","factions":[]}
{"action":4,"origin":"ch1","date":"2021-08-09T13:19:55","phones":[],"objects":[],"characters":[1],"vehicles":[],"interiors":[],"accounts":[],"content":"GIVEITEM Emergency Siren (Firetruck) 1","factions":[]}
{"action":4,"origin":"ch1","date":"2021-08-09T13:19:59","phones":[],"objects":[],"characters":[1],"vehicles":[],"interiors":[],"accounts":[],"content":"GIVEITEM Emergency Light Strobes 1","factions":[]}
{"action":40,"origin":"ch1","date":"2021-08-09T13:20:04","phones":[],"objects":[],"characters":[1],"vehicles":[],"interiors":[],"accounts":[],"content":"Rufus Sewell puts a Emergency Light Strobes inside the 2021 Ford 1 Truck.","factions":[]}
{"action":39,"origin":"ch1","date":"2021-08-09T13:20:04","phones":[],"objects":[],"characters":[1],"vehicles":[],"interiors":[],"accounts":[],"content":"Rufus_Sewell->2021 Ford 1 Truck #2 - Item ID: 61 - Emergency Light Strobes @ (239.5224609375, 29.1533203125, 2.8103301525116) in (int 0, dim 0)","factions":[]}
{"action":40,"origin":"ch1","date":"2021-08-09T13:20:07","phones":[],"objects":[],"characters":[1],"vehicles":[],"interiors":[],"accounts":[],"content":"Rufus Sewell puts a Emergency Siren (Firetruck) inside the 2021 Ford 1 Truck.","factions":[]}
{"action":39,"origin":"ch1","date":"2021-08-09T13:20:07","phones":[],"objects":[],"characters":[1],"vehicles":[],"interiors":[],"accounts":[],"content":"Rufus_Sewell->2021 Ford 1 Truck #2 - Item ID: 261 - Emergency Siren (Firetruck) @ (239.5224609375, 29.1533203125, 2.8103301525116) in (int 0, dim 0)","factions":[]}
{"action":13,"origin":"ch1","date":"2021-08-09T13:21:49","phones":[],"objects":[],"characters":[1],"vehicles":[],"interiors":[],"accounts":[],"content":"You'd hear a series of loud pistol gunshots echoing throughout the vicinity","factions":[]}
{"action":39,"origin":"ch1","date":"2021-08-09T13:21:51","phones":[],"objects":[],"characters":[1],"vehicles":[],"interiors":[],"accounts":[],"content":"Rufus_Sewell -> ~World #14 - Shell Casing - 2 casings of .45 @ (221.91862, -52.262886, 10.078613) in (int 0, dim 0)","factions":[]}
{"action":39,"origin":"ch1","date":"2021-08-09T13:21:52","phones":[],"objects":[],"characters":[1],"vehicles":[],"interiors":[],"accounts":[],"content":"Rufus_Sewell -> ~World #15 - Shell Casing - .45 casing @ (220.95387, -54.68829, 9.064373) in (int 0, dim 0)","factions":[]}
{"action":40,"origin":"ch1","date":"2021-08-09T13:21:53","phones":[],"objects":[],"characters":[1],"vehicles":[],"interiors":[],"accounts":[],"content":"Rufus Sewell reloads his Deagle.","factions":[]}
{"action":39,"origin":"ch1","date":"2021-08-09T13:22:14","phones":[],"objects":[],"characters":[1],"vehicles":[],"interiors":[],"accounts":[],"content":"Rufus_Sewell -> ~World #16 - Shell Casing - .45 casing @ (222.43274, -52.274002, 10.078613) in (int 0, dim 0)","factions":[]}
{"action":39,"origin":"ch1","date":"2021-08-09T13:22:15","phones":[],"objects":[],"characters":[1],"vehicles":[],"interiors":[],"accounts":[],"content":"Rufus_Sewell -> ~World #17 - Shell Casing - .45 casing @ (222.26933, -52.275791, 10.078613) in (int 0, dim 0)","factions":[]}
{"action":39,"origin":"ch1","date":"2021-08-09T13:22:17","phones":[],"objects":[],"characters":[1],"vehicles":[],"interiors":[],"accounts":[],"content":"Rufus_Sewell -> ~World #18 - Shell Casing - 2 casings of .45 @ (221.60442, -52.162567, 9.064373) in (int 0, dim 0)","factions":[]}
{"action":39,"origin":"ch1","date":"2021-08-09T13:22:23","phones":[],"objects":[],"characters":[1],"vehicles":[],"interiors":[],"accounts":[],"content":"Rufus_Sewell -> ~World #19 - Shell Casing - 3 casings of .45 @ (222.28476, -51.460888, 10.078613) in (int 0, dim 0)","factions":[]}
{"action":40,"origin":"ch1","date":"2021-08-09T13:22:25","phones":[],"objects":[],"characters":[1],"vehicles":[],"interiors":[],"accounts":[],"content":"Rufus Sewell reloads his Deagle.","factions":[]}
{"action":39,"origin":"ch1","date":"2021-08-09T13:22:36","phones":[],"objects":[],"characters":[1],"vehicles":[],"interiors":[],"accounts":[],"content":"Rufus_Sewell -> ~World #20 - Shell Casing - 7 casings of .45 @ (221.95094, -50.724499, 10.078613) in (int 0, dim 0)","factions":[]}
{"action":40,"origin":"ch1","date":"2021-08-09T13:22:39","phones":[],"objects":[],"characters":[1],"vehicles":[],"interiors":[],"accounts":[],"content":"Rufus Sewell reloads his Deagle.","factions":[]}
{"action":27,"origin":"ac1","date":"2021-08-09T13:22:57","phones":[],"objects":[],"characters":[1],"vehicles":[],"interiors":[],"accounts":[1],"content":"Disconnected (Quit) (Name: Rufus_Sewell)","factions":[]}
