{"action":27,"origin":"ac1","date":"2021-08-10T11:14:16","phones":[],"objects":[],"characters":[],"vehicles":[],"interiors":[],"accounts":[1],"content":"Conectado desde 192.168.0.109 - 6EC9AEABE01AAB0798611259447BA2A2","factions":[]}
{"action":27,"origin":"ac1","date":"2021-08-10T11:14:38","phones":[],"objects":[],"characters":[1],"vehicles":[],"interiors":[],"accounts":[1],"content":"Spawned","factions":[]}
{"action":6,"origin":"ch1","date":"2021-08-10T11:19:02","phones":[],"objects":[],"characters":[1],"vehicles":[2],"interiors":[],"accounts":[],"content":"FIXVEH","factions":[]}
{"action":28,"origin":"ch1","date":"2021-08-10T11:21:09","phones":[],"objects":[],"characters":[1],"vehicles":[],"interiors":[],"accounts":[],"content":"Spawned Roadblock ID 1","factions":[]}
{"action":28,"origin":"ch1","date":"2021-08-10T11:21:13","phones":[],"objects":[],"characters":[1],"vehicles":[],"interiors":[],"accounts":[],"content":"Spawned Roadblock ID 2","factions":[]}
{"action":28,"origin":"ch1","date":"2021-08-10T11:21:21","phones":[],"objects":[],"characters":[1],"vehicles":[],"interiors":[],"accounts":[],"content":"Spawned Roadblock ID 3","factions":[]}
{"action":28,"origin":"ch1","date":"2021-08-10T11:21:48","phones":[],"objects":[],"characters":[1],"vehicles":[],"interiors":[],"accounts":[],"content":"Spawned Roadblock ID 4","factions":[]}
{"action":28,"origin":"ch1","date":"2021-08-10T11:21:53","phones":[],"objects":[],"characters":[1],"vehicles":[],"interiors":[],"accounts":[],"content":"Spawned Roadblock ID 5","factions":[]}
{"action":28,"origin":"ch1","date":"2021-08-10T11:21:59","phones":[],"objects":[],"characters":[1],"vehicles":[],"interiors":[],"accounts":[],"content":"Spawned Roadblock ID 6","factions":[]}
{"action":28,"origin":"ch1","date":"2021-08-10T11:22:19","phones":[],"objects":[],"characters":[1],"vehicles":[],"interiors":[],"accounts":[],"content":"Spawned Roadblock ID 7","factions":[]}
{"action":28,"origin":"ch1","date":"2021-08-10T11:22:22","phones":[],"objects":[],"characters":[1],"vehicles":[],"interiors":[],"accounts":[],"content":"Spawned Roadblock ID 8","factions":[]}
{"action":28,"origin":"ch1","date":"2021-08-10T11:22:34","phones":[],"objects":[],"characters":[1],"vehicles":[],"interiors":[],"accounts":[],"content":"Spawned Roadblock ID 9","factions":[]}
{"action":28,"origin":"ch1","date":"2021-08-10T11:22:38","phones":[],"objects":[],"characters":[1],"vehicles":[],"interiors":[],"accounts":[],"content":"Spawned Roadblock ID 10","factions":[]}
{"action":28,"origin":"ch1","date":"2021-08-10T11:22:50","phones":[],"objects":[],"characters":[1],"vehicles":[],"interiors":[],"accounts":[],"content":"Spawned Roadblock ID 11","factions":[]}
{"action":28,"origin":"ch1","date":"2021-08-10T11:22:52","phones":[],"objects":[],"characters":[1],"vehicles":[],"interiors":[],"accounts":[],"content":"Spawned Roadblock ID 12","factions":[]}
{"action":28,"origin":"ch1","date":"2021-08-10T11:23:01","phones":[],"objects":[],"characters":[1],"vehicles":[],"interiors":[],"accounts":[],"content":"Spawned Roadblock ID 13","factions":[]}
{"action":4,"origin":"ch1","date":"2021-08-10T11:23:58","phones":[],"objects":[],"characters":[1],"vehicles":[],"interiors":[],"accounts":[],"content":"GIVEITEM MP3 Player 1","factions":[]}
{"action":4,"origin":"ch1","date":"2021-08-10T11:25:28","phones":[],"objects":[],"characters":[1],"vehicles":[],"interiors":[],"accounts":[],"content":"AHEAL 100","factions":[]}
{"action":13,"origin":"ch1","date":"2021-08-10T11:26:21","phones":[],"objects":[],"characters":[1],"vehicles":[],"interiors":[],"accounts":[],"content":"You'd hear a series of loud pistol gunshots echoing throughout the vicinity","factions":[]}
{"action":39,"origin":"ch1","date":"2021-08-10T11:26:23","phones":[],"objects":[],"characters":[1],"vehicles":[],"interiors":[],"accounts":[],"content":"Rufus_Sewell -> ~World #21 - Shell Casing - 5 casings of .45 @ (127.46952, -112.00941, 0.578125) in (int 0, dim 0)","factions":[]}
{"action":39,"origin":"ch1","date":"2021-08-10T11:26:28","phones":[],"objects":[],"characters":[1],"vehicles":[],"interiors":[],"accounts":[],"content":"Rufus_Sewell -> ~World #22 - Shell Casing - .45 casing @ (129.69083, -111.33652, 0.4296875) in (int 0, dim 0)","factions":[]}
{"action":27,"origin":"ac1","date":"2021-08-10T11:26:34","phones":[],"objects":[],"characters":[1],"vehicles":[],"interiors":[],"accounts":[1],"content":"Disconnected (Quit) (Name: Rufus_Sewell)","factions":[]}
