{"action":27,"origin":"ac1","date":"2021-09-17T13:37:25","phones":[],"objects":[],"characters":[],"vehicles":[],"interiors":[],"accounts":[1],"content":"Conectado desde 192.168.0.114 - 6EC9AEABE01AAB0798611259447BA2A2","factions":[]}
{"action":27,"origin":"ac1","date":"2021-09-17T13:37:38","phones":[],"objects":[],"characters":[2],"vehicles":[],"interiors":[],"accounts":[1],"content":"Spawned","factions":[]}
{"action":6,"origin":"ch2","date":"2021-09-17T13:40:39","phones":[],"objects":[],"characters":[],"vehicles":[25],"interiors":[],"accounts":[],"content":"RESPAWN","factions":[]}
{"action":4,"origin":"ch2","date":"2021-09-17T13:42:17","phones":[],"objects":[],"characters":[2],"vehicles":[],"interiors":[],"accounts":[],"content":"AHEAL 100","factions":[]}
{"action":6,"origin":"ch2","date":"2021-09-17T13:42:35","phones":[],"objects":[],"characters":[],"vehicles":[19],"interiors":[],"accounts":[],"content":"RESPAWN","factions":[]}
{"action":6,"origin":"ch2","date":"2021-09-17T13:42:39","phones":[],"objects":[],"characters":[],"vehicles":[35],"interiors":[],"accounts":[],"content":"RESPAWN","factions":[]}
{"action":6,"origin":"ch2","date":"2021-09-17T13:43:04","phones":[],"objects":[],"characters":[],"vehicles":[297],"interiors":[],"accounts":[],"content":"SPAWNVEH 'Burrito' CIVILLIAN","factions":[]}
{"action":31,"origin":"ch2","date":"2021-09-17T13:43:53","phones":[],"objects":[],"characters":[2],"vehicles":[297],"interiors":[],"accounts":[],"content":"STARTED ENGINE","factions":[]}
{"action":31,"origin":"ch2","date":"2021-09-17T13:43:59","phones":[],"objects":[],"characters":[2],"vehicles":[297],"interiors":[],"accounts":[],"content":"STARTED ENGINE","factions":[]}
{"action":4,"origin":"ch2","date":"2021-09-17T13:49:42","phones":[],"objects":[],"characters":[2],"vehicles":[],"interiors":[],"accounts":[],"content":"AHEAL 100","factions":[]}
{"action":6,"origin":"ch2","date":"2021-09-17T13:51:25","phones":[],"objects":[],"characters":[],"vehicles":[35],"interiors":[],"accounts":[],"content":"DELVEH","factions":[]}
{"action":6,"origin":"ch2","date":"2021-09-17T13:51:30","phones":[],"objects":[],"characters":[],"vehicles":[20],"interiors":[],"accounts":[],"content":"DELVEH","factions":[]}
{"action":6,"origin":"ch2","date":"2021-09-17T13:51:33","phones":[],"objects":[],"characters":[],"vehicles":[19],"interiors":[],"accounts":[],"content":"DELVEH","factions":[]}
{"action":6,"origin":"ch2","date":"2021-09-17T13:51:41","phones":[],"objects":[],"characters":[],"vehicles":[34],"interiors":[],"accounts":[],"content":"DELVEH","factions":[]}
{"action":6,"origin":"ch2","date":"2021-09-17T13:52:36","phones":[],"objects":[],"characters":[],"vehicles":[298],"interiors":[],"accounts":[],"content":"SPAWNVEH 'Burrito' CIVILLIAN","factions":[]}
{"action":31,"origin":"ch2","date":"2021-09-17T13:52:42","phones":[],"objects":[],"characters":[2],"vehicles":[298],"interiors":[],"accounts":[],"content":"STARTED ENGINE","factions":[]}
{"action":31,"origin":"ch2","date":"2021-09-17T13:52:47","phones":[],"objects":[],"characters":[2],"vehicles":[298],"interiors":[],"accounts":[],"content":"STARTED ENGINE","factions":[]}
{"action":6,"origin":"ch2","date":"2021-09-17T13:56:54","phones":[],"objects":[],"characters":[],"vehicles":[299],"interiors":[],"accounts":[],"content":"SPAWNVEH 'Sweeper' CIVILLIAN","factions":[]}
{"action":31,"origin":"ch2","date":"2021-09-17T13:57:01","phones":[],"objects":[],"characters":[2],"vehicles":[299],"interiors":[],"accounts":[],"content":"STARTED ENGINE","factions":[]}
{"action":6,"origin":"ch2","date":"2021-09-17T13:57:48","phones":[],"objects":[],"characters":[],"vehicles":[299],"interiors":[],"accounts":[],"content":"DELVEH","factions":[]}
{"action":6,"origin":"ch2","date":"2021-09-17T14:16:44","phones":[],"objects":[],"characters":[],"vehicles":[300],"interiors":[],"accounts":[],"content":"SPAWNVEH 'Barracks' CIVILLIAN","factions":[]}
{"action":31,"origin":"ch2","date":"2021-09-17T14:17:05","phones":[],"objects":[],"characters":[2],"vehicles":[300],"interiors":[],"accounts":[],"content":"STARTED ENGINE","factions":[]}
{"action":6,"origin":"ch2","date":"2021-09-17T14:23:41","phones":[],"objects":[],"characters":[],"vehicles":[38],"interiors":[],"accounts":[],"content":"getveh","factions":[]}
{"action":6,"origin":"ch2","date":"2021-09-17T14:23:46","phones":[],"objects":[],"characters":[2],"vehicles":[38],"interiors":[],"accounts":[],"content":"FIXVEH","factions":[]}
{"action":31,"origin":"ch2","date":"2021-09-17T14:23:48","phones":[],"objects":[],"characters":[2],"vehicles":[38],"interiors":[],"accounts":[],"content":"STARTED ENGINE","factions":[]}
{"action":6,"origin":"ch2","date":"2021-09-17T14:28:49","phones":[],"objects":[],"characters":[2],"vehicles":[38],"interiors":[],"accounts":[],"content":"FIXVEH","factions":[]}
{"action":27,"origin":"ac1","date":"2021-09-17T14:33:24","phones":[],"objects":[],"characters":[2],"vehicles":[],"interiors":[],"accounts":[1],"content":"Disconnected (Quit) (Name: Bill_Hollister)","factions":[]}
{"action":27,"origin":"ac1","date":"2021-09-17T17:37:45","phones":[],"objects":[],"characters":[],"vehicles":[],"interiors":[],"accounts":[1],"content":"Conectado desde 192.168.0.114 - 6EC9AEABE01AAB0798611259447BA2A2","factions":[]}
{"action":27,"origin":"ac1","date":"2021-09-17T17:38:06","phones":[],"objects":[],"characters":[2],"vehicles":[],"interiors":[],"accounts":[1],"content":"Spawned","factions":[]}
{"action":40,"origin":"ch2","date":"2021-09-17T17:38:26","phones":[],"objects":[],"characters":[2],"vehicles":[],"interiors":[],"accounts":[],"content":"Bill Hollister se abrocha el cinturón de seguridad.","factions":[]}
{"action":40,"origin":"ch2","date":"2021-09-17T17:38:52","phones":[],"objects":[],"characters":[2],"vehicles":[],"interiors":[],"accounts":[],"content":"Bill Hollister rolls their windows down.","factions":[]}
{"action":40,"origin":"ch2","date":"2021-09-17T17:38:53","phones":[],"objects":[],"characters":[2],"vehicles":[],"interiors":[],"accounts":[],"content":"Bill Hollister rolls their windows up.","factions":[]}
{"action":40,"origin":"ch2","date":"2021-09-17T17:41:08","phones":[],"objects":[],"characters":[2],"vehicles":[],"interiors":[],"accounts":[],"content":"Bill Hollister se desabrocha el cinturón de seguridad.","factions":[]}
{"action":6,"origin":"ch2","date":"2021-09-17T17:42:21","phones":[],"objects":[],"characters":[],"vehicles":[301],"interiors":[],"accounts":[],"content":"SPAWNVEH 'Boxville' CIVILLIAN","factions":[]}
{"action":31,"origin":"ch2","date":"2021-09-17T17:42:27","phones":[],"objects":[],"characters":[2],"vehicles":[301],"interiors":[],"accounts":[],"content":"STARTED ENGINE","factions":[]}
{"action":6,"origin":"ch2","date":"2021-09-17T17:45:33","phones":[],"objects":[],"characters":[],"vehicles":[301],"interiors":[],"accounts":[],"content":"DELVEH","factions":[]}
{"action":6,"origin":"ch2","date":"2021-09-17T17:53:09","phones":[],"objects":[],"characters":[2],"vehicles":[38],"interiors":[],"accounts":[],"content":"FIXVEH","factions":[]}
{"action":6,"origin":"ch2","date":"2021-09-17T17:55:20","phones":[],"objects":[],"characters":[2],"vehicles":[38],"interiors":[],"accounts":[],"content":"FUELVEH","factions":[]}
{"action":31,"origin":"ch2","date":"2021-09-17T17:55:21","phones":[],"objects":[],"characters":[2],"vehicles":[38],"interiors":[],"accounts":[],"content":"STARTED ENGINE","factions":[]}
{"action":40,"origin":"ch2","date":"2021-09-17T17:56:14","phones":[],"objects":[],"characters":[2],"vehicles":[],"interiors":[],"accounts":[],"content":"Bill Hollister attempts to start the engine but fails.","factions":[]}
{"action":6,"origin":"ch2","date":"2021-09-17T17:56:22","phones":[],"objects":[],"characters":[2],"vehicles":[],"interiors":[],"accounts":[],"content":"FUELVEH","factions":[]}
{"action":8,"origin":"ch2","date":"2021-09-17T17:56:34","phones":[],"objects":[],"characters":[2],"vehicles":[],"interiors":[],"accounts":[],"content":"b","factions":[]}
{"action":8,"origin":"ch2","date":"2021-09-17T18:01:47","phones":[],"objects":[],"characters":[2],"vehicles":[],"interiors":[],"accounts":[],"content":"s","factions":[]}
{"action":27,"origin":"ac1","date":"2021-09-17T18:03:45","phones":[],"objects":[],"characters":[2],"vehicles":[],"interiors":[],"accounts":[1],"content":"Disconnected (Quit) (Name: Bill_Hollister)","factions":[]}
