{"action":3,"origin":"ch99","date":"2024-03-01T00:00:50","phones":[],"objects":[],"characters":[100,99],"vehicles":[],"interiors":[],"accounts":[],"content":"perame ahora te digo","factions":[]}
{"action":4,"origin":"ch100","date":"2024-03-01T00:06:46","phones":[],"objects":[],"characters":[100],"vehicles":[],"interiors":[],"accounts":[],"content":"SET INTO FACTION LEADER","factions":[2]}
{"action":4,"origin":"ch100","date":"2024-03-01T00:07:24","phones":[],"objects":[],"characters":[100],"vehicles":[],"interiors":[],"accounts":[],"content":"GIVEITEM Kit de primeros auxilios 1","factions":[]}
{"action":35,"origin":"ch100","date":"2024-03-01T00:07:27","phones":[],"objects":[],"characters":[99],"vehicles":[],"interiors":[],"accounts":[],"content":"HEAL FOR $100","factions":[]}
{"action":4,"origin":"ch100","date":"2024-03-01T00:08:36","phones":[],"objects":[],"characters":[100],"vehicles":[],"interiors":[],"accounts":[],"content":"GIVEITEM Kit de primeros auxilios 2","factions":[]}
{"action":35,"origin":"ch100","date":"2024-03-01T00:08:42","phones":[],"objects":[],"characters":[99],"vehicles":[],"interiors":[],"accounts":[],"content":"HEAL FOR $100","factions":[]}
{"action":8,"origin":"ch99","date":"2024-03-01T00:09:18","phones":[],"objects":[],"characters":[100,99],"vehicles":[],"interiors":[],"accounts":[],"content":"pon \/register a ver si te va","factions":[]}
{"action":7,"origin":"ch100","date":"2024-03-01T00:09:38","phones":[],"objects":[],"characters":[100,99],"vehicles":[],"interiors":[],"accounts":[],"content":"Español: No nada","factions":[]}
{"action":8,"origin":"ch99","date":"2024-03-01T00:09:41","phones":[],"objects":[],"characters":[100,99],"vehicles":[],"interiors":[],"accounts":[],"content":"ok","factions":[]}
{"action":27,"origin":"ac17","date":"2024-03-01T00:25:55","phones":[],"objects":[],"characters":[99],"vehicles":[],"interiors":[],"accounts":[17],"content":"Disconnected (Quit) (Name: Daniel_Garcia)","factions":[]}
{"action":6,"origin":"ch100","date":"2024-03-01T00:26:46","phones":[],"objects":[],"characters":[100],"vehicles":[],"interiors":[],"accounts":[],"content":"VEH 105 created with ID -1","factions":[]}
{"action":31,"origin":"ch100","date":"2024-03-01T00:26:54","phones":[],"objects":[],"characters":[100],"vehicles":[-1],"interiors":[],"accounts":[],"content":"STARTED ENGINE","factions":[]}
{"action":27,"origin":"ac18","date":"2024-03-01T01:04:38","phones":[],"objects":[],"characters":[100],"vehicles":[],"interiors":[],"accounts":[18],"content":"Disconnected (Quit) (Name: Alan_Diaz)","factions":[]}
{"action":27,"origin":"ac21","date":"2024-03-01T01:46:59","phones":[],"objects":[],"characters":[],"vehicles":[],"interiors":[],"accounts":[21],"content":"Conectado desde 191.113.212.180 - 6C5F12D2EDB55C0F830556FBDF6E8A03","factions":[]}
{"action":27,"origin":"ac21","date":"2024-03-01T01:47:35","phones":[],"objects":[],"characters":[104],"vehicles":[],"interiors":[],"accounts":[21],"content":"Spawned","factions":[]}
{"action":4,"origin":"ch104","date":"2024-03-01T01:47:49","phones":[],"objects":[],"characters":[104],"vehicles":[],"interiors":[],"accounts":[],"content":"FREECAM","factions":[]}
{"action":27,"origin":"ac21","date":"2024-03-01T01:49:46","phones":[],"objects":[],"characters":[104],"vehicles":[],"interiors":[],"accounts":[21],"content":"Disconnected (Quit) (Name: Pablo_Espinoza)","factions":[]}
{"action":27,"origin":"ac21","date":"2024-03-01T01:50:17","phones":[],"objects":[],"characters":[],"vehicles":[],"interiors":[],"accounts":[21],"content":"Conectado desde 191.113.212.180 - 6C5F12D2EDB55C0F830556FBDF6E8A03","factions":[]}
{"action":27,"origin":"ac21","date":"2024-03-01T01:50:25","phones":[],"objects":[],"characters":[104],"vehicles":[],"interiors":[],"accounts":[21],"content":"Spawned","factions":[]}
{"action":27,"origin":"ac21","date":"2024-03-01T01:51:07","phones":[],"objects":[],"characters":[104],"vehicles":[],"interiors":[],"accounts":[21],"content":"Disconnected (Quit) (Name: Pablo_Espinoza)","factions":[]}
{"action":27,"origin":"ac21","date":"2024-03-01T01:51:36","phones":[],"objects":[],"characters":[],"vehicles":[],"interiors":[],"accounts":[21],"content":"Conectado desde 191.113.212.180 - 6C5F12D2EDB55C0F830556FBDF6E8A03","factions":[]}
{"action":27,"origin":"ac21","date":"2024-03-01T01:51:57","phones":[],"objects":[],"characters":[106],"vehicles":[],"interiors":[],"accounts":[21],"content":"Created","factions":[]}
{"action":27,"origin":"ac21","date":"2024-03-01T01:51:57","phones":[],"objects":[],"characters":[106],"vehicles":[],"interiors":[],"accounts":[21],"content":"Spawned","factions":[]}
{"action":27,"origin":"ac21","date":"2024-03-01T01:53:30","phones":[],"objects":[],"characters":[106],"vehicles":[],"interiors":[],"accounts":[21],"content":"Disconnected (Quit) (Name: Pablo_Ezpinoza)","factions":[]}
{"action":27,"origin":"ac20","date":"2024-03-01T02:50:40","phones":[],"objects":[],"characters":[],"vehicles":[],"interiors":[],"accounts":[20],"content":"Conectado desde 201.252.143.52 - D455030959E74E2218E154EE0202AE54","factions":[]}
{"action":27,"origin":"ac20","date":"2024-03-01T02:50:48","phones":[],"objects":[],"characters":[103],"vehicles":[],"interiors":[],"accounts":[20],"content":"Spawned","factions":[]}
{"action":31,"origin":"ch103","date":"2024-03-01T02:52:43","phones":[],"objects":[],"characters":[103],"vehicles":[318],"interiors":[],"accounts":[],"content":"STARTED ENGINE","factions":[]}
{"action":27,"origin":"ac23","date":"2024-03-01T02:52:46","phones":[],"objects":[],"characters":[],"vehicles":[],"interiors":[],"accounts":[23],"content":"Conectado desde 152.156.222.56 - 1EBB900D1E9246A072F2F7D9C03192F4","factions":[]}
{"action":27,"origin":"ac23","date":"2024-03-01T02:54:28","phones":[],"objects":[],"characters":[107],"vehicles":[],"interiors":[],"accounts":[23],"content":"Created","factions":[]}
{"action":27,"origin":"ac23","date":"2024-03-01T02:54:29","phones":[],"objects":[],"characters":[107],"vehicles":[],"interiors":[],"accounts":[23],"content":"Spawned","factions":[]}
{"action":40,"origin":"ch107","date":"2024-03-01T02:54:55","phones":[],"objects":[],"characters":[107],"vehicles":[],"interiors":[],"accounts":[],"content":"Dylan Santos rolls their windows down.","factions":[]}
{"action":7,"origin":"ch103","date":"2024-03-01T02:54:56","phones":[],"objects":[],"characters":[103],"vehicles":[],"interiors":[],"accounts":[],"content":"Español: I like your suit.","factions":[]}
{"action":7,"origin":"ch107","date":"2024-03-01T02:55:18","phones":[],"objects":[],"characters":[107],"vehicles":[],"interiors":[],"accounts":[],"content":"Español: -7o¿¿¿}{","factions":[]}
{"action":15,"origin":"ch107","date":"2024-03-01T02:55:27","phones":[],"objects":[],"characters":[107,103],"vehicles":[],"interiors":[],"accounts":[],"content":"e.e}","factions":[]}
{"action":40,"origin":"ch107","date":"2024-03-01T02:55:33","phones":[],"objects":[],"characters":[107],"vehicles":[],"interiors":[],"accounts":[],"content":"Dylan Santos se abrocha el cinturón de seguridad.","factions":[]}
{"action":15,"origin":"ch103","date":"2024-03-01T02:55:33","phones":[],"objects":[],"characters":[103,107],"vehicles":[],"interiors":[],"accounts":[],"content":"u.u ","factions":[]}
{"action":15,"origin":"ch107","date":"2024-03-01T02:55:44","phones":[],"objects":[],"characters":[107,103],"vehicles":[],"interiors":[],"accounts":[],"content":"soy hox desde la pc de dylan","factions":[]}
{"action":15,"origin":"ch103","date":"2024-03-01T02:55:54","phones":[],"objects":[],"characters":[103,107],"vehicles":[],"interiors":[],"accounts":[],"content":"a ","factions":[]}
{"action":15,"origin":"ch103","date":"2024-03-01T02:56:01","phones":[],"objects":[],"characters":[103,107],"vehicles":[],"interiors":[],"accounts":[],"content":"en un ratito entra dreko","factions":[]}
{"action":40,"origin":"ch107","date":"2024-03-01T02:56:02","phones":[],"objects":[],"characters":[107],"vehicles":[],"interiors":[],"accounts":[],"content":"Dylan Santos se desabrocha el cinturón de seguridad.","factions":[]}
{"action":15,"origin":"ch107","date":"2024-03-01T02:56:17","phones":[],"objects":[],"characters":[107,103],"vehicles":[],"interiors":[],"accounts":[],"content":"aun queda pulir algunas cosas y mapeo no tiene¡?}","factions":[]}
{"action":15,"origin":"ch103","date":"2024-03-01T02:56:24","phones":[],"objects":[],"characters":[103,107],"vehicles":[],"interiors":[],"accounts":[],"content":"hay q activar todo","factions":[]}
{"action":15,"origin":"ch103","date":"2024-03-01T02:56:29","phones":[],"objects":[],"characters":[103,107],"vehicles":[],"interiors":[],"accounts":[],"content":"ta todo desactivado nose porq","factions":[]}
{"action":15,"origin":"ch103","date":"2024-03-01T02:56:36","phones":[],"objects":[],"characters":[103,107],"vehicles":[],"interiors":[],"accounts":[],"content":"pero no tengo el start","factions":[]}
{"action":15,"origin":"ch107","date":"2024-03-01T02:56:39","phones":[],"objects":[],"characters":[107,103],"vehicles":[],"interiors":[],"accounts":[],"content":"aa}","factions":[]}
{"action":40,"origin":"ch103","date":"2024-03-01T02:57:29","phones":[],"objects":[],"characters":[103],"vehicles":[],"interiors":[],"accounts":[],"content":"Franco Anders su pierna izquierda ha sido golpeada.","factions":[]}
{"action":4,"origin":"ch103","date":"2024-03-01T02:57:37","phones":[],"objects":[],"characters":[103],"vehicles":[],"interiors":[],"accounts":[],"content":"AHEAL 100","factions":[]}
{"action":27,"origin":"ac20","date":"2024-03-01T02:58:05","phones":[],"objects":[],"characters":[0],"vehicles":[],"interiors":[],"accounts":[20],"content":"Fue a la selección de personajes","factions":[]}
{"action":40,"origin":"ch107","date":"2024-03-01T03:02:09","phones":[],"objects":[],"characters":[107],"vehicles":[],"interiors":[],"accounts":[],"content":"Dylan Santos rolls their windows down.","factions":[]}
{"action":40,"origin":"ch107","date":"2024-03-01T03:02:12","phones":[],"objects":[],"characters":[107],"vehicles":[],"interiors":[],"accounts":[],"content":"Dylan Santos se abrocha el cinturón de seguridad.","factions":[]}
{"action":40,"origin":"ch107","date":"2024-03-01T03:02:21","phones":[],"objects":[],"characters":[107],"vehicles":[],"interiors":[],"accounts":[],"content":"Dylan Santos rolls their windows up.","factions":[]}
{"action":40,"origin":"ch107","date":"2024-03-01T03:02:26","phones":[],"objects":[],"characters":[107],"vehicles":[],"interiors":[],"accounts":[],"content":"Dylan Santos rolls their windows down.","factions":[]}
{"action":40,"origin":"ch107","date":"2024-03-01T03:03:28","phones":[],"objects":[],"characters":[107],"vehicles":[],"interiors":[],"accounts":[],"content":"Dylan Santos rolls their windows up.","factions":[]}
{"action":40,"origin":"ch107","date":"2024-03-01T03:03:36","phones":[],"objects":[],"characters":[107],"vehicles":[],"interiors":[],"accounts":[],"content":"Dylan Santos rolls their windows down.","factions":[]}
{"action":40,"origin":"ch107","date":"2024-03-01T03:03:37","phones":[],"objects":[],"characters":[107],"vehicles":[],"interiors":[],"accounts":[],"content":"Dylan Santos se desabrocha el cinturón de seguridad.","factions":[]}
{"action":40,"origin":"ch107","date":"2024-03-01T03:03:38","phones":[],"objects":[],"characters":[107],"vehicles":[],"interiors":[],"accounts":[],"content":"Dylan Santos rolls their windows up.","factions":[]}
{"action":40,"origin":"ch107","date":"2024-03-01T03:03:38","phones":[],"objects":[],"characters":[107],"vehicles":[],"interiors":[],"accounts":[],"content":"Dylan Santos rolls their windows down.","factions":[]}
{"action":40,"origin":"ch107","date":"2024-03-01T03:03:39","phones":[],"objects":[],"characters":[107],"vehicles":[],"interiors":[],"accounts":[],"content":"Dylan Santos se abrocha el cinturón de seguridad.","factions":[]}
{"action":40,"origin":"ch107","date":"2024-03-01T03:03:45","phones":[],"objects":[],"characters":[107],"vehicles":[],"interiors":[],"accounts":[],"content":"Dylan Santos se desabrocha el cinturón de seguridad.","factions":[]}
{"action":40,"origin":"ch107","date":"2024-03-01T03:03:55","phones":[],"objects":[],"characters":[107],"vehicles":[],"interiors":[],"accounts":[],"content":"Dylan Santos rolls their windows down.","factions":[]}
{"action":40,"origin":"ch107","date":"2024-03-01T03:03:56","phones":[],"objects":[],"characters":[107],"vehicles":[],"interiors":[],"accounts":[],"content":"Dylan Santos se abrocha el cinturón de seguridad.","factions":[]}
{"action":40,"origin":"ch107","date":"2024-03-01T03:04:24","phones":[],"objects":[],"characters":[107],"vehicles":[],"interiors":[],"accounts":[],"content":"Dylan Santos locks the vehicle doors.","factions":[]}
{"action":31,"origin":"ch107","date":"2024-03-01T03:04:24","phones":[],"objects":[],"characters":[],"vehicles":[318],"interiors":[],"accounts":[],"content":"LOCK FROM INSIDE","factions":[]}
{"action":40,"origin":"ch107","date":"2024-03-01T03:04:32","phones":[],"objects":[],"characters":[107],"vehicles":[],"interiors":[],"accounts":[],"content":"Dylan Santos rolls their windows up.","factions":[]}
{"action":40,"origin":"ch107","date":"2024-03-01T03:04:33","phones":[],"objects":[],"characters":[107],"vehicles":[],"interiors":[],"accounts":[],"content":"Dylan Santos rolls their windows down.","factions":[]}
{"action":40,"origin":"ch107","date":"2024-03-01T03:04:34","phones":[],"objects":[],"characters":[107],"vehicles":[],"interiors":[],"accounts":[],"content":"Dylan Santos se desabrocha el cinturón de seguridad.","factions":[]}
{"action":40,"origin":"ch107","date":"2024-03-01T03:04:34","phones":[],"objects":[],"characters":[107],"vehicles":[],"interiors":[],"accounts":[],"content":"Dylan Santos rolls their windows up.","factions":[]}
{"action":40,"origin":"ch107","date":"2024-03-01T03:04:37","phones":[],"objects":[],"characters":[107],"vehicles":[],"interiors":[],"accounts":[],"content":"Dylan Santos rolls their windows down.","factions":[]}
{"action":40,"origin":"ch107","date":"2024-03-01T03:04:41","phones":[],"objects":[],"characters":[107],"vehicles":[],"interiors":[],"accounts":[],"content":"Dylan Santos se abrocha el cinturón de seguridad.","factions":[]}
{"action":40,"origin":"ch107","date":"2024-03-01T03:05:02","phones":[],"objects":[],"characters":[107],"vehicles":[],"interiors":[],"accounts":[],"content":"Dylan Santos unlocks the vehicle doors.","factions":[]}
{"action":31,"origin":"ch107","date":"2024-03-01T03:05:02","phones":[],"objects":[],"characters":[],"vehicles":[318],"interiors":[],"accounts":[],"content":"UNLOCK FROM INSIDE","factions":[]}
{"action":40,"origin":"ch107","date":"2024-03-01T03:05:05","phones":[],"objects":[],"characters":[107],"vehicles":[],"interiors":[],"accounts":[],"content":"Dylan Santos se desabrocha el cinturón de seguridad.","factions":[]}
{"action":27,"origin":"ac17","date":"2024-03-01T03:06:01","phones":[],"objects":[],"characters":[],"vehicles":[],"interiors":[],"accounts":[17],"content":"Conectado desde 157.100.139.247 - 8C3D4417CCAF198AEB46BD9F45B945F4","factions":[]}
{"action":27,"origin":"ac17","date":"2024-03-01T03:06:10","phones":[],"objects":[],"characters":[99],"vehicles":[],"interiors":[],"accounts":[17],"content":"Spawned","factions":[]}
{"action":4,"origin":"ch99","date":"2024-03-01T03:06:18","phones":[],"objects":[],"characters":[107],"vehicles":[],"interiors":[],"accounts":[],"content":"RECON","factions":[]}
{"action":6,"origin":"ch99","date":"2024-03-01T03:07:02","phones":[],"objects":[],"characters":[],"vehicles":[307],"interiors":[],"accounts":[],"content":"RESPAWN","factions":[]}
{"action":15,"origin":"ch107","date":"2024-03-01T03:07:06","phones":[],"objects":[],"characters":[107,99],"vehicles":[],"interiors":[],"accounts":[],"content":"buenas","factions":[]}
{"action":15,"origin":"ch99","date":"2024-03-01T03:07:13","phones":[],"objects":[],"characters":[99,107],"vehicles":[],"interiors":[],"accounts":[],"content":"ola","factions":[]}
{"action":6,"origin":"ch99","date":"2024-03-01T03:07:25","phones":[],"objects":[],"characters":[],"vehicles":[307],"interiors":[],"accounts":[],"content":"RESPAWN","factions":[]}
{"action":40,"origin":"ch107","date":"2024-03-01T03:07:55","phones":[],"objects":[],"characters":[107],"vehicles":[],"interiors":[],"accounts":[],"content":"Dylan Santos attempts to start the engine but fails.","factions":[]}
{"action":31,"origin":"ch99","date":"2024-03-01T03:08:08","phones":[],"objects":[],"characters":[99],"vehicles":[307],"interiors":[],"accounts":[],"content":"STARTED ENGINE","factions":[]}
{"action":40,"origin":"ch107","date":"2024-03-01T03:08:09","phones":[],"objects":[],"characters":[107],"vehicles":[],"interiors":[],"accounts":[],"content":"Dylan Santos attempts to start the engine but fails.","factions":[]}
{"action":40,"origin":"ch107","date":"2024-03-01T03:08:24","phones":[],"objects":[],"characters":[107],"vehicles":[],"interiors":[],"accounts":[],"content":"Dylan Santos attempts to start the engine but fails.","factions":[]}
{"action":15,"origin":"ch107","date":"2024-03-01T03:08:38","phones":[],"objects":[],"characters":[107,99],"vehicles":[],"interiors":[],"accounts":[],"content":"mierda se me rompio el auto xD","factions":[]}
{"action":27,"origin":"ac17","date":"2024-03-01T03:10:03","phones":[],"objects":[],"characters":[99],"vehicles":[],"interiors":[],"accounts":[17],"content":"Disconnected (Quit) (Name: Daniel_Garcia)","factions":[]}
{"action":27,"origin":"ac23","date":"2024-03-01T03:10:44","phones":[],"objects":[],"characters":[107],"vehicles":[],"interiors":[],"accounts":[23],"content":"Disconnected (Quit) (Name: Dylan_Santos)","factions":[]}
{"action":27,"origin":"ac14","date":"2024-03-01T03:13:29","phones":[],"objects":[],"characters":[],"vehicles":[],"interiors":[],"accounts":[14],"content":"Conectado desde 190.103.240.189 - 37815527FD47AAD85E392E449B2DF702","factions":[]}
{"action":27,"origin":"ac14","date":"2024-03-01T03:14:49","phones":[],"objects":[],"characters":[96],"vehicles":[],"interiors":[],"accounts":[14],"content":"Spawned","factions":[]}
{"action":4,"origin":"ch96","date":"2024-03-01T03:17:41","phones":[],"objects":[],"characters":[96],"vehicles":[],"interiors":[],"accounts":[],"content":"SETSKIN 20 CLOTHING ","factions":[]}
{"action":7,"origin":"ch96","date":"2024-03-01T03:17:54","phones":[],"objects":[],"characters":[96],"vehicles":[],"interiors":[],"accounts":[],"content":"Español: A","factions":[]}
{"action":7,"origin":"ch96","date":"2024-03-01T03:18:53","phones":[],"objects":[],"characters":[96],"vehicles":[],"interiors":[],"accounts":[],"content":"Español: As","factions":[]}
{"action":7,"origin":"ch96","date":"2024-03-01T03:19:21","phones":[],"objects":[],"characters":[96],"vehicles":[],"interiors":[],"accounts":[],"content":"Español: Sd","factions":[]}
{"action":27,"origin":"ac20","date":"2024-03-01T03:23:20","phones":[],"objects":[],"characters":[103],"vehicles":[],"interiors":[],"accounts":[20],"content":"Spawned","factions":[]}
{"action":27,"origin":"ac20","date":"2024-03-01T03:23:47","phones":[],"objects":[],"characters":[103],"vehicles":[],"interiors":[],"accounts":[20],"content":"Disconnected (Quit) (Name: Franco_Anders)","factions":[]}
