{"action":27,"origin":"ac70","date":"2023-08-24T19:15:20","phones":[],"objects":[],"characters":[],"vehicles":[],"interiors":[],"accounts":[70],"content":"Conectado desde 26.92.0.185 - 37815527FD47AAD85E392E449B2DF702","factions":[]}
{"action":27,"origin":"ac70","date":"2023-08-24T19:15:35","phones":[],"objects":[],"characters":[91],"vehicles":[],"interiors":[],"accounts":[70],"content":"Spawned","factions":[]}
{"action":18,"origin":"ch91","date":"2023-08-24T19:38:32","phones":[],"objects":[],"characters":[91],"vehicles":[],"interiors":[],"accounts":[],"content":"a","factions":[]}
{"action":27,"origin":"ac72","date":"2023-08-24T20:56:30","phones":[],"objects":[],"characters":[],"vehicles":[],"interiors":[],"accounts":[72],"content":"Conectado desde 26.114.86.115 - 6EC9AEABE01AAB0798611259447BA2A2","factions":[]}
{"action":27,"origin":"ac72","date":"2023-08-24T20:57:40","phones":[],"objects":[],"characters":[93],"vehicles":[],"interiors":[],"accounts":[72],"content":"Created","factions":[]}
{"action":27,"origin":"ac72","date":"2023-08-24T20:57:41","phones":[],"objects":[],"characters":[93],"vehicles":[],"interiors":[],"accounts":[72],"content":"Spawned","factions":[]}
{"action":15,"origin":"ch93","date":"2023-08-24T20:57:57","phones":[],"objects":[],"characters":[93,91],"vehicles":[],"interiors":[],"accounts":[],"content":"uwu","factions":[]}
{"action":7,"origin":"ch91","date":"2023-08-24T20:58:14","phones":[],"objects":[],"characters":[91,93],"vehicles":[],"interiors":[],"accounts":[],"content":"English: OLIWIS","factions":[]}
{"action":7,"origin":"ch93","date":"2023-08-24T20:58:19","phones":[],"objects":[],"characters":[93,91],"vehicles":[],"interiors":[],"accounts":[],"content":"English: Hi","factions":[]}
{"action":7,"origin":"ch93","date":"2023-08-24T20:58:27","phones":[],"objects":[],"characters":[93,91],"vehicles":[],"interiors":[],"accounts":[],"content":"English: Como te llamas, soy nuevo en la ciudad","factions":[]}
{"action":7,"origin":"ch93","date":"2023-08-24T20:58:34","phones":[],"objects":[],"characters":[93,91],"vehicles":[],"interiors":[],"accounts":[],"content":"English: Buco trabajo","factions":[]}
{"action":7,"origin":"ch93","date":"2023-08-24T20:58:40","phones":[],"objects":[],"characters":[93,91],"vehicles":[],"interiors":[],"accounts":[],"content":"English: CONTRATAS?","factions":[]}
{"action":7,"origin":"ch91","date":"2023-08-24T20:58:42","phones":[],"objects":[],"characters":[91,93],"vehicles":[],"interiors":[],"accounts":[],"content":"English: No soy real","factions":[]}
{"action":7,"origin":"ch91","date":"2023-08-24T20:58:44","phones":[],"objects":[],"characters":[91,93],"vehicles":[],"interiors":[],"accounts":[],"content":"English: Mira","factions":[]}
{"action":18,"origin":"ch91","date":"2023-08-24T20:58:56","phones":[],"objects":[],"characters":[91,93],"vehicles":[],"interiors":[],"accounts":[],"content":"estan chimbas los maps","factions":[]}
{"action":18,"origin":"ch91","date":"2023-08-24T20:59:01","phones":[],"objects":[],"characters":[91,93],"vehicles":[],"interiors":[],"accounts":[],"content":"te pase algunos que vi","factions":[]}
{"action":18,"origin":"ch91","date":"2023-08-24T20:59:11","phones":[],"objects":[],"characters":[91,93],"vehicles":[],"interiors":[],"accounts":[],"content":"pero hay otros q no agregue pq estoy en eso","factions":[]}
{"action":3,"origin":"ch93","date":"2023-08-24T20:59:11","phones":[],"objects":[],"characters":[91,93],"vehicles":[],"interiors":[],"accounts":[],"content":"este esta raro","factions":[]}
{"action":3,"origin":"ch91","date":"2023-08-24T20:59:22","phones":[],"objects":[],"characters":[91,93],"vehicles":[],"interiors":[],"accounts":[],"content":"exceptuando ese","factions":[]}
{"action":3,"origin":"ch91","date":"2023-08-24T20:59:30","phones":[],"objects":[],"characters":[91,93],"vehicles":[],"interiors":[],"accounts":[],"content":"XD","factions":[]}
{"action":3,"origin":"ch93","date":"2023-08-24T20:59:37","phones":[],"objects":[],"characters":[91,93],"vehicles":[],"interiors":[],"accounts":[],"content":"habria que cambiar todas las posiciones","factions":[]}
{"action":3,"origin":"ch91","date":"2023-08-24T20:59:39","phones":[],"objects":[],"characters":[91,93],"vehicles":[],"interiors":[],"accounts":[],"content":"hay map por los puertos de ls tmb","factions":[]}
{"action":3,"origin":"ch91","date":"2023-08-24T20:59:59","phones":[],"objects":[],"characters":[91,93],"vehicles":[],"interiors":[],"accounts":[],"content":"QUE ES ESTO","factions":[]}
{"action":3,"origin":"ch91","date":"2023-08-24T21:00:01","phones":[],"objects":[],"characters":[91,93],"vehicles":[],"interiors":[],"accounts":[],"content":"JASJDJSADJ","factions":[]}
{"action":3,"origin":"ch93","date":"2023-08-24T21:00:04","phones":[],"objects":[],"characters":[91,93],"vehicles":[],"interiors":[],"accounts":[],"content":"Aja, tmb tendriamos que a침adir las gates de aca de LS, la de PD y eso","factions":[]}
{"action":3,"origin":"ch93","date":"2023-08-24T21:00:25","phones":[],"objects":[],"characters":[91,93],"vehicles":[],"interiors":[],"accounts":[],"content":"JAJAJAJAJAJA este es un interior que hice","factions":[]}
{"action":3,"origin":"ch91","date":"2023-08-24T21:00:30","phones":[],"objects":[],"characters":[91,93],"vehicles":[],"interiors":[],"accounts":[],"content":"ah","factions":[]}
{"action":3,"origin":"ch93","date":"2023-08-24T21:00:32","phones":[],"objects":[],"characters":[91,93],"vehicles":[],"interiors":[],"accounts":[],"content":"o estaba en proceso","factions":[]}
{"action":3,"origin":"ch91","date":"2023-08-24T21:00:36","phones":[],"objects":[],"characters":[91,93],"vehicles":[],"interiors":[],"accounts":[],"content":"ya decia q se volvieron locos","factions":[]}
{"action":3,"origin":"ch93","date":"2023-08-24T21:00:46","phones":[],"objects":[],"characters":[91,93],"vehicles":[],"interiors":[],"accounts":[],"content":"se tiene que cambiar el int y se quita","factions":[]}
{"action":3,"origin":"ch93","date":"2023-08-24T21:00:57","phones":[],"objects":[],"characters":[91,93],"vehicles":[],"interiors":[],"accounts":[],"content":"la dim\"","factions":[]}
{"action":3,"origin":"ch91","date":"2023-08-24T21:01:10","phones":[],"objects":[],"characters":[91,93],"vehicles":[],"interiors":[],"accounts":[],"content":"mira esto","factions":[]}
{"action":3,"origin":"ch91","date":"2023-08-24T21:01:22","phones":[],"objects":[],"characters":[91,93],"vehicles":[],"interiors":[],"accounts":[],"content":"se ve q estaban en proceso algunos","factions":[]}
{"action":3,"origin":"ch93","date":"2023-08-24T21:02:43","phones":[],"objects":[],"characters":[91,93],"vehicles":[],"interiors":[],"accounts":[],"content":"como era para cambiar el cielo?","factions":[]}
{"action":3,"origin":"ch93","date":"2023-08-24T21:02:59","phones":[],"objects":[],"characters":[91,93],"vehicles":[],"interiors":[],"accounts":[],"content":"lo veo todo negr","factions":[]}
{"action":4,"origin":"ch93","date":"2023-08-24T21:03:42","phones":[],"objects":[],"characters":[93],"vehicles":[],"interiors":[],"accounts":[],"content":"SET INTO FACTION LEADER","factions":[1]}
{"action":6,"origin":"ch93","date":"2023-08-24T21:04:42","phones":[],"objects":[],"characters":[],"vehicles":[293],"interiors":[],"accounts":[],"content":"getveh","factions":[]}
{"action":31,"origin":"ch93","date":"2023-08-24T21:04:53","phones":[],"objects":[],"characters":[93],"vehicles":[293],"interiors":[],"accounts":[],"content":"STARTED ENGINE","factions":[]}
{"action":40,"origin":"ch93","date":"2023-08-24T21:05:24","phones":[],"objects":[],"characters":[93],"vehicles":[],"interiors":[],"accounts":[],"content":"Alejandro Varela se abrocha el cintur칩n de seguridad.","factions":[]}
{"action":40,"origin":"ch91","date":"2023-08-24T21:05:28","phones":[],"objects":[],"characters":[91,93],"vehicles":[],"interiors":[],"accounts":[],"content":"Martin Dreko su pierna derecha ha sido golpeada.","factions":[]}
{"action":7,"origin":"ch91","date":"2023-08-24T21:05:38","phones":[],"objects":[],"characters":[91,93],"vehicles":[293,293],"interiors":[],"accounts":[],"content":"English: INCAR O","factions":[]}
{"action":3,"origin":"ch91","date":"2023-08-24T21:05:53","phones":[],"objects":[],"characters":[91,93],"vehicles":[],"interiors":[],"accounts":[],"content":"en f10 quiza","factions":[]}
{"action":3,"origin":"ch91","date":"2023-08-24T21:06:02","phones":[],"objects":[],"characters":[91,93],"vehicles":[],"interiors":[],"accounts":[],"content":"estoy agregando maps q no tan","factions":[]}
{"action":3,"origin":"ch91","date":"2023-08-24T21:06:06","phones":[],"objects":[],"characters":[91,93],"vehicles":[],"interiors":[],"accounts":[],"content":"si me ausento es eso","factions":[]}
{"action":3,"origin":"ch93","date":"2023-08-24T21:06:15","phones":[],"objects":[],"characters":[91,93],"vehicles":[],"interiors":[],"accounts":[],"content":"oka","factions":[]}
{"action":3,"origin":"ch93","date":"2023-08-24T21:07:11","phones":[],"objects":[],"characters":[91,93],"vehicles":[],"interiors":[],"accounts":[],"content":"cuando puedas a침adame al acl","factions":[]}
{"action":3,"origin":"ch91","date":"2023-08-24T21:08:00","phones":[],"objects":[],"characters":[91,93],"vehicles":[],"interiors":[],"accounts":[],"content":"me cai","factions":[]}
{"action":40,"origin":"ch91","date":"2023-08-24T21:08:10","phones":[],"objects":[],"characters":[91,93],"vehicles":[],"interiors":[],"accounts":[],"content":"Martin Dreko se abrocha el cintur칩n de seguridad.","factions":[]}
{"action":3,"origin":"ch93","date":"2023-08-24T21:08:13","phones":[],"objects":[],"characters":[91,93],"vehicles":[],"interiors":[],"accounts":[],"content":"sabes como se activava la radio?","factions":[]}
{"action":40,"origin":"ch93","date":"2023-08-24T21:08:23","phones":[],"objects":[],"characters":[91,93],"vehicles":[],"interiors":[],"accounts":[],"content":"Alejandro Varela rolls their windows down.","factions":[]}
{"action":40,"origin":"ch93","date":"2023-08-24T21:08:24","phones":[],"objects":[],"characters":[91,93],"vehicles":[],"interiors":[],"accounts":[],"content":"Alejandro Varela rolls their windows up.","factions":[]}
{"action":40,"origin":"ch93","date":"2023-08-24T21:08:25","phones":[],"objects":[],"characters":[91,93],"vehicles":[],"interiors":[],"accounts":[],"content":"Alejandro Varela se desabrocha el cintur칩n de seguridad.","factions":[]}
{"action":40,"origin":"ch93","date":"2023-08-24T21:08:27","phones":[],"objects":[],"characters":[91,93],"vehicles":[],"interiors":[],"accounts":[],"content":"Alejandro Varela se abrocha el cintur칩n de seguridad.","factions":[]}
{"action":3,"origin":"ch91","date":"2023-08-24T21:08:37","phones":[],"objects":[],"characters":[91,93],"vehicles":[],"interiors":[],"accounts":[],"content":"en f10 la configurabas, con links","factions":[]}
{"action":31,"origin":"ch93","date":"2023-08-24T21:08:45","phones":[],"objects":[],"characters":[93],"vehicles":[293],"interiors":[],"accounts":[],"content":"STARTED ENGINE","factions":[]}
{"action":3,"origin":"ch93","date":"2023-08-24T21:09:21","phones":[],"objects":[],"characters":[91,93],"vehicles":[],"interiors":[],"accounts":[],"content":"por eso pero coomo se activava en el carro","factions":[]}
{"action":7,"origin":"ch91","date":"2023-08-24T21:09:32","phones":[],"objects":[],"characters":[91,93],"vehicles":[293,293],"interiors":[],"accounts":[],"content":"English: INCAR E","factions":[]}
{"action":40,"origin":"ch91","date":"2023-08-24T21:09:36","phones":[],"objects":[],"characters":[91,93],"vehicles":[],"interiors":[],"accounts":[],"content":"Martin Dreko se desabrocha el cintur칩n de seguridad.","factions":[]}
{"action":7,"origin":"ch91","date":"2023-08-24T21:09:39","phones":[],"objects":[],"characters":[91],"vehicles":[],"interiors":[],"accounts":[],"content":"English: A ve","factions":[]}
{"action":40,"origin":"ch93","date":"2023-08-24T21:09:42","phones":[],"objects":[],"characters":[91,93],"vehicles":[],"interiors":[],"accounts":[],"content":"Alejandro Varela se desabrocha el cintur칩n de seguridad.","factions":[]}
{"action":7,"origin":"ch91","date":"2023-08-24T21:09:48","phones":[],"objects":[],"characters":[91],"vehicles":[293,293],"interiors":[],"accounts":[],"content":"English: INCAR Con la ruedita","factions":[]}
{"action":7,"origin":"ch91","date":"2023-08-24T21:09:50","phones":[],"objects":[],"characters":[91,93],"vehicles":[],"interiors":[],"accounts":[],"content":"English: Ruedita","factions":[]}
{"action":8,"origin":"ch93","date":"2023-08-24T21:09:57","phones":[],"objects":[],"characters":[91,93],"vehicles":[],"interiors":[],"accounts":[],"content":"\/giveweapon","factions":[]}
{"action":7,"origin":"ch93","date":"2023-08-24T21:10:40","phones":[],"objects":[],"characters":[93,91],"vehicles":[293,293],"interiors":[],"accounts":[],"content":"English: INCAR Lo tenia desactivado jsjsjs","factions":[]}
{"action":4,"origin":"ch93","date":"2023-08-24T21:13:31","phones":[],"objects":[],"characters":[93],"vehicles":[],"interiors":[],"accounts":[],"content":"GIVEITEM Luces de emergencia 1","factions":[]}
{"action":7,"origin":"ch91","date":"2023-08-24T21:13:50","phones":[],"objects":[],"characters":[91,93],"vehicles":[293,293],"interiors":[],"accounts":[],"content":"English: INCAR Quedan pocos","factions":[]}
{"action":4,"origin":"ch93","date":"2023-08-24T21:13:51","phones":[],"objects":[],"characters":[93],"vehicles":[],"interiors":[],"accounts":[],"content":"GIVEITEM Sirena de Emergencia (Polic칤a) 1","factions":[]}
{"action":40,"origin":"ch93","date":"2023-08-24T21:13:58","phones":[],"objects":[],"characters":[91,93],"vehicles":[],"interiors":[],"accounts":[],"content":"Alejandro Varela coloca Sirena de Emergencia (Polic칤a) dentro de 2018 Ford Explorer.","factions":[]}
{"action":39,"origin":"ch93","date":"2023-08-24T21:13:58","phones":[],"objects":[],"characters":[93],"vehicles":[],"interiors":[],"accounts":[],"content":"Alejandro_Varela->2018 Ford Explorer #293 - Item ID: 85 - Sirena de Emergencia (Polic칤a) @ (1458.75390625, -1442.623046875, 13.135811805725) in (int 0, dim 0)","factions":[]}
{"action":40,"origin":"ch93","date":"2023-08-24T21:13:59","phones":[],"objects":[],"characters":[91,93],"vehicles":[],"interiors":[],"accounts":[],"content":"Alejandro Varela coloca Luces de emergencia dentro de 2018 Ford Explorer.","factions":[]}
{"action":39,"origin":"ch93","date":"2023-08-24T21:13:59","phones":[],"objects":[],"characters":[93],"vehicles":[],"interiors":[],"accounts":[],"content":"Alejandro_Varela->2018 Ford Explorer #293 - Item ID: 61 - Luces de emergencia @ (1458.75390625, -1442.623046875, 13.135811805725) in (int 0, dim 0)","factions":[]}
{"action":7,"origin":"ch93","date":"2023-08-24T21:14:07","phones":[],"objects":[],"characters":[93,91],"vehicles":[293,293],"interiors":[],"accounts":[],"content":"English: INCAR Activa si quieres las skins","factions":[]}
{"action":40,"origin":"ch93","date":"2023-08-24T21:14:09","phones":[],"objects":[],"characters":[91,93],"vehicles":[],"interiors":[],"accounts":[],"content":"Alejandro Varela se abrocha el cintur칩n de seguridad.","factions":[]}
{"action":7,"origin":"ch93","date":"2023-08-24T21:14:19","phones":[],"objects":[],"characters":[93,91],"vehicles":[293,293],"interiors":[],"accounts":[],"content":"English: INCAR Que por cierto tendriamos que remplazarlas tmb","factions":[]}
{"action":40,"origin":"ch93","date":"2023-08-24T21:14:41","phones":[],"objects":[],"characters":[91,93],"vehicles":[],"interiors":[],"accounts":[],"content":"Alejandro Varela se desabrocha el cintur칩n de seguridad.","factions":[]}
{"action":7,"origin":"ch91","date":"2023-08-24T21:14:41","phones":[],"objects":[],"characters":[91,93],"vehicles":[293,293],"interiors":[],"accounts":[],"content":"English: INCAR Va","factions":[]}
{"action":40,"origin":"ch93","date":"2023-08-24T21:14:44","phones":[],"objects":[],"characters":[91,93],"vehicles":[],"interiors":[],"accounts":[],"content":"Alejandro Varela se abrocha el cintur칩n de seguridad.","factions":[]}
{"action":8,"origin":"ch91","date":"2023-08-24T21:15:04","phones":[],"objects":[],"characters":[91,93],"vehicles":[],"interiors":[],"accounts":[],"content":"muri","factions":[]}
{"action":40,"origin":"ch91","date":"2023-08-24T21:15:18","phones":[],"objects":[],"characters":[91,93],"vehicles":[],"interiors":[],"accounts":[],"content":"Martin Dreko se abrocha el cintur칩n de seguridad.","factions":[]}
{"action":34,"origin":"ch91","date":"2023-08-24T21:16:53","phones":[],"objects":[],"characters":[91],"vehicles":[],"interiors":[],"accounts":[],"content":" died","factions":[]}
{"action":40,"origin":"ch93","date":"2023-08-24T21:17:02","phones":[],"objects":[],"characters":[93],"vehicles":[],"interiors":[],"accounts":[],"content":"Alejandro Varela se desabrocha el cintur칩n de seguridad.","factions":[]}
{"action":4,"origin":"ch93","date":"2023-08-24T21:17:04","phones":[],"objects":[],"characters":[91],"vehicles":[],"interiors":[],"accounts":[],"content":"REVIVED from PK","factions":[]}
{"action":31,"origin":"ch93","date":"2023-08-24T21:17:14","phones":[],"objects":[],"characters":[93],"vehicles":[],"interiors":[262],"accounts":[],"content":"ENTERED","factions":[]}
{"action":31,"origin":"ch93","date":"2023-08-24T21:17:59","phones":[],"objects":[],"characters":[93],"vehicles":[],"interiors":[262],"accounts":[],"content":"EXITED","factions":[]}
{"action":31,"origin":"ch93","date":"2023-08-24T21:18:10","phones":[],"objects":[],"characters":[93],"vehicles":[],"interiors":[368],"accounts":[],"content":"ENTERED","factions":[]}
{"action":35,"origin":"ch93","date":"2023-08-24T21:19:34","phones":[],"objects":[],"characters":[],"vehicles":[],"interiors":[],"accounts":[],"content":"Revised duty Sheriff Database ID #3","factions":[1]}
{"action":37,"origin":"ch93","date":"2023-08-24T21:21:46","phones":[],"objects":[],"characters":[],"vehicles":[],"interiors":[368],"accounts":[],"content":"SETINTFACTION INTERIOR ID#368 TO FACTION 'Riverside Sheriff압 Department'","factions":[]}
{"action":18,"origin":"ch91","date":"2023-08-24T21:21:52","phones":[],"objects":[],"characters":[91,93],"vehicles":[],"interiors":[],"accounts":[],"content":"SHA","factions":[]}
{"action":18,"origin":"ch91","date":"2023-08-24T21:22:04","phones":[],"objects":[],"characters":[91,93],"vehicles":[],"interiors":[],"accounts":[],"content":"ojo reinicio map","factions":[]}
{"action":18,"origin":"ch91","date":"2023-08-24T21:22:20","phones":[],"objects":[],"characters":[91,93],"vehicles":[],"interiors":[],"accounts":[],"content":"no dio error","factions":[]}
{"action":18,"origin":"ch91","date":"2023-08-24T21:22:21","phones":[],"objects":[],"characters":[91,93],"vehicles":[],"interiors":[],"accounts":[],"content":"god","factions":[]}
{"action":35,"origin":"ch93","date":"2023-08-24T21:22:38","phones":[],"objects":[],"characters":[],"vehicles":[],"interiors":[],"accounts":[],"content":"Added location, Name:Garaje Database ID:41 x:1923.5361 y:-2383.9438 z:13.566853 radius:10 interior:56 dimension:368","factions":[1]}
{"action":7,"origin":"ch91","date":"2023-08-24T21:22:50","phones":[],"objects":[],"characters":[91,93],"vehicles":[],"interiors":[368],"accounts":[],"content":"English: Alejandro varela","factions":[]}
{"action":35,"origin":"ch93","date":"2023-08-24T21:22:52","phones":[],"objects":[],"characters":[],"vehicles":[],"interiors":[],"accounts":[],"content":"Revised duty Sheriff Database ID #3","factions":[1]}
{"action":31,"origin":"ch91","date":"2023-08-24T21:22:53","phones":[],"objects":[],"characters":[91],"vehicles":[],"interiors":[368],"accounts":[],"content":"EXITED","factions":[]}
{"action":3,"origin":"ch93","date":"2023-08-24T21:23:06","phones":[],"objects":[],"characters":[91,93],"vehicles":[],"interiors":[],"accounts":[],"content":"estoy probando el duty jsjsjs","factions":[]}
{"action":3,"origin":"ch91","date":"2023-08-24T21:23:10","phones":[],"objects":[],"characters":[91,93],"vehicles":[],"interiors":[],"accounts":[],"content":"a","factions":[]}
{"action":3,"origin":"ch91","date":"2023-08-24T21:23:13","phones":[],"objects":[],"characters":[91,93],"vehicles":[],"interiors":[],"accounts":[],"content":"oc","factions":[]}
{"action":3,"origin":"ch91","date":"2023-08-24T21:23:32","phones":[],"objects":[],"characters":[91,93],"vehicles":[],"interiors":[],"accounts":[],"content":"bueno, hay maps q tenian hasta scripts","factions":[]}
{"action":3,"origin":"ch91","date":"2023-08-24T21:23:37","phones":[],"objects":[],"characters":[91,93],"vehicles":[],"interiors":[],"accounts":[],"content":"logr칠 ponerlos","factions":[]}
{"action":35,"origin":"ch93","date":"2023-08-24T21:24:19","phones":[],"objects":[],"characters":[],"vehicles":[],"interiors":[],"accounts":[],"content":"Revised duty Sheriff Database ID #3","factions":[1]}
{"action":3,"origin":"ch91","date":"2023-08-24T21:24:48","phones":[],"objects":[],"characters":[91,93],"vehicles":[],"interiors":[],"accounts":[],"content":"a","factions":[]}
{"action":3,"origin":"ch91","date":"2023-08-24T21:24:59","phones":[],"objects":[],"characters":[91,93],"vehicles":[],"interiors":[],"accounts":[],"content":"no se inicio por un peque침o detalle","factions":[]}
{"action":3,"origin":"ch93","date":"2023-08-24T21:25:07","phones":[],"objects":[],"characters":[91,93],"vehicles":[],"interiors":[],"accounts":[],"content":"pq'?","factions":[]}
{"action":39,"origin":"ch93","date":"2023-08-24T21:25:21","phones":[],"objects":[],"characters":[93],"vehicles":[],"interiors":[],"accounts":[],"content":"Alejandro_Varela -> ~World #5265 - Carcasa de la c치scara - 5.56mm casing @ (1953.5972, -2422.8733, 12.573814) in (int 56, dim 368)","factions":[]}
{"action":3,"origin":"ch93","date":"2023-08-24T21:25:29","phones":[],"objects":[],"characters":[91,93],"vehicles":[],"interiors":[],"accounts":[],"content":"me salgo uns eg","factions":[]}
{"action":27,"origin":"ac72","date":"2023-08-24T21:25:34","phones":[],"objects":[],"characters":[93],"vehicles":[],"interiors":[],"accounts":[72],"content":"Disconnected (Quit) (Name: Alejandro_Varela)","factions":[]}
{"action":3,"origin":"ch91","date":"2023-08-24T21:25:34","phones":[],"objects":[],"characters":[91],"vehicles":[],"interiors":[],"accounts":[],"content":"bueno","factions":[]}
{"action":27,"origin":"ac72","date":"2023-08-24T21:27:01","phones":[],"objects":[],"characters":[],"vehicles":[],"interiors":[],"accounts":[72],"content":"Conectado desde 26.114.86.115 - 6EC9AEABE01AAB0798611259447BA2A2","factions":[]}
{"action":27,"origin":"ac72","date":"2023-08-24T21:27:11","phones":[],"objects":[],"characters":[93],"vehicles":[],"interiors":[],"accounts":[72],"content":"Spawned","factions":[]}
{"action":3,"origin":"ch91","date":"2023-08-24T21:27:24","phones":[],"objects":[],"characters":[91,93],"vehicles":[],"interiors":[],"accounts":[],"content":"ta, lo inicio","factions":[]}
{"action":4,"origin":"ch93","date":"2023-08-24T21:27:38","phones":[],"objects":[],"characters":[93],"vehicles":[],"interiors":[],"accounts":[],"content":"GIVEITEM Bolsa de lona 1","factions":[]}
{"action":4,"origin":"ch93","date":"2023-08-24T21:27:41","phones":[],"objects":[],"characters":[93],"vehicles":[],"interiors":[],"accounts":[],"content":"GIVEITEM Bolsa m칠dica 1","factions":[]}
{"action":4,"origin":"ch93","date":"2023-08-24T21:27:52","phones":[],"objects":[],"characters":[93],"vehicles":[],"interiors":[],"accounts":[],"content":"GIVEITEM Maleta 1","factions":[]}
{"action":4,"origin":"ch93","date":"2023-08-24T21:28:10","phones":[],"objects":[],"characters":[93],"vehicles":[],"interiors":[],"accounts":[],"content":"GIVEITEM Mochila 1","factions":[]}
{"action":4,"origin":"ch93","date":"2023-08-24T21:28:13","phones":[],"objects":[],"characters":[93],"vehicles":[],"interiors":[],"accounts":[],"content":"GIVEITEM M치scara de Ski 1","factions":[]}
{"action":4,"origin":"ch93","date":"2023-08-24T21:28:32","phones":[],"objects":[],"characters":[93],"vehicles":[],"interiors":[],"accounts":[],"content":"GIVEITEM Placa RSSD Riverside County Sheriff Department","factions":[]}
{"action":4,"origin":"ch93","date":"2023-08-24T21:28:47","phones":[],"objects":[],"characters":[93],"vehicles":[],"interiors":[],"accounts":[],"content":"GIVEITEM Placa RSSD Riverside County Sheriff Department","factions":[]}
{"action":4,"origin":"ch93","date":"2023-08-24T21:28:56","phones":[],"objects":[],"characters":[93],"vehicles":[],"interiors":[],"accounts":[],"content":"GIVEITEM Reproductor MP3 1","factions":[]}
{"action":40,"origin":"ch93","date":"2023-08-24T21:29:13","phones":[],"objects":[],"characters":[93],"vehicles":[],"interiors":[],"accounts":[],"content":"Alejandro Varela se coloca una m치scara de gas en su cara.","factions":[]}
{"action":3,"origin":"ch93","date":"2023-08-24T21:29:25","phones":[],"objects":[],"characters":[91,93],"vehicles":[],"interiors":[],"accounts":[],"content":"a","factions":[]}
{"action":40,"origin":"ch93","date":"2023-08-24T21:31:06","phones":[],"objects":[],"characters":[93],"vehicles":[],"interiors":[],"accounts":[],"content":"Alejandro Varela se pone un LSPD badge.","factions":[]}
{"action":40,"origin":"ch93","date":"2023-08-24T21:31:07","phones":[],"objects":[],"characters":[93],"vehicles":[],"interiors":[],"accounts":[],"content":"Alejandro Varela Destruye un Placa RSSD.","factions":[]}
{"action":40,"origin":"ch93","date":"2023-08-24T21:31:09","phones":[],"objects":[],"characters":[93],"vehicles":[],"interiors":[],"accounts":[],"content":"Alejandro Varela se coloca una m치scara en su cabeza.","factions":[]}
{"action":40,"origin":"ch93","date":"2023-08-24T21:31:11","phones":[],"objects":[],"characters":[93],"vehicles":[],"interiors":[],"accounts":[],"content":"Alejandro Varela se quita una m치scara de su cabeza.","factions":[]}
{"action":40,"origin":"ch93","date":"2023-08-24T21:31:13","phones":[],"objects":[],"characters":[93],"vehicles":[],"interiors":[],"accounts":[],"content":"Alejandro Varela se coloca una m치scara de gas en su cara.","factions":[]}
{"action":40,"origin":"ch93","date":"2023-08-24T21:31:28","phones":[],"objects":[],"characters":[93],"vehicles":[],"interiors":[],"accounts":[],"content":"Alejandro Varela se quita una m치scara de su cabeza.","factions":[]}
{"action":40,"origin":"ch93","date":"2023-08-24T21:32:01","phones":[],"objects":[],"characters":[93],"vehicles":[],"interiors":[],"accounts":[],"content":"Alejandro Varela se abrocha el cintur칩n de seguridad.","factions":[]}
{"action":40,"origin":"ch93","date":"2023-08-24T21:32:05","phones":[],"objects":[],"characters":[93],"vehicles":[],"interiors":[],"accounts":[],"content":"Alejandro Varela locks the vehicle doors.","factions":[]}
{"action":31,"origin":"ch93","date":"2023-08-24T21:32:05","phones":[],"objects":[],"characters":[],"vehicles":[280],"interiors":[],"accounts":[],"content":"LOCK FROM INSIDE","factions":[]}
{"action":40,"origin":"ch91","date":"2023-08-24T21:32:10","phones":[],"objects":[],"characters":[91,93],"vehicles":[],"interiors":[],"accounts":[],"content":"Martin Dreko su pierna derecha ha sido golpeada.","factions":[]}
{"action":7,"origin":"ch91","date":"2023-08-24T21:32:21","phones":[],"objects":[],"characters":[91,93],"vehicles":[],"interiors":[],"accounts":[],"content":"English: Se sobre pusieron algunos","factions":[]}
{"action":7,"origin":"ch91","date":"2023-08-24T21:32:24","phones":[],"objects":[],"characters":[91,93],"vehicles":[],"interiors":[],"accounts":[],"content":"English: Este por ejemplo","factions":[]}
{"action":8,"origin":"ch93","date":"2023-08-24T21:32:25","phones":[],"objects":[],"characters":[91,93],"vehicles":[],"interiors":[],"accounts":[],"content":"sisa","factions":[]}
{"action":4,"origin":"ch91","date":"2023-08-24T21:32:33","phones":[],"objects":[],"characters":[91],"vehicles":[],"interiors":[],"accounts":[],"content":"AHEAL 100","factions":[]}
{"action":40,"origin":"ch93","date":"2023-08-24T21:32:41","phones":[],"objects":[],"characters":[91,93],"vehicles":[],"interiors":[],"accounts":[],"content":"Alejandro Varela presses on the key to unlock the vehicle. ((2020 Chevrolet Tahoe))","factions":[]}
{"action":31,"origin":"ch93","date":"2023-08-24T21:32:41","phones":[],"objects":[],"characters":[],"vehicles":[280],"interiors":[],"accounts":[],"content":"UNLOCK FROM OUTSIDE","factions":[]}
{"action":6,"origin":"ch93","date":"2023-08-24T21:32:46","phones":[],"objects":[],"characters":[93],"vehicles":[280],"interiors":[],"accounts":[],"content":"FIXVEH","factions":[]}
{"action":40,"origin":"ch93","date":"2023-08-24T21:32:47","phones":[],"objects":[],"characters":[91,93],"vehicles":[],"interiors":[],"accounts":[],"content":"Alejandro Varela se desabrocha el cintur칩n de seguridad.","factions":[]}
{"action":40,"origin":"ch93","date":"2023-08-24T21:32:48","phones":[],"objects":[],"characters":[93],"vehicles":[],"interiors":[],"accounts":[],"content":"Alejandro Varela se abrocha el cintur칩n de seguridad.","factions":[]}
{"action":3,"origin":"ch91","date":"2023-08-24T21:32:52","phones":[],"objects":[],"characters":[91,93],"vehicles":[],"interiors":[],"accounts":[],"content":"este es un script individual, ahora lo arreglo, veamos los demas","factions":[]}
{"action":3,"origin":"ch91","date":"2023-08-24T21:33:03","phones":[],"objects":[],"characters":[91,93],"vehicles":[],"interiors":[],"accounts":[],"content":"Y ESTO","factions":[]}
{"action":3,"origin":"ch91","date":"2023-08-24T21:33:07","phones":[],"objects":[],"characters":[91,93],"vehicles":[],"interiors":[],"accounts":[],"content":"XDD","factions":[]}
{"action":4,"origin":"ch93","date":"2023-08-24T21:33:11","phones":[],"objects":[],"characters":[93],"vehicles":[],"interiors":[],"accounts":[],"content":"GIVEITEM Luces de emergencia 1","factions":[]}
{"action":4,"origin":"ch93","date":"2023-08-24T21:33:15","phones":[],"objects":[],"characters":[93],"vehicles":[],"interiors":[],"accounts":[],"content":"GIVEITEM Sirena de Emergencia (Polic칤a) 1","factions":[]}
{"action":40,"origin":"ch93","date":"2023-08-24T21:33:25","phones":[],"objects":[],"characters":[91,93],"vehicles":[],"interiors":[],"accounts":[],"content":"Alejandro Varela coloca Sirena de Emergencia (Polic칤a) dentro de 2020 Chevrolet Tahoe.","factions":[]}
{"action":39,"origin":"ch93","date":"2023-08-24T21:33:25","phones":[],"objects":[],"characters":[93],"vehicles":[],"interiors":[],"accounts":[],"content":"Alejandro_Varela->2020 Chevrolet Tahoe #280 - Item ID: 85 - Sirena de Emergencia (Polic칤a) @ (1946.2275390625, -1686.5771484375, 5.9511332511902) in (int 0, dim 0)","factions":[]}
{"action":40,"origin":"ch93","date":"2023-08-24T21:33:27","phones":[],"objects":[],"characters":[91,93],"vehicles":[],"interiors":[],"accounts":[],"content":"Alejandro Varela coloca Luces de emergencia dentro de 2020 Chevrolet Tahoe.","factions":[]}
{"action":39,"origin":"ch93","date":"2023-08-24T21:33:27","phones":[],"objects":[],"characters":[93],"vehicles":[],"interiors":[],"accounts":[],"content":"Alejandro_Varela->2020 Chevrolet Tahoe #280 - Item ID: 61 - Luces de emergencia @ (1946.2275390625, -1686.5771484375, 5.9511332511902) in (int 0, dim 0)","factions":[]}
{"action":4,"origin":"ch91","date":"2023-08-24T21:33:31","phones":[],"objects":[],"characters":[91],"vehicles":[],"interiors":[],"accounts":[],"content":"FREECAM","factions":[]}
{"action":3,"origin":"ch93","date":"2023-08-24T21:33:41","phones":[],"objects":[],"characters":[91,93],"vehicles":[],"interiors":[],"accounts":[],"content":"imaginate una venta de drogas aqui toda fumada","factions":[]}
{"action":3,"origin":"ch93","date":"2023-08-24T21:33:58","phones":[],"objects":[],"characters":[91,93],"vehicles":[],"interiors":[],"accounts":[],"content":"o un job de construccion tmb","factions":[]}
{"action":40,"origin":"ch93","date":"2023-08-24T21:34:02","phones":[],"objects":[],"characters":[91,93],"vehicles":[],"interiors":[],"accounts":[],"content":"Alejandro Varela se desabrocha el cintur칩n de seguridad.","factions":[]}
{"action":7,"origin":"ch91","date":"2023-08-24T21:34:03","phones":[],"objects":[],"characters":[91,93],"vehicles":[],"interiors":[],"accounts":[],"content":"English: Es eso","factions":[]}
{"action":7,"origin":"ch91","date":"2023-08-24T21:34:05","phones":[],"objects":[],"characters":[91,93],"vehicles":[],"interiors":[],"accounts":[],"content":"English: Parece","factions":[]}
{"action":39,"origin":"ch93","date":"2023-08-24T21:34:12","phones":[],"objects":[],"characters":[93],"vehicles":[],"interiors":[],"accounts":[],"content":"Alejandro_Varela -> ~World #5266 - Carcasa de la c치scara - 5.56mm casing @ (1946.0715, -1655.5574, 5.890007) in (int 0, dim 0)","factions":[]}
{"action":13,"origin":"ch93","date":"2023-08-24T21:34:13","phones":[],"objects":[],"characters":[91,93],"vehicles":[],"interiors":[],"accounts":[],"content":"Se escuchar칤a una serie de fuertes disparos de fusil, que resuenan en los alrededores","factions":[]}
{"action":39,"origin":"ch93","date":"2023-08-24T21:34:19","phones":[],"objects":[],"characters":[93],"vehicles":[],"interiors":[],"accounts":[],"content":"Alejandro_Varela -> ~World #5267 - Carcasa de la c치scara - 18 casings of 5.56mm @ (1945.6626, -1659.9712, 5.5441461) in (int 0, dim 0)","factions":[]}
{"action":39,"origin":"ch93","date":"2023-08-24T21:34:21","phones":[],"objects":[],"characters":[93],"vehicles":[],"interiors":[],"accounts":[],"content":"Alejandro_Varela -> ~World #5268 - Carcasa de la c치scara - 3 casings of 5.56mm @ (1944.0892, -1662.6105, 5.0534234) in (int 0, dim 0)","factions":[]}
{"action":7,"origin":"ch91","date":"2023-08-24T21:34:21","phones":[],"objects":[],"characters":[91,93],"vehicles":[],"interiors":[],"accounts":[],"content":"English: Una mineria","factions":[]}
{"action":39,"origin":"ch93","date":"2023-08-24T21:34:23","phones":[],"objects":[],"characters":[93],"vehicles":[],"interiors":[],"accounts":[],"content":"Alejandro_Varela -> ~World #5269 - Carcasa de la c치scara - 3 casings of 5.56mm @ (1945.3094, -1666.261, 4.5581889) in (int 0, dim 0)","factions":[]}
{"action":39,"origin":"ch93","date":"2023-08-24T21:34:24","phones":[],"objects":[],"characters":[93],"vehicles":[],"interiors":[],"accounts":[],"content":"Alejandro_Varela -> ~World #5270 - Carcasa de la c치scara - 5.56mm casing @ (1944.9623, -1668.3004, 4.6790614) in (int 0, dim 0)","factions":[]}
{"action":7,"origin":"ch91","date":"2023-08-24T21:34:26","phones":[],"objects":[],"characters":[91,93],"vehicles":[],"interiors":[],"accounts":[],"content":"English: Ah k","factions":[]}
{"action":7,"origin":"ch91","date":"2023-08-24T21:34:32","phones":[],"objects":[],"characters":[91,93],"vehicles":[],"interiors":[],"accounts":[],"content":"English: Que hacia en medio del a ciudad","factions":[]}
{"action":40,"origin":"ch91","date":"2023-08-24T21:34:33","phones":[],"objects":[],"characters":[91,93],"vehicles":[],"interiors":[],"accounts":[],"content":"Martin Dreko su pierna izquierda ha sido golpeada.","factions":[]}
{"action":39,"origin":"ch93","date":"2023-08-24T21:34:34","phones":[],"objects":[],"characters":[93],"vehicles":[],"interiors":[],"accounts":[],"content":"Alejandro_Varela -> ~World #5271 - Carcasa de la c치scara - 5.56mm casing @ (1939.8448, -1674.3718, 4.0839891) in (int 0, dim 0)","factions":[]}
{"action":4,"origin":"ch91","date":"2023-08-24T21:34:37","phones":[],"objects":[],"characters":[91],"vehicles":[],"interiors":[],"accounts":[],"content":"AHEAL 100","factions":[]}
{"action":40,"origin":"ch91","date":"2023-08-24T21:34:38","phones":[],"objects":[],"characters":[91,93],"vehicles":[],"interiors":[],"accounts":[],"content":"Martin Dreko su pierna derecha ha sido golpeada.","factions":[]}
{"action":39,"origin":"ch93","date":"2023-08-24T21:34:39","phones":[],"objects":[],"characters":[93],"vehicles":[],"interiors":[],"accounts":[],"content":"Alejandro_Varela -> ~World #5272 - Carcasa de la c치scara - 5.56mm casing @ (1940.4243, -1676.1285, 6.2091908) in (int 0, dim 0)","factions":[]}
{"action":7,"origin":"ch91","date":"2023-08-24T21:34:46","phones":[],"objects":[],"characters":[91,93],"vehicles":[],"interiors":[],"accounts":[],"content":"English: Hay otros mas","factions":[]}
{"action":7,"origin":"ch91","date":"2023-08-24T21:34:50","phones":[],"objects":[],"characters":[91,93],"vehicles":[],"interiors":[],"accounts":[],"content":"English: No se onde","factions":[]}
{"action":3,"origin":"ch93","date":"2023-08-24T21:34:51","phones":[],"objects":[],"characters":[91,93],"vehicles":[],"interiors":[],"accounts":[],"content":"esto es donde pasa el agua residual sjsjsjs","factions":[]}
{"action":3,"origin":"ch93","date":"2023-08-24T21:34:56","phones":[],"objects":[],"characters":[91,93],"vehicles":[],"interiors":[],"accounts":[],"content":"recidual","factions":[]}
{"action":4,"origin":"ch91","date":"2023-08-24T21:35:00","phones":[],"objects":[],"characters":[91],"vehicles":[],"interiors":[],"accounts":[],"content":"AHEAL 100","factions":[]}
{"action":3,"origin":"ch93","date":"2023-08-24T21:35:04","phones":[],"objects":[],"characters":[91,93],"vehicles":[],"interiors":[],"accounts":[],"content":"por eso las tuberias","factions":[]}
{"action":40,"origin":"ch93","date":"2023-08-24T21:35:14","phones":[],"objects":[],"characters":[91,93],"vehicles":[],"interiors":[],"accounts":[],"content":"Alejandro Varela se abrocha el cintur칩n de seguridad.","factions":[]}
{"action":3,"origin":"ch91","date":"2023-08-24T21:35:15","phones":[],"objects":[],"characters":[91,93],"vehicles":[],"interiors":[],"accounts":[],"content":"me vi los nombres con eso me voy a guiar","factions":[]}
{"action":40,"origin":"ch93","date":"2023-08-24T21:35:16","phones":[],"objects":[],"characters":[91,93],"vehicles":[],"interiors":[],"accounts":[],"content":"Alejandro Varela rolls their windows down.","factions":[]}
{"action":40,"origin":"ch91","date":"2023-08-24T21:35:23","phones":[],"objects":[],"characters":[91,93],"vehicles":[],"interiors":[],"accounts":[],"content":"Martin Dreko se abrocha el cintur칩n de seguridad.","factions":[]}
{"action":13,"origin":"ch93","date":"2023-08-24T21:35:28","phones":[],"objects":[],"characters":[91,93],"vehicles":[],"interiors":[],"accounts":[],"content":"Se escuchar칤a una serie de fuertes disparos de sub fusil, que resuenan en los alrededores","factions":[]}
{"action":39,"origin":"ch93","date":"2023-08-24T21:35:32","phones":[],"objects":[],"characters":[93],"vehicles":[],"interiors":[],"accounts":[],"content":"Alejandro_Varela -> ~World #5273 - Carcasa de la c치scara - 8 casings of 9mm @ (2019.2189, -1756.4559, 12.382813) in (int 0, dim 0)","factions":[]}
{"action":7,"origin":"ch91","date":"2023-08-24T21:35:32","phones":[],"objects":[],"characters":[91,93],"vehicles":[],"interiors":[],"accounts":[],"content":"English: Eso","factions":[]}
{"action":39,"origin":"ch93","date":"2023-08-24T21:35:33","phones":[],"objects":[],"characters":[93],"vehicles":[],"interiors":[],"accounts":[],"content":"Alejandro_Varela -> ~World #5274 - Carcasa de la c치scara - 9mm casing @ (2019.1577, -1756.4492, 12.382813) in (int 0, dim 0)","factions":[]}
{"action":7,"origin":"ch91","date":"2023-08-24T21:35:33","phones":[],"objects":[],"characters":[91,93],"vehicles":[],"interiors":[],"accounts":[],"content":"English: Es nuevo","factions":[]}
{"action":40,"origin":"ch93","date":"2023-08-24T21:35:35","phones":[],"objects":[],"characters":[91,93],"vehicles":[],"interiors":[],"accounts":[],"content":"Alejandro Varela se desabrocha el cintur칩n de seguridad.","factions":[]}
{"action":40,"origin":"ch91","date":"2023-08-24T21:35:36","phones":[],"objects":[],"characters":[91,93],"vehicles":[],"interiors":[],"accounts":[],"content":"Martin Dreko se desabrocha el cintur칩n de seguridad.","factions":[]}
{"action":39,"origin":"ch93","date":"2023-08-24T21:35:39","phones":[],"objects":[],"characters":[93],"vehicles":[],"interiors":[],"accounts":[],"content":"Alejandro_Varela -> ~World #5275 - Carcasa de la c치scara - 4 casings of 5.56mm @ (2017.7844, -1765.0128, 12.55368) in (int 0, dim 0)","factions":[]}
{"action":40,"origin":"ch91","date":"2023-08-24T21:35:44","phones":[],"objects":[],"characters":[91,93],"vehicles":[],"interiors":[],"accounts":[],"content":"Martin Dreko reloads his Colt 45.","factions":[]}
{"action":39,"origin":"ch91","date":"2023-08-24T21:35:51","phones":[],"objects":[],"characters":[91],"vehicles":[],"interiors":[],"accounts":[],"content":"Martin_Dreko -> ~World #5276 - Carcasa de la c치scara - 9mm casing @ (2018.4247, -1779.5504, 12.546875) in (int 0, dim 0)","factions":[]}
{"action":7,"origin":"ch91","date":"2023-08-24T21:36:00","phones":[],"objects":[],"characters":[91,93],"vehicles":[],"interiors":[],"accounts":[],"content":"English: God","factions":[]}
{"action":7,"origin":"ch93","date":"2023-08-24T21:36:06","phones":[],"objects":[],"characters":[93,91],"vehicles":[],"interiors":[],"accounts":[],"content":"English: Algopara una padnilals","factions":[]}
{"action":39,"origin":"ch93","date":"2023-08-24T21:36:08","phones":[],"objects":[],"characters":[93],"vehicles":[],"interiors":[],"accounts":[],"content":"Alejandro_Varela -> ~World #5277 - Carcasa de la c치scara - 12 Gauge casing @ (2005.5153, -1779.1975, 16.349312) in (int 0, dim 0)","factions":[]}
{"action":39,"origin":"ch93","date":"2023-08-24T21:36:12","phones":[],"objects":[],"characters":[93],"vehicles":[],"interiors":[],"accounts":[],"content":"Alejandro_Varela -> ~World #5278 - Carcasa de la c치scara - 12 Gauge casing @ (2015.7916, -1768.3517, 16.937113) in (int 0, dim 0)","factions":[]}
{"action":39,"origin":"ch93","date":"2023-08-24T21:36:14","phones":[],"objects":[],"characters":[93],"vehicles":[],"interiors":[],"accounts":[],"content":"Alejandro_Varela -> ~World #5279 - Carcasa de la c치scara - 12 Gauge casing @ (2015.8275, -1767.4601, 16.937113) in (int 0, dim 0)","factions":[]}
{"action":3,"origin":"ch91","date":"2023-08-24T21:36:14","phones":[],"objects":[],"characters":[91,93],"vehicles":[],"interiors":[],"accounts":[],"content":"le da ambiente almeno","factions":[]}
{"action":39,"origin":"ch93","date":"2023-08-24T21:36:18","phones":[],"objects":[],"characters":[93],"vehicles":[],"interiors":[],"accounts":[],"content":"Alejandro_Varela -> ~World #5280 - Carcasa de la c치scara - 12 Gauge casing @ (2018.0901, -1760.0765, 12.546875) in (int 0, dim 0)","factions":[]}
{"action":4,"origin":"ch91","date":"2023-08-24T21:36:18","phones":[],"objects":[],"characters":[91],"vehicles":[],"interiors":[],"accounts":[],"content":"AHEAL 100","factions":[]}
{"action":39,"origin":"ch93","date":"2023-08-24T21:36:20","phones":[],"objects":[],"characters":[93],"vehicles":[],"interiors":[],"accounts":[],"content":"Alejandro_Varela -> ~World #5281 - Carcasa de la c치scara - 12 Gauge casing @ (2018.5092, -1758.5325, 12.546875) in (int 0, dim 0)","factions":[]}
{"action":40,"origin":"ch91","date":"2023-08-24T21:36:20","phones":[],"objects":[],"characters":[91,93],"vehicles":[],"interiors":[],"accounts":[],"content":"Martin Dreko su cabeza ha sido golpeada.","factions":[]}
{"action":34,"origin":"ch91","date":"2023-08-24T21:36:20","phones":[],"objects":[],"characters":[91,93],"vehicles":[],"interiors":[],"accounts":[],"content":" ha muerto por Alejandro Varela (Shotgun)","factions":[]}
{"action":39,"origin":"ch93","date":"2023-08-24T21:36:21","phones":[],"objects":[],"characters":[93],"vehicles":[],"interiors":[],"accounts":[],"content":"Alejandro_Varela -> ~World #5282 - Carcasa de la c치scara - 12 Gauge casing @ (2018.5031, -1759.2531, 12.546875) in (int 0, dim 0)","factions":[]}
{"action":3,"origin":"ch91","date":"2023-08-24T21:36:22","phones":[],"objects":[],"characters":[91,93],"vehicles":[],"interiors":[],"accounts":[],"content":"a","factions":[]}
{"action":39,"origin":"ch93","date":"2023-08-24T21:36:22","phones":[],"objects":[],"characters":[93],"vehicles":[],"interiors":[],"accounts":[],"content":"Alejandro_Varela -> ~World #5283 - Carcasa de la c치scara - 12 Gauge casing @ (2018.4783, -1762.1584, 12.546875) in (int 0, dim 0)","factions":[]}
{"action":39,"origin":"ch93","date":"2023-08-24T21:36:24","phones":[],"objects":[],"characters":[93],"vehicles":[],"interiors":[],"accounts":[],"content":"Alejandro_Varela -> ~World #5284 - Carcasa de la c치scara - 12 Gauge casing @ (2018.1489, -1765.9287, 12.55368) in (int 0, dim 0)","factions":[]}
{"action":4,"origin":"ch91","date":"2023-08-24T21:36:25","phones":[],"objects":[],"characters":[91],"vehicles":[],"interiors":[],"accounts":[],"content":"REVIVED from PK","factions":[]}
{"action":40,"origin":"ch93","date":"2023-08-24T21:36:37","phones":[],"objects":[],"characters":[91,93],"vehicles":[],"interiors":[],"accounts":[],"content":"Alejandro Varela se abrocha el cintur칩n de seguridad.","factions":[]}
{"action":40,"origin":"ch91","date":"2023-08-24T21:36:37","phones":[],"objects":[],"characters":[91,93],"vehicles":[],"interiors":[],"accounts":[],"content":"Martin Dreko se abrocha el cintur칩n de seguridad.","factions":[]}
{"action":13,"origin":"ch93","date":"2023-08-24T21:36:52","phones":[],"objects":[],"characters":[91,93],"vehicles":[],"interiors":[],"accounts":[],"content":"Se escuchar칤a una serie de fuertes disparos de sub fusil, que resuenan en los alrededores","factions":[]}
{"action":39,"origin":"ch93","date":"2023-08-24T21:36:53","phones":[],"objects":[],"characters":[93],"vehicles":[],"interiors":[],"accounts":[],"content":"Alejandro_Varela -> ~World #5285 - Carcasa de la c치scara - 9mm casing @ (2222.4431, -1867.9639, 12.382813) in (int 0, dim 0)","factions":[]}
{"action":39,"origin":"ch93","date":"2023-08-24T21:36:55","phones":[],"objects":[],"characters":[93],"vehicles":[],"interiors":[],"accounts":[],"content":"Alejandro_Varela -> ~World #5286 - Carcasa de la c치scara - 9mm casing @ (2221.1887, -1835.9939, 12.195313) in (int 0, dim 0)","factions":[]}
{"action":39,"origin":"ch93","date":"2023-08-24T21:36:59","phones":[],"objects":[],"characters":[93],"vehicles":[],"interiors":[],"accounts":[],"content":"Alejandro_Varela -> ~World #5287 - Carcasa de la c치scara - 9 casings of 9mm @ (2217.5569, -1773.9045, 12.313318) in (int 0, dim 0)","factions":[]}
{"action":39,"origin":"ch93","date":"2023-08-24T21:37:02","phones":[],"objects":[],"characters":[93],"vehicles":[],"interiors":[],"accounts":[],"content":"Alejandro_Varela -> ~World #5288 - Carcasa de la c치scara - 3 casings of 9mm @ (2217.5725, -1774.1835, 12.311388) in (int 0, dim 0)","factions":[]}
{"action":39,"origin":"ch93","date":"2023-08-24T21:37:06","phones":[],"objects":[],"characters":[93],"vehicles":[],"interiors":[],"accounts":[],"content":"Alejandro_Varela -> ~World #5289 - Carcasa de la c치scara - 4 casings of 9mm @ (2217.5725, -1774.1836, 12.311387) in (int 0, dim 0)","factions":[]}
{"action":39,"origin":"ch93","date":"2023-08-24T21:37:14","phones":[],"objects":[],"characters":[93],"vehicles":[],"interiors":[],"accounts":[],"content":"Alejandro_Varela -> ~World #5290 - Carcasa de la c치scara - 3 casings of 9mm @ (2217.5725, -1774.1836, 12.311387) in (int 0, dim 0)","factions":[]}
{"action":7,"origin":"ch91","date":"2023-08-24T21:37:22","phones":[],"objects":[],"characters":[91,93],"vehicles":[],"interiors":[],"accounts":[],"content":"English: El barrio chino","factions":[]}
{"action":39,"origin":"ch93","date":"2023-08-24T21:37:23","phones":[],"objects":[],"characters":[93],"vehicles":[],"interiors":[],"accounts":[],"content":"Alejandro_Varela -> ~World #5291 - Carcasa de la c치scara - 5.56mm casing @ (2216.6106, -1757.4062, 12.397467) in (int 0, dim 0)","factions":[]}
{"action":39,"origin":"ch93","date":"2023-08-24T21:37:24","phones":[],"objects":[],"characters":[93],"vehicles":[],"interiors":[],"accounts":[],"content":"Alejandro_Varela -> ~World #5292 - Carcasa de la c치scara - 5.56mm casing @ (2210.6304, -1740.2577, 12.352625) in (int 0, dim 0)","factions":[]}
{"action":39,"origin":"ch93","date":"2023-08-24T21:37:30","phones":[],"objects":[],"characters":[93],"vehicles":[],"interiors":[],"accounts":[],"content":"Alejandro_Varela -> ~World #5293 - Carcasa de la c치scara - 5.56mm casing @ (2074.887, -1752.3564, 12.382813) in (int 0, dim 0)","factions":[]}
{"action":39,"origin":"ch93","date":"2023-08-24T21:37:36","phones":[],"objects":[],"characters":[93],"vehicles":[],"interiors":[],"accounts":[],"content":"Alejandro_Varela -> ~World #5294 - Carcasa de la c치scara - 7 casings of 5.56mm @ (1843.7997, -1750.5792, 12.382813) in (int 0, dim 0)","factions":[]}
{"action":39,"origin":"ch93","date":"2023-08-24T21:37:40","phones":[],"objects":[],"characters":[93],"vehicles":[],"interiors":[],"accounts":[],"content":"Alejandro_Varela -> ~World #5295 - Carcasa de la c치scara - 3 casings of 5.56mm @ (1768.9683, -1730.5757, 12.382813) in (int 0, dim 0)","factions":[]}
{"action":39,"origin":"ch93","date":"2023-08-24T21:37:48","phones":[],"objects":[],"characters":[93],"vehicles":[],"interiors":[],"accounts":[],"content":"Alejandro_Varela -> ~World #5296 - Carcasa de la c치scara - 5 casings of 5.56mm @ (1458.5826, -1730.4812, 12.382813) in (int 0, dim 0)","factions":[]}
{"action":39,"origin":"ch93","date":"2023-08-24T21:37:50","phones":[],"objects":[],"characters":[93],"vehicles":[],"interiors":[],"accounts":[],"content":"Alejandro_Varela -> ~World #5297 - Carcasa de la c치scara - 3 casings of 5.56mm @ (1381.9185, -1731.4901, 12.382813) in (int 0, dim 0)","factions":[]}
{"action":13,"origin":"ch93","date":"2023-08-24T21:37:52","phones":[],"objects":[],"characters":[91,93],"vehicles":[],"interiors":[],"accounts":[],"content":"Se escuchar칤a una serie de fuertes disparos de fusil, que resuenan en los alrededores","factions":[]}
{"action":39,"origin":"ch93","date":"2023-08-24T21:37:53","phones":[],"objects":[],"characters":[93],"vehicles":[],"interiors":[],"accounts":[],"content":"Alejandro_Varela -> ~World #5298 - Carcasa de la c치scara - 10 casings of 5.56mm @ (1339.6829, -1745.1909, 12.547281) in (int 0, dim 0)","factions":[]}
{"action":39,"origin":"ch93","date":"2023-08-24T21:38:02","phones":[],"objects":[],"characters":[93],"vehicles":[],"interiors":[],"accounts":[],"content":"Alejandro_Varela -> ~World #5299 - Carcasa de la c치scara - 6 casings of 5.56mm @ (1309.6537, -1641.7406, 12.382813) in (int 0, dim 0)","factions":[]}
{"action":7,"origin":"ch93","date":"2023-08-24T21:38:05","phones":[],"objects":[],"characters":[93,91],"vehicles":[],"interiors":[],"accounts":[],"content":"English: Que es eso","factions":[]}
{"action":39,"origin":"ch93","date":"2023-08-24T21:38:08","phones":[],"objects":[],"characters":[93],"vehicles":[],"interiors":[],"accounts":[],"content":"Alejandro_Varela -> ~World #5300 - Carcasa de la c치scara - 3 casings of 5.56mm @ (1333.7775, -1501.5505, 12.390608) in (int 0, dim 0)","factions":[]}
{"action":7,"origin":"ch91","date":"2023-08-24T21:38:14","phones":[],"objects":[],"characters":[91,93],"vehicles":[],"interiors":[],"accounts":[],"content":"English: Estas vallas no taban","factions":[]}
{"action":7,"origin":"ch93","date":"2023-08-24T21:38:15","phones":[],"objects":[],"characters":[93,91],"vehicles":[],"interiors":[],"accounts":[],"content":"English: El npc","factions":[]}
{"action":39,"origin":"ch93","date":"2023-08-24T21:38:19","phones":[],"objects":[],"characters":[93],"vehicles":[],"interiors":[],"accounts":[],"content":"Alejandro_Varela -> ~World #5301 - Carcasa de la c치scara - 3 casings of 5.56mm @ (1310.8726, -1643.2057, 12.382813) in (int 0, dim 0)","factions":[]}
{"action":7,"origin":"ch91","date":"2023-08-24T21:38:22","phones":[],"objects":[],"characters":[91,93],"vehicles":[],"interiors":[],"accounts":[],"content":"English: Q","factions":[]}
{"action":39,"origin":"ch93","date":"2023-08-24T21:38:26","phones":[],"objects":[],"characters":[93],"vehicles":[],"interiors":[],"accounts":[],"content":"Alejandro_Varela -> ~World #5302 - Carcasa de la c치scara - 10 casings of 5.56mm @ (1312.1666, -1803.9248, 12.382813) in (int 0, dim 0)","factions":[]}
{"action":39,"origin":"ch93","date":"2023-08-24T21:38:28","phones":[],"objects":[],"characters":[93],"vehicles":[],"interiors":[],"accounts":[],"content":"Alejandro_Varela -> ~World #5303 - Carcasa de la c치scara - 4 casings of 5.56mm @ (1305.8794, -1849.6003, 12.390608) in (int 0, dim 0)","factions":[]}
{"action":39,"origin":"ch93","date":"2023-08-24T21:38:32","phones":[],"objects":[],"characters":[93],"vehicles":[],"interiors":[],"accounts":[],"content":"Alejandro_Varela -> ~World #5304 - Carcasa de la c치scara - 11 casings of 5.56mm @ (1294.8848, -1749.0562, 12.382813) in (int 0, dim 0)","factions":[]}
{"action":39,"origin":"ch93","date":"2023-08-24T21:38:36","phones":[],"objects":[],"characters":[93],"vehicles":[],"interiors":[],"accounts":[],"content":"Alejandro_Varela -> ~World #5305 - Carcasa de la c치scara - 5.56mm casing @ (1296.1295, -1679.0858, 12.382813) in (int 0, dim 0)","factions":[]}
{"action":40,"origin":"ch91","date":"2023-08-24T21:38:37","phones":[],"objects":[],"characters":[91,93],"vehicles":[],"interiors":[],"accounts":[],"content":"Martin Dreko se desabrocha el cintur칩n de seguridad.","factions":[]}
{"action":40,"origin":"ch93","date":"2023-08-24T21:38:38","phones":[],"objects":[],"characters":[91,93],"vehicles":[],"interiors":[],"accounts":[],"content":"Alejandro Varela se desabrocha el cintur칩n de seguridad.","factions":[]}
{"action":39,"origin":"ch93","date":"2023-08-24T21:38:49","phones":[],"objects":[],"characters":[93],"vehicles":[],"interiors":[],"accounts":[],"content":"Alejandro_Varela -> ~World #5306 - Carcasa de la c치scara - 35 casings of 5.56mm @ (1295.8359, -1686.0149, 12.382813) in (int 0, dim 0)","factions":[]}
{"action":3,"origin":"ch91","date":"2023-08-24T21:38:54","phones":[],"objects":[],"characters":[91,93],"vehicles":[],"interiors":[],"accounts":[],"content":"no hace na","factions":[]}
{"action":4,"origin":"ch93","date":"2023-08-24T21:39:04","phones":[],"objects":[],"characters":[93],"vehicles":[],"interiors":[],"accounts":[],"content":"FREECAM","factions":[]}
{"action":13,"origin":"ch93","date":"2023-08-24T21:39:21","phones":[],"objects":[],"characters":[91,93],"vehicles":[],"interiors":[],"accounts":[],"content":"Se escuchar칤a una serie de fuertes disparos de fusil, que resuenan en los alrededores","factions":[]}
{"action":39,"origin":"ch93","date":"2023-08-24T21:39:22","phones":[],"objects":[],"characters":[93],"vehicles":[],"interiors":[],"accounts":[],"content":"Alejandro_Varela -> ~World #5307 - Carcasa de la c치scara - 3 casings of 5.56mm @ (1251.5653, -1657.5055, 11.671875) in (int 0, dim 0)","factions":[]}
{"action":39,"origin":"ch93","date":"2023-08-24T21:39:26","phones":[],"objects":[],"characters":[93],"vehicles":[],"interiors":[],"accounts":[],"content":"Alejandro_Varela -> ~World #5308 - Carcasa de la c치scara - 9 casings of 9mm @ (1262.6968, -1652.6335, 12.546875) in (int 0, dim 0)","factions":[]}
{"action":39,"origin":"ch93","date":"2023-08-24T21:39:30","phones":[],"objects":[],"characters":[93],"vehicles":[],"interiors":[],"accounts":[],"content":"Alejandro_Varela -> ~World #5309 - Carcasa de la c치scara - 19 casings of 9mm @ (1269.5437, -1645.7292, 12.546875) in (int 0, dim 0)","factions":[]}
{"action":3,"origin":"ch91","date":"2023-08-24T21:39:42","phones":[],"objects":[],"characters":[91,93],"vehicles":[],"interiors":[],"accounts":[],"content":"de ambiente sirve","factions":[]}
{"action":3,"origin":"ch91","date":"2023-08-24T21:39:45","phones":[],"objects":[],"characters":[91,93],"vehicles":[],"interiors":[],"accounts":[],"content":"kyc","factions":[]}
{"action":7,"origin":"ch91","date":"2023-08-24T21:40:07","phones":[],"objects":[],"characters":[91,93],"vehicles":[],"interiors":[],"accounts":[],"content":"English: Xd","factions":[]}
{"action":40,"origin":"ch91","date":"2023-08-24T21:40:17","phones":[],"objects":[],"characters":[91,93],"vehicles":[],"interiors":[],"accounts":[],"content":"Martin Dreko se abrocha el cintur칩n de seguridad.","factions":[]}
{"action":39,"origin":"ch93","date":"2023-08-24T21:40:22","phones":[],"objects":[],"characters":[93],"vehicles":[],"interiors":[],"accounts":[],"content":"Alejandro_Varela -> ~World #5310 - Carcasa de la c치scara - 5.56mm casing @ (1314.5409, -1506.9116, 12.382813) in (int 0, dim 0)","factions":[]}
{"action":13,"origin":"ch93","date":"2023-08-24T21:40:22","phones":[],"objects":[],"characters":[91,93],"vehicles":[],"interiors":[],"accounts":[],"content":"Se escuchar칤a una serie de fuertes disparos de fusil, que resuenan en los alrededores","factions":[]}
{"action":39,"origin":"ch93","date":"2023-08-24T21:40:26","phones":[],"objects":[],"characters":[93],"vehicles":[],"interiors":[],"accounts":[],"content":"Alejandro_Varela -> ~World #5311 - Carcasa de la c치scara - 10 casings of 5.56mm @ (1349.2892, -1408.6853, 12.343962) in (int 0, dim 0)","factions":[]}
{"action":39,"origin":"ch93","date":"2023-08-24T21:40:32","phones":[],"objects":[],"characters":[93],"vehicles":[],"interiors":[],"accounts":[],"content":"Alejandro_Varela -> ~World #5312 - Carcasa de la c치scara - 2 casings of 9mm @ (1355.6443, -1273.512, 12.382813) in (int 0, dim 0)","factions":[]}
{"action":39,"origin":"ch93","date":"2023-08-24T21:40:41","phones":[],"objects":[],"characters":[93],"vehicles":[],"interiors":[],"accounts":[],"content":"Alejandro_Varela -> ~World #5313 - Carcasa de la c치scara - 30 casings of 9mm @ (1457.2642, -1261.7124, 12.382813) in (int 0, dim 0)","factions":[]}
{"action":39,"origin":"ch93","date":"2023-08-24T21:40:45","phones":[],"objects":[],"characters":[93],"vehicles":[],"interiors":[],"accounts":[],"content":"Alejandro_Varela -> ~World #5314 - Carcasa de la c치scara - 12 Gauge casing @ (1446.6592, -1327.6412, 12.546875) in (int 0, dim 0)","factions":[]}
{"action":7,"origin":"ch91","date":"2023-08-24T21:40:46","phones":[],"objects":[],"characters":[91,93],"vehicles":[],"interiors":[],"accounts":[],"content":"English: O","factions":[]}
{"action":7,"origin":"ch91","date":"2023-08-24T21:40:49","phones":[],"objects":[],"characters":[91,93],"vehicles":[],"interiors":[],"accounts":[],"content":"English: Esto estaba igual","factions":[]}
{"action":40,"origin":"ch91","date":"2023-08-24T21:40:52","phones":[],"objects":[],"characters":[91,93],"vehicles":[],"interiors":[],"accounts":[],"content":"Martin Dreko se desabrocha el cintur칩n de seguridad.","factions":[]}
{"action":7,"origin":"ch91","date":"2023-08-24T21:40:54","phones":[],"objects":[],"characters":[91,93],"vehicles":[],"interiors":[],"accounts":[],"content":"English: Pero capaz tiene algo nuev","factions":[]}
{"action":3,"origin":"ch91","date":"2023-08-24T21:41:04","phones":[],"objects":[],"characters":[91,93],"vehicles":[],"interiors":[],"accounts":[],"content":"a","factions":[]}
{"action":39,"origin":"ch93","date":"2023-08-24T21:41:09","phones":[],"objects":[],"characters":[93],"vehicles":[],"interiors":[],"accounts":[],"content":"Alejandro_Varela -> ~World #5315 - Carcasa de la c치scara - 12 Gauge casing @ (1446.4635, -1326.6322, 12.546875) in (int 0, dim 0)","factions":[]}
{"action":39,"origin":"ch93","date":"2023-08-24T21:41:10","phones":[],"objects":[],"characters":[93],"vehicles":[],"interiors":[],"accounts":[],"content":"Alejandro_Varela -> ~World #5316 - Carcasa de la c치scara - 12 Gauge casing @ (1446.7258, -1327.3416, 12.546875) in (int 0, dim 0)","factions":[]}
{"action":39,"origin":"ch93","date":"2023-08-24T21:41:11","phones":[],"objects":[],"characters":[93],"vehicles":[],"interiors":[],"accounts":[],"content":"Alejandro_Varela -> ~World #5317 - Carcasa de la c치scara - 12 Gauge casing @ (1446.7296, -1327.3456, 12.546875) in (int 0, dim 0)","factions":[]}
{"action":3,"origin":"ch91","date":"2023-08-24T21:41:38","phones":[],"objects":[],"characters":[91,93],"vehicles":[],"interiors":[],"accounts":[],"content":"esta bueno tmb es tipo un centro","factions":[]}
{"action":7,"origin":"ch91","date":"2023-08-24T21:42:16","phones":[],"objects":[],"characters":[91,93],"vehicles":[],"interiors":[],"accounts":[],"content":"English: Revisa si encuentras algo mas por ahi","factions":[]}
{"action":7,"origin":"ch91","date":"2023-08-24T21:42:20","phones":[],"objects":[],"characters":[91,93],"vehicles":[],"interiors":[],"accounts":[],"content":"English: Voy a comer y vengo","factions":[]}
{"action":13,"origin":"ch93","date":"2023-08-24T21:42:44","phones":[],"objects":[],"characters":[91,93],"vehicles":[],"interiors":[],"accounts":[],"content":"Se escuchar칤a una serie de fuertes disparos de escopeta, que resuenan en los alrededores","factions":[]}
{"action":39,"origin":"ch93","date":"2023-08-24T21:42:45","phones":[],"objects":[],"characters":[93],"vehicles":[],"interiors":[],"accounts":[],"content":"Alejandro_Varela -> ~World #5318 - Carcasa de la c치scara - 12 Gauge casing @ (1658.4371, -1444.3011, 12.382813) in (int 0, dim 0)","factions":[]}
{"action":8,"origin":"ch93","date":"2023-08-24T21:45:30","phones":[],"objects":[],"characters":[91,93],"vehicles":[],"interiors":[],"accounts":[],"content":"tiene int y todo","factions":[]}
{"action":8,"origin":"ch93","date":"2023-08-24T21:45:33","phones":[],"objects":[],"characters":[91,93],"vehicles":[],"interiors":[],"accounts":[],"content":"pareced e una secta","factions":[]}
{"action":3,"origin":"ch93","date":"2023-08-24T21:46:37","phones":[],"objects":[],"characters":[91,93],"vehicles":[],"interiors":[],"accounts":[],"content":"pd revisa en el map-system nuevo pq alli tmb deberian haber mapas de la owl original","factions":[]}
{"action":3,"origin":"ch93","date":"2023-08-24T21:47:28","phones":[],"objects":[],"characters":[91,93],"vehicles":[],"interiors":[],"accounts":[],"content":"luego de que veas ese, ve este","factions":[]}
{"action":27,"origin":"ac72","date":"2023-08-24T21:49:33","phones":[],"objects":[],"characters":[93],"vehicles":[],"interiors":[],"accounts":[72],"content":"Disconnected (Quit) (Name: Alejandro_Varela)","factions":[]}
{"action":3,"origin":"ch91","date":"2023-08-24T21:51:37","phones":[],"objects":[],"characters":[91],"vehicles":[],"interiors":[],"accounts":[],"content":"OLA","factions":[]}
{"action":3,"origin":"ch91","date":"2023-08-24T21:51:41","phones":[],"objects":[],"characters":[91],"vehicles":[],"interiors":[],"accounts":[],"content":"yesto","factions":[]}
{"action":3,"origin":"ch91","date":"2023-08-24T21:52:03","phones":[],"objects":[],"characters":[91],"vehicles":[],"interiors":[],"accounts":[],"content":"el castillito","factions":[]}
{"action":3,"origin":"ch91","date":"2023-08-24T21:52:07","phones":[],"objects":[],"characters":[91],"vehicles":[],"interiors":[],"accounts":[],"content":"JAJAJA","factions":[]}
{"action":40,"origin":"ch91","date":"2023-08-24T23:21:40","phones":[],"objects":[],"characters":[91],"vehicles":[],"interiors":[],"accounts":[],"content":"Martin Dreko su pierna izquierda ha sido golpeada.","factions":[]}
{"action":4,"origin":"ch91","date":"2023-08-24T23:21:44","phones":[],"objects":[],"characters":[91],"vehicles":[],"interiors":[],"accounts":[],"content":"AHEAL 100","factions":[]}
{"action":4,"origin":"ch91","date":"2023-08-24T23:24:24","phones":[],"objects":[],"characters":[91],"vehicles":[],"interiors":[],"accounts":[],"content":"FREECAM","factions":[]}
{"action":4,"origin":"ch91","date":"2023-08-24T23:41:37","phones":[],"objects":[],"characters":[91],"vehicles":[],"interiors":[],"accounts":[],"content":"FREECAM","factions":[]}
{"action":40,"origin":"ch91","date":"2023-08-24T23:50:35","phones":[],"objects":[],"characters":[91],"vehicles":[],"interiors":[],"accounts":[],"content":"Martin Dreko mira su Reloj.","factions":[]}
{"action":27,"origin":"ac70","date":"2023-08-25T01:13:30","phones":[],"objects":[],"characters":[91],"vehicles":[],"interiors":[],"accounts":[70],"content":"Disconnected (Quit) (Name: Martin_Dreko)","factions":[]}
