{"action":27,"origin":"ac1","date":"2021-10-07T15:55:10","phones":[],"objects":[],"characters":[],"vehicles":[],"interiors":[],"accounts":[1],"content":"Conectado desde 26.159.76.54 - 6EC9AEABE01AAB0798611259447BA2A2","factions":[]}
{"action":6,"origin":"SYSTEM","date":"2021-10-07T16:00:42","phones":[],"objects":[],"characters":[],"vehicles":[226],"interiors":[],"accounts":[],"content":"Deleted by Inactivity Scanner. Reason: Inactive Vehicle | Last used 24 days ago while parking outdoors","factions":[]}
{"action":6,"origin":"SYSTEM","date":"2021-10-07T16:00:43","phones":[],"objects":[],"characters":[],"vehicles":[229],"interiors":[],"accounts":[],"content":"Deleted by Inactivity Scanner. Reason: Inactive Vehicle | Last used 25 days ago while parking outdoors","factions":[]}
{"action":6,"origin":"SYSTEM","date":"2021-10-07T16:00:43","phones":[],"objects":[],"characters":[],"vehicles":[260],"interiors":[],"accounts":[],"content":"Deleted by Inactivity Scanner. Reason: Inactive Vehicle | Last used 25 days ago while parking outdoors","factions":[]}
{"action":6,"origin":"SYSTEM","date":"2021-10-07T16:00:43","phones":[],"objects":[],"characters":[],"vehicles":[287],"interiors":[],"accounts":[],"content":"Deleted by Inactivity Scanner. Reason: Inactive Vehicle | Last used 25 days ago while parking outdoors","factions":[]}
{"action":27,"origin":"ac1","date":"2021-10-07T16:02:09","phones":[],"objects":[],"characters":[1],"vehicles":[],"interiors":[],"accounts":[1],"content":"Spawned","factions":[]}
{"action":6,"origin":"ch1","date":"2021-10-07T16:02:54","phones":[],"objects":[],"characters":[],"vehicles":[28],"interiors":[],"accounts":[],"content":"getveh","factions":[]}
{"action":6,"origin":"ch1","date":"2021-10-07T16:03:00","phones":[],"objects":[],"characters":[],"vehicles":[28],"interiors":[],"accounts":[],"content":"RESPAWN","factions":[]}
{"action":6,"origin":"ch1","date":"2021-10-07T16:03:05","phones":[],"objects":[],"characters":[],"vehicles":[38],"interiors":[],"accounts":[],"content":"getveh","factions":[]}
{"action":31,"origin":"ch1","date":"2021-10-07T16:03:14","phones":[],"objects":[],"characters":[1],"vehicles":[38],"interiors":[],"accounts":[],"content":"STARTED ENGINE","factions":[]}
{"action":40,"origin":"ch1","date":"2021-10-07T16:03:15","phones":[],"objects":[],"characters":[1],"vehicles":[],"interiors":[],"accounts":[],"content":"Rufus Sewell se abrocha el cinturón de seguridad.","factions":[]}
{"action":31,"origin":"ch1","date":"2021-10-07T16:03:25","phones":[],"objects":[],"characters":[1],"vehicles":[38],"interiors":[368],"accounts":[],"content":"ENTERED\/EXITED","factions":[]}
{"action":31,"origin":"ch1","date":"2021-10-07T16:03:45","phones":[],"objects":[],"characters":[1],"vehicles":[38],"interiors":[368],"accounts":[],"content":"ENTERED\/EXITED","factions":[]}
{"action":26,"origin":"ch1","date":"2021-10-07T16:05:34","phones":[],"objects":[],"characters":[1],"vehicles":[],"interiors":[],"accounts":[],"content":"Purchase logs: Automatically open any road tolling from 40 meters away - Cost: -150 GCs","factions":[]}
{"action":4,"origin":"ch1","date":"2021-10-07T16:07:06","phones":[],"objects":[],"characters":[1],"vehicles":[],"interiors":[],"accounts":[],"content":"AHEAL 100","factions":[]}
{"action":6,"origin":"ch1","date":"2021-10-07T16:07:19","phones":[],"objects":[],"characters":[1],"vehicles":[38],"interiors":[],"accounts":[],"content":"FIXVEH","factions":[]}
{"action":40,"origin":"ch1","date":"2021-10-07T16:16:08","phones":[],"objects":[],"characters":[1],"vehicles":[],"interiors":[],"accounts":[],"content":"Rufus Sewell se desabrocha el cinturón de seguridad.","factions":[]}
{"action":40,"origin":"ch1","date":"2021-10-07T16:16:09","phones":[],"objects":[],"characters":[1],"vehicles":[],"interiors":[],"accounts":[],"content":"Rufus Sewell se abrocha el cinturón de seguridad.","factions":[]}
{"action":6,"origin":"ch1","date":"2021-10-07T16:16:43","phones":[],"objects":[],"characters":[1],"vehicles":[38],"interiors":[],"accounts":[],"content":"FIXVEH","factions":[]}
{"action":6,"origin":"ch1","date":"2021-10-07T16:17:49","phones":[],"objects":[],"characters":[1],"vehicles":[38],"interiors":[],"accounts":[],"content":"FIXVEH","factions":[]}
{"action":4,"origin":"ch1","date":"2021-10-07T16:17:51","phones":[],"objects":[],"characters":[1],"vehicles":[],"interiors":[],"accounts":[],"content":"AHEAL 100","factions":[]}
{"action":6,"origin":"ch1","date":"2021-10-07T16:18:06","phones":[],"objects":[],"characters":[1],"vehicles":[38],"interiors":[],"accounts":[],"content":"FIXVEH","factions":[]}
{"action":4,"origin":"ch1","date":"2021-10-07T16:18:06","phones":[],"objects":[],"characters":[1],"vehicles":[],"interiors":[],"accounts":[],"content":"AHEAL 100","factions":[]}
{"action":4,"origin":"ch1","date":"2021-10-07T16:19:09","phones":[],"objects":[],"characters":[1],"vehicles":[],"interiors":[],"accounts":[],"content":"AHEAL 100","factions":[]}
{"action":6,"origin":"ch1","date":"2021-10-07T16:19:10","phones":[],"objects":[],"characters":[1],"vehicles":[38],"interiors":[],"accounts":[],"content":"FIXVEH","factions":[]}
{"action":27,"origin":"ac1","date":"2021-10-07T16:23:41","phones":[],"objects":[],"characters":[1],"vehicles":[],"interiors":[],"accounts":[1],"content":"Disconnected (Quit) (Name: Rufus_Sewell)","factions":[]}
