{"action":27,"origin":"ac1","date":"2021-09-21T18:05:51","phones":[],"objects":[],"characters":[],"vehicles":[],"interiors":[],"accounts":[1],"content":"Conectado desde 192.168.0.108 - 6EC9AEABE01AAB0798611259447BA2A2","factions":[]}
{"action":27,"origin":"ac1","date":"2021-09-21T18:06:01","phones":[],"objects":[],"characters":[2],"vehicles":[],"interiors":[],"accounts":[1],"content":"Spawned","factions":[]}
{"action":4,"origin":"ch2","date":"2021-09-21T18:09:02","phones":[],"objects":[],"characters":[2],"vehicles":[],"interiors":[],"accounts":[],"content":"FREECAM","factions":[]}
{"action":37,"origin":"ch2","date":"2021-09-21T18:14:40","phones":[],"objects":[],"characters":[],"vehicles":[],"interiors":[402],"accounts":[],"content":"ADDINTERIOR T:2 I:195 C:0","factions":[]}
{"action":31,"origin":"ch2","date":"2021-09-21T18:14:42","phones":[],"objects":[],"characters":[2],"vehicles":[],"interiors":[402],"accounts":[],"content":"ENTERED","factions":[]}
{"action":31,"origin":"ch2","date":"2021-09-21T18:26:07","phones":[],"objects":[],"characters":[2],"vehicles":[],"interiors":[402],"accounts":[],"content":"EXITED","factions":[]}
{"action":6,"origin":"ch2","date":"2021-09-21T18:38:20","phones":[],"objects":[],"characters":[],"vehicles":[39],"interiors":[],"accounts":[],"content":"getveh","factions":[]}
{"action":31,"origin":"ch2","date":"2021-09-21T18:38:30","phones":[],"objects":[],"characters":[2],"vehicles":[39],"interiors":[],"accounts":[],"content":"STARTED ENGINE","factions":[]}
{"action":4,"origin":"ch2","date":"2021-09-21T18:38:51","phones":[],"objects":[],"characters":[2],"vehicles":[],"interiors":[],"accounts":[],"content":"SET INTO FACTION LEADER","factions":[3]}
{"action":40,"origin":"ch2","date":"2021-09-21T18:43:21","phones":[],"objects":[],"characters":[2],"vehicles":[],"interiors":[],"accounts":[],"content":"Bill Hollister se abrocha el cinturón de seguridad.","factions":[]}
{"action":40,"origin":"ch2","date":"2021-09-21T18:44:13","phones":[],"objects":[],"characters":[2],"vehicles":[],"interiors":[],"accounts":[],"content":"Bill Hollister se desabrocha el cinturón de seguridad.","factions":[]}
{"action":31,"origin":"ch2","date":"2021-09-21T18:44:17","phones":[],"objects":[],"characters":[2],"vehicles":[],"interiors":[262],"accounts":[],"content":"ENTERED","factions":[]}
{"action":31,"origin":"ch2","date":"2021-09-21T18:59:32","phones":[],"objects":[],"characters":[2],"vehicles":[],"interiors":[262],"accounts":[],"content":"EXITED","factions":[]}
{"action":4,"origin":"ch2","date":"2021-09-21T19:05:56","phones":[],"objects":[],"characters":[2],"vehicles":[],"interiors":[],"accounts":[],"content":"FREECAM","factions":[]}
{"action":4,"origin":"ch2","date":"2021-09-21T19:06:14","phones":[],"objects":[],"characters":[2],"vehicles":[],"interiors":[],"accounts":[],"content":"FREECAM","factions":[]}
{"action":4,"origin":"ch2","date":"2021-09-21T19:09:50","phones":[],"objects":[],"characters":[2],"vehicles":[],"interiors":[],"accounts":[],"content":"AHEAL 100","factions":[]}
{"action":27,"origin":"ac1","date":"2021-09-21T19:09:54","phones":[],"objects":[],"characters":[2],"vehicles":[],"interiors":[],"accounts":[1],"content":"Disconnected (Quit) (Name: Bill_Hollister)","factions":[]}
{"action":27,"origin":"ac1","date":"2021-09-21T19:59:01","phones":[],"objects":[],"characters":[],"vehicles":[],"interiors":[],"accounts":[1],"content":"Conectado desde 192.168.0.108 - 6EC9AEABE01AAB0798611259447BA2A2","factions":[]}
{"action":27,"origin":"ac1","date":"2021-09-21T19:59:19","phones":[],"objects":[],"characters":[2],"vehicles":[],"interiors":[],"accounts":[1],"content":"Spawned","factions":[]}
{"action":6,"origin":"ch2","date":"2021-09-21T19:59:50","phones":[],"objects":[],"characters":[],"vehicles":[39],"interiors":[],"accounts":[],"content":"getveh","factions":[]}
{"action":4,"origin":"ch2","date":"2021-09-21T20:00:11","phones":[],"objects":[],"characters":[2],"vehicles":[],"interiors":[],"accounts":[],"content":"GIVEMONEY 20000","factions":[]}
{"action":40,"origin":"ch2","date":"2021-09-21T20:00:21","phones":[],"objects":[],"characters":[2],"vehicles":[],"interiors":[],"accounts":[],"content":"Bill Hollister se abrocha el cinturón de seguridad.","factions":[]}
{"action":40,"origin":"ch2","date":"2021-09-21T20:00:24","phones":[],"objects":[],"characters":[2],"vehicles":[],"interiors":[],"accounts":[],"content":"Bill Hollister locks the vehicle doors.","factions":[]}
{"action":31,"origin":"ch2","date":"2021-09-21T20:00:24","phones":[],"objects":[],"characters":[],"vehicles":[39],"interiors":[],"accounts":[],"content":"LOCK FROM INSIDE","factions":[]}
{"action":27,"origin":"ac1","date":"2021-09-21T20:02:29","phones":[],"objects":[],"characters":[2],"vehicles":[],"interiors":[],"accounts":[1],"content":"Disconnected (Quit) (Name: Bill_Hollister)","factions":[]}
